Unloaded dependency: anaconda3/2020.11

CommandNotFoundError: Your shell has not been properly configured to use 'conda deactivate'.
To initialize your shell, run

    $ conda init <SHELL_NAME>

Currently supported shells are:
  - bash
  - fish
  - tcsh
  - xonsh
  - zsh
  - powershell

See 'conda init --help' for more information and options.

IMPORTANT: You may need to close and restart your shell after running 'conda init'.


Unloading the anaconda2 module (if loaded)...
Loaded dependency: anaconda3/2020.11
AI/Version: anaconda3.2020.11
-----------------------------

Description
-----------
The modulefile AI/anaconda3.2020.11 provides a unified, rich, anaconda3 based
environment for Artificial Intelligence(AI)/Machine Learning(ML)/Big Data(BD)
on top of based on Python 3.

Module contents
---------------
Several popular AI/ML/BD packages are included in this environment, such as:
    tensorflow-gpu, theano, keras-gpu, pytorch, opencv, pandas, scikit-learn,
scikit-image etc.

To check the full list of available packages in this environment, first
activate it and then run the command
    conda list

Main packages included in this module:
* astropy 4.2
* blas 1.0
* bokeh 2.2.3
* cudatoolkit 10.0.130
* cudnn 7.6.5
* h5py 2.8.0
* hdf5 1.10.2
* ipython 7.19.0
* jupyter 1.0.0
* jupyterlab 2.2.6
* keras-gpu 2.3.1
* matplotlib 3.3.2
* mkl 2019.4
* nccl 1.3.5
* networkx 2.5
* ninja 1.10.2
* nltk 3.5
* notebook 6.1.6
* numba 0.51.2
* numpy 1.17.0
* opencv 3.4.2
* pandas 1.2.0
* pillow 8.1.0
* pip 20.3.3
* python 3.8.5
* pytorch 1.5.0
* scikit-learn 0.23.2
* scipy 1.5.2
* seaborn 0.11.1
* tensorboard 1.15.0
* tensorflow-gpu 1.15.0
* theano 1.0.4

If you need to further customize this environment (e.g., install additional
packages, or upgrade a particular package),
you should first clone this environment as follows:
    conda create --prefix <path to a dir in which you can write> --clone
$AI_ENV
Then activate the newly spawned environment and proceed with your
customization.

To get further help with conda usage, you can try one of the following:
    conda -h
    conda <command> -h

Activate the module
-------------------
Before activating, make sure you are on a GPU node of Bridges2 if you wish to
use the components built to run on GPUs.
To activate the environment, run the following commands:
    # module load AI/anaconda3.2020.11
    source activate $AI_ENV
        # OR
    conda activate $AI_ENV # This might require you to run "conda init" first.

Dealing with mdnet_input/20210121_SUPNexttoShark/20210121_SUPNexttoShark_1_0.json
Frame 1/624, Score 4.078, Time 0.755
Frame 2/624, Score 3.764, Time 0.746
Frame 3/624, Score 4.153, Time 0.739
Frame 4/624, Score 3.594, Time 0.750
Frame 5/624, Score 3.920, Time 0.834
Frame 6/624, Score 3.640, Time 0.751
Frame 7/624, Score 3.743, Time 0.831
Frame 8/624, Score 4.396, Time 0.781
Frame 9/624, Score 3.776, Time 0.733
Frame 10/624, Score 3.802, Time 1.498
Frame 11/624, Score 5.275, Time 0.733
Frame 12/624, Score 5.713, Time 0.739
Frame 13/624, Score 5.127, Time 0.727
Frame 14/624, Score 5.310, Time 0.738
Frame 15/624, Score 5.332, Time 0.735
Frame 16/624, Score 5.191, Time 0.739
Frame 17/624, Score 5.305, Time 0.942
Frame 18/624, Score 5.477, Time 0.733
Frame 19/624, Score 5.737, Time 0.733
Frame 20/624, Score 5.786, Time 1.545
Frame 21/624, Score 8.910, Time 0.729
Frame 22/624, Score 8.945, Time 0.923
Frame 23/624, Score 8.034, Time 0.901
Frame 24/624, Score 8.746, Time 0.900
Frame 25/624, Score 7.495, Time 0.889
Frame 26/624, Score 8.350, Time 0.889
Frame 27/624, Score 7.906, Time 0.911
Frame 28/624, Score 8.511, Time 1.020
Frame 29/624, Score 8.368, Time 0.883
Frame 30/624, Score 7.735, Time 1.879
Frame 31/624, Score 8.960, Time 0.896
Frame 32/624, Score 8.745, Time 0.886
Frame 33/624, Score 7.828, Time 0.891
Frame 34/624, Score 8.460, Time 0.887
Frame 35/624, Score 8.439, Time 0.901
Frame 36/624, Score 7.787, Time 0.885
Frame 37/624, Score 8.296, Time 0.929
Frame 38/624, Score 9.099, Time 0.905
Frame 39/624, Score 9.021, Time 0.891
Frame 40/624, Score 8.575, Time 1.794
Frame 41/624, Score 14.477, Time 0.888
Frame 42/624, Score 14.015, Time 0.731
Frame 43/624, Score 14.333, Time 0.758
Frame 44/624, Score 14.302, Time 0.721
Frame 45/624, Score 13.215, Time 0.725
Frame 46/624, Score 13.206, Time 0.730
Frame 47/624, Score 13.805, Time 0.720
Frame 48/624, Score 13.655, Time 0.737
Frame 49/624, Score 13.660, Time 0.730
Frame 50/624, Score 13.527, Time 1.522
Frame 51/624, Score 13.114, Time 0.727
Frame 52/624, Score 13.280, Time 0.726
Frame 53/624, Score 13.194, Time 0.730
Frame 54/624, Score 13.271, Time 0.729
Frame 55/624, Score 12.738, Time 0.955
Frame 56/624, Score 12.519, Time 0.743
Frame 57/624, Score 13.199, Time 0.741
Frame 58/624, Score 12.753, Time 0.726
Frame 59/624, Score 13.890, Time 0.757
Frame 60/624, Score 13.574, Time 1.499
Frame 61/624, Score 11.765, Time 0.725
Frame 62/624, Score 12.700, Time 0.720
Frame 63/624, Score 12.551, Time 0.741
Frame 64/624, Score 12.659, Time 0.751
Frame 65/624, Score 12.457, Time 0.722
Frame 66/624, Score 12.636, Time 0.741
Frame 67/624, Score 12.912, Time 0.721
Frame 68/624, Score 13.764, Time 0.730
Frame 69/624, Score 13.517, Time 0.731
Frame 70/624, Score 12.623, Time 1.511
Frame 71/624, Score 12.446, Time 0.733
Frame 72/624, Score 13.522, Time 0.751
Frame 73/624, Score 13.735, Time 0.735
Frame 74/624, Score 12.104, Time 1.092
Frame 75/624, Score 13.130, Time 0.735
Frame 76/624, Score 13.430, Time 0.776
Frame 77/624, Score 13.176, Time 0.738
Frame 78/624, Score 13.993, Time 0.987
Frame 79/624, Score 13.139, Time 0.753
Frame 80/624, Score 13.566, Time 1.663
Frame 81/624, Score 12.464, Time 0.727
Frame 82/624, Score 12.832, Time 0.724
Frame 83/624, Score 12.072, Time 0.722
Frame 84/624, Score 11.743, Time 1.716
Frame 85/624, Score 11.702, Time 0.720
Frame 86/624, Score 12.817, Time 0.712
Frame 87/624, Score 12.458, Time 0.733
Frame 88/624, Score 12.886, Time 0.715
Frame 89/624, Score 11.712, Time 0.716
Frame 90/624, Score 12.026, Time 1.604
Frame 91/624, Score 12.635, Time 0.729
Frame 92/624, Score 12.199, Time 0.724
Frame 93/624, Score 12.105, Time 0.731
Frame 94/624, Score 12.411, Time 0.943
Frame 95/624, Score 12.744, Time 0.729
Frame 96/624, Score 12.561, Time 0.734
Frame 97/624, Score 12.137, Time 0.717
Frame 98/624, Score 11.467, Time 0.722
Frame 99/624, Score 13.063, Time 0.787
Frame 100/624, Score 12.012, Time 1.531
Frame 101/624, Score 14.284, Time 0.958
Frame 102/624, Score 14.489, Time 0.711
Frame 103/624, Score 14.674, Time 0.760
Frame 104/624, Score 14.567, Time 0.737
Frame 105/624, Score 14.631, Time 0.728
Frame 106/624, Score 15.087, Time 0.726
Frame 107/624, Score 15.111, Time 0.729
Frame 108/624, Score 14.726, Time 0.722
Frame 109/624, Score 15.003, Time 0.729
Frame 110/624, Score 14.735, Time 1.559
Frame 111/624, Score 13.593, Time 0.730
Frame 112/624, Score 13.353, Time 0.720
Frame 113/624, Score 13.108, Time 0.725
Frame 114/624, Score 13.736, Time 0.724
Frame 115/624, Score 13.174, Time 0.733
Frame 116/624, Score 13.571, Time 0.724
Frame 117/624, Score 12.244, Time 0.722
Frame 118/624, Score 12.807, Time 0.725
Frame 119/624, Score 12.131, Time 0.732
Frame 120/624, Score 11.738, Time 1.526
Frame 121/624, Score 11.682, Time 0.725
Frame 122/624, Score 11.325, Time 0.724
Frame 123/624, Score 11.811, Time 0.737
Frame 124/624, Score 12.298, Time 0.731
Frame 125/624, Score 12.223, Time 0.736
Frame 126/624, Score 11.828, Time 0.722
Frame 127/624, Score 13.812, Time 0.882
Frame 128/624, Score 12.626, Time 0.724
Frame 129/624, Score 13.247, Time 0.720
Frame 130/624, Score 12.623, Time 1.494
Frame 131/624, Score 16.616, Time 0.720
Frame 132/624, Score 14.312, Time 0.725
Frame 133/624, Score 15.115, Time 0.729
Frame 134/624, Score 16.435, Time 0.838
Frame 135/624, Score 15.430, Time 0.752
Frame 136/624, Score 15.280, Time 0.727
Frame 137/624, Score 14.796, Time 0.723
Frame 138/624, Score 15.643, Time 0.723
Frame 139/624, Score 15.797, Time 0.730
Frame 140/624, Score 15.743, Time 1.494
Frame 141/624, Score 12.058, Time 0.727
Frame 142/624, Score 12.115, Time 0.727
Frame 143/624, Score 12.203, Time 0.715
Frame 144/624, Score 12.471, Time 0.732
Frame 145/624, Score 12.803, Time 0.728
Frame 146/624, Score 11.744, Time 0.720
Frame 147/624, Score 11.590, Time 0.797
Frame 148/624, Score 12.544, Time 0.718
Frame 149/624, Score 11.807, Time 0.714
Frame 150/624, Score 12.133, Time 1.532
Frame 151/624, Score 12.376, Time 0.720
Frame 152/624, Score 12.553, Time 0.718
Frame 153/624, Score 13.394, Time 0.724
Frame 154/624, Score 13.217, Time 0.720
Frame 155/624, Score 12.622, Time 0.730
Frame 156/624, Score 12.594, Time 0.723
Frame 157/624, Score 13.039, Time 0.716
Frame 158/624, Score 12.835, Time 0.727
Frame 159/624, Score 11.590, Time 0.722
Frame 160/624, Score 12.181, Time 1.553
Frame 161/624, Score 12.338, Time 0.721
Frame 162/624, Score 11.900, Time 0.724
Frame 163/624, Score 11.498, Time 0.726
Frame 164/624, Score 12.416, Time 0.708
Frame 165/624, Score 11.229, Time 0.718
Frame 166/624, Score 10.949, Time 0.729
Frame 167/624, Score 11.681, Time 0.716
Frame 168/624, Score 11.212, Time 0.713
Frame 169/624, Score 11.481, Time 0.715
Frame 170/624, Score 10.021, Time 1.667
Frame 171/624, Score 11.726, Time 0.881
Frame 172/624, Score 12.593, Time 0.730
Frame 173/624, Score 12.315, Time 0.753
Frame 174/624, Score 12.234, Time 0.992
Frame 175/624, Score 13.030, Time 0.780
Frame 176/624, Score 12.252, Time 0.710
Frame 177/624, Score 13.293, Time 1.152
Frame 178/624, Score 13.309, Time 0.780
Frame 179/624, Score 12.879, Time 0.717
Frame 180/624, Score 12.503, Time 1.525
Frame 181/624, Score 12.472, Time 0.743
Frame 182/624, Score 12.142, Time 0.726
Frame 183/624, Score 11.705, Time 0.732
Frame 184/624, Score 12.829, Time 0.715
Frame 185/624, Score 13.246, Time 0.716
Frame 186/624, Score 11.793, Time 0.713
Frame 187/624, Score 11.072, Time 0.746
Frame 188/624, Score 12.706, Time 0.718
Frame 189/624, Score 12.302, Time 0.870
Frame 190/624, Score 12.729, Time 1.520
Frame 191/624, Score 14.397, Time 0.734
Frame 192/624, Score 13.775, Time 0.738
Frame 193/624, Score 12.281, Time 0.717
Frame 194/624, Score 12.425, Time 0.720
Frame 195/624, Score 12.862, Time 0.726
Frame 196/624, Score 13.138, Time 0.712
Frame 197/624, Score 12.580, Time 0.722
Frame 198/624, Score 12.333, Time 0.755
Frame 199/624, Score 12.735, Time 0.724
Frame 200/624, Score 13.083, Time 1.533
Frame 201/624, Score 12.738, Time 0.713
Frame 202/624, Score 11.828, Time 0.711
Frame 203/624, Score 13.035, Time 0.712
Frame 204/624, Score 12.889, Time 0.711
Frame 205/624, Score 12.005, Time 0.716
Frame 206/624, Score 12.586, Time 0.867
Frame 207/624, Score 11.029, Time 0.714
Frame 208/624, Score 11.923, Time 0.731
Frame 209/624, Score 11.622, Time 0.717
Frame 210/624, Score 12.279, Time 1.489
Frame 211/624, Score 14.618, Time 0.727
Frame 212/624, Score 13.961, Time 0.728
Frame 213/624, Score 15.545, Time 0.991
Frame 214/624, Score 14.100, Time 0.722
Frame 215/624, Score 14.307, Time 0.725
Frame 216/624, Score 14.515, Time 0.728
Frame 217/624, Score 15.023, Time 0.738
Frame 218/624, Score 14.882, Time 0.738
Frame 219/624, Score 15.262, Time 0.718
Frame 220/624, Score 14.037, Time 1.535
Frame 221/624, Score 12.413, Time 0.721
Frame 222/624, Score 12.719, Time 0.731
Frame 223/624, Score 11.202, Time 0.723
Frame 224/624, Score 12.223, Time 0.724
Frame 225/624, Score 13.099, Time 0.715
Frame 226/624, Score 14.144, Time 0.706
Frame 227/624, Score 13.055, Time 0.718
Frame 228/624, Score 12.384, Time 0.718
Frame 229/624, Score 13.708, Time 0.719
Frame 230/624, Score 12.910, Time 1.485
Frame 231/624, Score 13.294, Time 0.709
Frame 232/624, Score 13.499, Time 0.742
Frame 233/624, Score 13.775, Time 0.708
Frame 234/624, Score 13.205, Time 0.715
Frame 235/624, Score 12.975, Time 1.042
Frame 236/624, Score 13.606, Time 0.722
Frame 237/624, Score 14.166, Time 0.713
Frame 238/624, Score 12.998, Time 0.711
Frame 239/624, Score 11.807, Time 0.706
Frame 240/624, Score 13.198, Time 1.495
Frame 241/624, Score 15.545, Time 0.790
Frame 242/624, Score 14.176, Time 0.716
Frame 243/624, Score 15.305, Time 0.721
Frame 244/624, Score 14.902, Time 0.727
Frame 245/624, Score 16.285, Time 0.717
Frame 246/624, Score 15.604, Time 0.709
Frame 247/624, Score 14.985, Time 0.703
Frame 248/624, Score 14.528, Time 0.744
Frame 249/624, Score 15.352, Time 0.713
Frame 250/624, Score 16.274, Time 1.508
Frame 251/624, Score 12.361, Time 0.718
Frame 252/624, Score 14.398, Time 0.708
Frame 253/624, Score 13.754, Time 0.900
Frame 254/624, Score 13.464, Time 0.734
Frame 255/624, Score 12.575, Time 0.721
Frame 256/624, Score 13.200, Time 0.728
Frame 257/624, Score 12.581, Time 0.739
Frame 258/624, Score 13.324, Time 0.712
Frame 259/624, Score 13.758, Time 0.715
Frame 260/624, Score 14.653, Time 1.519
Frame 261/624, Score 12.000, Time 0.725
Frame 262/624, Score 10.849, Time 0.718
Frame 263/624, Score 11.128, Time 0.720
Frame 264/624, Score 10.738, Time 0.713
Frame 265/624, Score 11.103, Time 0.718
Frame 266/624, Score 10.960, Time 0.711
Frame 267/624, Score 11.138, Time 0.708
Frame 268/624, Score 9.847, Time 0.723
Frame 269/624, Score 12.296, Time 0.742
Frame 270/624, Score 11.241, Time 1.509
Frame 271/624, Score 12.840, Time 0.717
Frame 272/624, Score 12.153, Time 0.716
Frame 273/624, Score 11.189, Time 0.721
Frame 274/624, Score 10.293, Time 0.706
Frame 275/624, Score 11.683, Time 0.826
Frame 276/624, Score 11.199, Time 0.709
Frame 277/624, Score 12.117, Time 0.734
Frame 278/624, Score 12.063, Time 0.721
Frame 279/624, Score 12.400, Time 0.712
Frame 280/624, Score 11.945, Time 1.500
Frame 281/624, Score 12.077, Time 0.725
Frame 282/624, Score 13.326, Time 0.710
Frame 283/624, Score 13.443, Time 0.712
Frame 284/624, Score 13.757, Time 0.717
Frame 285/624, Score 13.392, Time 0.704
Frame 286/624, Score 13.017, Time 0.744
Frame 287/624, Score 13.469, Time 0.727
Frame 288/624, Score 12.760, Time 0.715
Frame 289/624, Score 13.101, Time 0.718
Frame 290/624, Score 13.681, Time 1.530
Frame 291/624, Score 13.112, Time 0.867
Frame 292/624, Score 14.655, Time 0.718
Frame 293/624, Score 14.127, Time 0.729
Frame 294/624, Score 13.846, Time 0.750
Frame 295/624, Score 13.626, Time 0.718
Frame 296/624, Score 13.483, Time 0.708
Frame 297/624, Score 14.018, Time 0.715
Frame 298/624, Score 12.205, Time 0.716
Frame 299/624, Score 12.904, Time 0.735
Frame 300/624, Score 14.384, Time 1.511
Frame 301/624, Score 13.247, Time 0.725
Frame 302/624, Score 13.738, Time 0.802
Frame 303/624, Score 13.718, Time 0.707
Frame 304/624, Score 15.002, Time 0.712
Frame 305/624, Score 14.327, Time 0.703
Frame 306/624, Score 13.173, Time 0.706
Frame 307/624, Score 13.946, Time 0.747
Frame 308/624, Score 14.263, Time 0.711
Frame 309/624, Score 13.773, Time 0.731
Frame 310/624, Score 14.312, Time 1.512
Frame 311/624, Score 14.394, Time 0.709
Frame 312/624, Score 15.613, Time 0.726
Frame 313/624, Score 14.588, Time 0.706
Frame 314/624, Score 14.245, Time 0.711
Frame 315/624, Score 13.414, Time 0.720
Frame 316/624, Score 14.075, Time 0.741
Frame 317/624, Score 13.770, Time 0.712
Frame 318/624, Score 14.466, Time 0.701
Frame 319/624, Score 13.439, Time 0.737
Frame 320/624, Score 12.872, Time 1.503
Frame 321/624, Score 11.472, Time 0.724
Frame 322/624, Score 9.969, Time 0.978
Frame 323/624, Score 11.596, Time 0.715
Frame 324/624, Score 11.162, Time 0.716
Frame 325/624, Score 12.161, Time 0.711
Frame 326/624, Score 9.859, Time 0.719
Frame 327/624, Score 12.094, Time 0.713
Frame 328/624, Score 12.251, Time 0.703
Frame 329/624, Score 12.475, Time 0.719
Frame 330/624, Score 11.620, Time 1.529
Frame 331/624, Score 10.353, Time 0.746
Frame 332/624, Score 10.016, Time 0.720
Frame 333/624, Score 8.848, Time 0.717
Frame 334/624, Score 9.987, Time 0.723
Frame 335/624, Score 9.554, Time 0.728
Frame 336/624, Score 9.137, Time 0.724
Frame 337/624, Score 9.993, Time 0.720
Frame 338/624, Score 10.291, Time 0.714
Frame 339/624, Score 10.236, Time 0.713
Frame 340/624, Score 9.032, Time 1.507
Frame 341/624, Score 16.041, Time 0.713
Frame 342/624, Score 15.748, Time 0.710
Frame 343/624, Score 14.207, Time 0.716
Frame 344/624, Score 15.816, Time 0.717
Frame 345/624, Score 16.121, Time 0.734
Frame 346/624, Score 14.873, Time 0.716
Frame 347/624, Score 16.280, Time 0.713
Frame 348/624, Score 15.709, Time 0.712
Frame 349/624, Score 14.496, Time 0.735
Frame 350/624, Score 15.797, Time 1.527
Frame 351/624, Score 10.830, Time 0.714
Frame 352/624, Score 11.984, Time 0.718
Frame 353/624, Score 11.742, Time 0.717
Frame 354/624, Score 11.083, Time 0.718
Frame 355/624, Score 11.945, Time 0.740
Frame 356/624, Score 10.870, Time 0.740
Frame 357/624, Score 11.867, Time 0.715
Frame 358/624, Score 13.674, Time 0.722
Frame 359/624, Score 10.108, Time 0.727
Frame 360/624, Score 12.655, Time 1.493
Frame 361/624, Score 11.201, Time 0.822
Frame 362/624, Score 11.804, Time 0.710
Frame 363/624, Score 11.783, Time 0.716
Frame 364/624, Score 9.826, Time 0.710
Frame 365/624, Score 10.630, Time 0.713
Frame 366/624, Score 11.420, Time 0.736
Frame 367/624, Score 12.128, Time 0.719
Frame 368/624, Score 12.207, Time 0.831
Frame 369/624, Score 11.627, Time 0.742
Frame 370/624, Score 12.125, Time 1.550
Frame 371/624, Score 12.958, Time 0.722
Frame 372/624, Score 14.324, Time 0.726
Frame 373/624, Score 15.501, Time 0.728
Frame 374/624, Score 14.516, Time 0.723
Frame 375/624, Score 13.693, Time 0.717
Frame 376/624, Score 13.501, Time 0.716
Frame 377/624, Score 13.678, Time 0.717
Frame 378/624, Score 13.396, Time 0.711
Frame 379/624, Score 14.066, Time 0.711
Frame 380/624, Score 12.669, Time 1.506
Frame 381/624, Score 12.955, Time 0.715
Frame 382/624, Score 11.618, Time 0.716
Frame 383/624, Score 11.166, Time 0.712
Frame 384/624, Score 12.184, Time 0.709
Frame 385/624, Score 13.154, Time 0.708
Frame 386/624, Score 12.531, Time 0.790
Frame 387/624, Score 9.863, Time 0.883
Frame 388/624, Score 12.205, Time 0.925
Frame 389/624, Score 11.564, Time 0.893
Frame 390/624, Score 13.158, Time 1.919
Frame 391/624, Score 14.266, Time 0.887
Frame 392/624, Score 13.771, Time 0.894
Frame 393/624, Score 14.126, Time 0.893
Frame 394/624, Score 11.978, Time 0.885
Frame 395/624, Score 12.398, Time 0.886
Frame 396/624, Score 12.177, Time 0.886
Frame 397/624, Score 13.680, Time 0.891
Frame 398/624, Score 12.915, Time 0.886
Frame 399/624, Score 14.569, Time 0.890
Frame 400/624, Score 14.656, Time 2.037
Frame 401/624, Score 12.108, Time 0.886
Frame 402/624, Score 10.480, Time 0.890
Frame 403/624, Score 12.056, Time 0.875
Frame 404/624, Score 11.620, Time 0.823
Frame 405/624, Score 10.559, Time 0.722
Frame 406/624, Score 11.806, Time 0.716
Frame 407/624, Score 11.092, Time 0.714
Frame 408/624, Score 10.156, Time 0.723
Frame 409/624, Score 11.897, Time 0.712
Frame 410/624, Score 12.083, Time 1.546
Frame 411/624, Score 10.267, Time 0.713
Frame 412/624, Score 11.644, Time 0.712
Frame 413/624, Score 12.778, Time 0.720
Frame 414/624, Score 12.949, Time 0.720
Frame 415/624, Score 11.418, Time 0.721
Frame 416/624, Score 11.430, Time 0.715
Frame 417/624, Score 11.526, Time 0.849
Frame 418/624, Score 11.760, Time 0.717
Frame 419/624, Score 11.934, Time 0.717
Frame 420/624, Score 11.054, Time 1.521
Frame 421/624, Score 13.071, Time 0.713
Frame 422/624, Score 13.636, Time 0.712
Frame 423/624, Score 13.208, Time 0.715
Frame 424/624, Score 12.304, Time 0.715
Frame 425/624, Score 14.257, Time 0.727
Frame 426/624, Score 11.147, Time 0.728
Frame 427/624, Score 11.746, Time 0.722
Frame 428/624, Score 11.010, Time 0.712
Frame 429/624, Score 13.971, Time 0.716
Frame 430/624, Score 13.705, Time 1.495
Frame 431/624, Score 13.654, Time 0.717
Frame 432/624, Score 13.801, Time 0.723
Frame 433/624, Score 14.360, Time 0.717
Frame 434/624, Score 13.265, Time 0.712
Frame 435/624, Score 14.466, Time 0.738
Frame 436/624, Score 15.168, Time 0.727
Frame 437/624, Score 12.911, Time 0.717
Frame 438/624, Score 14.011, Time 0.720
Frame 439/624, Score 13.377, Time 0.751
Frame 440/624, Score 12.489, Time 1.512
Frame 441/624, Score 14.265, Time 0.720
Frame 442/624, Score 12.335, Time 0.714
Frame 443/624, Score 14.472, Time 0.714
Frame 444/624, Score 13.084, Time 0.714
Frame 445/624, Score 14.072, Time 0.725
Frame 446/624, Score 13.075, Time 0.715
Frame 447/624, Score 12.542, Time 0.712
Frame 448/624, Score 14.699, Time 0.798
Frame 449/624, Score 13.853, Time 0.711
Frame 450/624, Score 13.769, Time 1.523
Frame 451/624, Score 13.654, Time 0.883
Frame 452/624, Score 13.192, Time 0.709
Frame 453/624, Score 13.426, Time 0.714
Frame 454/624, Score 12.130, Time 0.718
Frame 455/624, Score 14.096, Time 0.714
Frame 456/624, Score 13.072, Time 0.712
Frame 457/624, Score 12.143, Time 0.719
Frame 458/624, Score 13.181, Time 0.737
Frame 459/624, Score 12.705, Time 0.711
Frame 460/624, Score 11.120, Time 1.505
Frame 461/624, Score 11.927, Time 0.719
Frame 462/624, Score 12.781, Time 0.715
Frame 463/624, Score 15.024, Time 0.742
Frame 464/624, Score 13.662, Time 0.752
Frame 465/624, Score 13.399, Time 0.716
Frame 466/624, Score 14.491, Time 0.724
Frame 467/624, Score 13.279, Time 0.711
Frame 468/624, Score 13.121, Time 0.732
Frame 469/624, Score 13.946, Time 0.725
Frame 470/624, Score 14.544, Time 1.546
Frame 471/624, Score 14.516, Time 0.723
Frame 472/624, Score 14.061, Time 0.716
Frame 473/624, Score 14.690, Time 0.716
Frame 474/624, Score 13.374, Time 0.715
Frame 475/624, Score 13.647, Time 0.717
Frame 476/624, Score 14.715, Time 0.742
Frame 477/624, Score 14.434, Time 0.733
Frame 478/624, Score 15.200, Time 0.720
Frame 479/624, Score 15.114, Time 0.718
Frame 480/624, Score 14.002, Time 1.528
Frame 481/624, Score 14.571, Time 0.719
Frame 482/624, Score 14.104, Time 0.714
Frame 483/624, Score 13.797, Time 0.715
Frame 484/624, Score 13.861, Time 0.725
Frame 485/624, Score 13.576, Time 0.727
Frame 486/624, Score 14.088, Time 0.720
Frame 487/624, Score 13.020, Time 0.738
Frame 488/624, Score 14.632, Time 0.722
Frame 489/624, Score 14.277, Time 0.746
Frame 490/624, Score 12.338, Time 1.508
Frame 491/624, Score 9.988, Time 0.722
Frame 492/624, Score 7.584, Time 0.717
Frame 493/624, Score 8.268, Time 0.724
Frame 494/624, Score 9.480, Time 0.739
Frame 495/624, Score 13.595, Time 0.737
Frame 496/624, Score 13.994, Time 0.730
Frame 497/624, Score 14.689, Time 0.724
Frame 498/624, Score 14.650, Time 0.915
Frame 499/624, Score 15.051, Time 0.711
Frame 500/624, Score 15.182, Time 1.704
Frame 501/624, Score 15.298, Time 0.716
Frame 502/624, Score 15.406, Time 0.716
Frame 503/624, Score 13.690, Time 0.732
Frame 504/624, Score 14.261, Time 0.717
Frame 505/624, Score 13.791, Time 0.717
Frame 506/624, Score 15.131, Time 0.717
Frame 507/624, Score 13.547, Time 0.712
Frame 508/624, Score 14.236, Time 0.725
Frame 509/624, Score 14.178, Time 0.732
Frame 510/624, Score 14.601, Time 1.536
Frame 511/624, Score 14.272, Time 0.728
Frame 512/624, Score 12.679, Time 0.714
Frame 513/624, Score 12.446, Time 0.722
Frame 514/624, Score 13.785, Time 0.715
Frame 515/624, Score 12.623, Time 0.713
Frame 516/624, Score 14.204, Time 0.719
Frame 517/624, Score 15.471, Time 0.719
Frame 518/624, Score 15.740, Time 0.715
Frame 519/624, Score 13.654, Time 0.714
Frame 520/624, Score 14.793, Time 1.512
Frame 521/624, Score 14.573, Time 0.713
Frame 522/624, Score 13.555, Time 0.850
Frame 523/624, Score 15.355, Time 0.758
Frame 524/624, Score 14.657, Time 0.723
Frame 525/624, Score 15.199, Time 0.766
Frame 526/624, Score 14.719, Time 0.707
Frame 527/624, Score 13.821, Time 0.726
Frame 528/624, Score 14.905, Time 0.711
Frame 529/624, Score 14.997, Time 0.710
Frame 530/624, Score 13.712, Time 1.540
Frame 531/624, Score 14.658, Time 0.711
Frame 532/624, Score 15.099, Time 0.712
Frame 533/624, Score 14.470, Time 0.719
Frame 534/624, Score 13.586, Time 0.717
Frame 535/624, Score 13.240, Time 0.715
Frame 536/624, Score 13.345, Time 0.728
Frame 537/624, Score 13.461, Time 0.716
Frame 538/624, Score 13.459, Time 0.744
Frame 539/624, Score 13.901, Time 0.722
Frame 540/624, Score 12.779, Time 1.543
Frame 541/624, Score 13.123, Time 0.728
Frame 542/624, Score 11.595, Time 0.717
Frame 543/624, Score 7.069, Time 0.716
Frame 544/624, Score 5.289, Time 0.719
Frame 545/624, Score 2.020, Time 0.728
Frame 546/624, Score 3.264, Time 0.728
Frame 547/624, Score 1.789, Time 0.723
Frame 548/624, Score 0.812, Time 0.725
Frame 549/624, Score 0.780, Time 0.721
Frame 550/624, Score -1.471, Time 1.181
Frame 551/624, Score 14.245, Time 0.719
Frame 552/624, Score 14.107, Time 0.728
Frame 553/624, Score 12.505, Time 0.718
Frame 554/624, Score 11.580, Time 0.774
Frame 555/624, Score 12.230, Time 0.725
Frame 556/624, Score 10.642, Time 0.719
Frame 557/624, Score 8.925, Time 0.717
Frame 558/624, Score 7.931, Time 0.703
Frame 559/624, Score 4.376, Time 0.717
Frame 560/624, Score 4.742, Time 1.529
Frame 561/624, Score 13.676, Time 0.729
Frame 562/624, Score 14.404, Time 0.723
Frame 563/624, Score 15.916, Time 0.749
Frame 564/624, Score 15.678, Time 0.744
Frame 565/624, Score 15.705, Time 0.719
Frame 566/624, Score 15.264, Time 0.715
Frame 567/624, Score 16.034, Time 0.953
Frame 568/624, Score 17.191, Time 0.722
Frame 569/624, Score 17.447, Time 0.717
Frame 570/624, Score 16.761, Time 1.539
Frame 571/624, Score 17.905, Time 0.727
Frame 572/624, Score 19.188, Time 0.726
Frame 573/624, Score 19.729, Time 0.741
Frame 574/624, Score 20.154, Time 0.766
Frame 575/624, Score 17.916, Time 0.746
Frame 576/624, Score 17.433, Time 0.721
Frame 577/624, Score 16.814, Time 0.715
Frame 578/624, Score 14.096, Time 0.716
Frame 579/624, Score 10.486, Time 0.718
Frame 580/624, Score 10.661, Time 1.532
Frame 581/624, Score 11.025, Time 0.734
Frame 582/624, Score 12.035, Time 0.720
Frame 583/624, Score 12.990, Time 0.716
Frame 584/624, Score 10.919, Time 0.724
Frame 585/624, Score 9.701, Time 0.713
Frame 586/624, Score 7.479, Time 0.718
Frame 587/624, Score 4.047, Time 0.714
Frame 588/624, Score -4.333, Time 1.163
Frame 589/624, Score -5.973, Time 1.175
Frame 590/624, Score -18.835, Time 1.163
Frame 591/624, Score -15.917, Time 1.190
Frame 592/624, Score -20.229, Time 1.183
Frame 593/624, Score -15.371, Time 1.186
Frame 594/624, Score -15.005, Time 1.158
Frame 595/624, Score -19.148, Time 1.158
Frame 596/624, Score -20.387, Time 1.162
Frame 597/624, Score -20.247, Time 1.184
Frame 598/624, Score -18.670, Time 1.127
Frame 599/624, Score -15.614, Time 1.169
Frame 600/624, Score -17.722, Time 1.148
Frame 601/624, Score -15.549, Time 1.166
Frame 602/624, Score -17.163, Time 1.164
Frame 603/624, Score -16.145, Time 1.161
Frame 604/624, Score -15.010, Time 1.156
Frame 605/624, Score -15.997, Time 1.189
Frame 606/624, Score -14.386, Time 1.156
Frame 607/624, Score -13.899, Time 1.167
Frame 608/624, Score -17.547, Time 1.156
Frame 609/624, Score -17.657, Time 1.131
Frame 610/624, Score -16.760, Time 1.132
Frame 611/624, Score -16.761, Time 1.153
Frame 612/624, Score -17.272, Time 1.156
Frame 613/624, Score -14.474, Time 1.202
Frame 614/624, Score -17.164, Time 1.176
Frame 615/624, Score -16.706, Time 1.167
Frame 616/624, Score -19.458, Time 1.142
Frame 617/624, Score -17.037, Time 1.166
Frame 618/624, Score -15.691, Time 1.133
Frame 619/624, Score -15.557, Time 1.140
Frame 620/624, Score -17.065, Time 1.148
Frame 621/624, Score -14.407, Time 1.165
Frame 622/624, Score -14.751, Time 1.177
Frame 623/624, Score -13.813, Time 1.148
results/20210121_SUPNexttoShark_1_0.json
Dealing with mdnet_input/20210121_SUPNexttoShark/20210121_SUPNexttoShark_human_0.json
Frame 1/514, Score 2.772, Time 0.739
Frame 2/514, Score 2.715, Time 0.730
Frame 3/514, Score 2.446, Time 0.742
Frame 4/514, Score 2.745, Time 0.730
Frame 5/514, Score 2.550, Time 0.734
Frame 6/514, Score 2.436, Time 0.711
Frame 7/514, Score 2.330, Time 0.709
Frame 8/514, Score 2.394, Time 0.719
Frame 9/514, Score 2.409, Time 0.714
Frame 10/514, Score 1.950, Time 1.464
Frame 11/514, Score 4.913, Time 0.723
Frame 12/514, Score 4.931, Time 0.711
Frame 13/514, Score 4.923, Time 0.719
Frame 14/514, Score 4.884, Time 0.717
Frame 15/514, Score 4.658, Time 0.722
Frame 16/514, Score 4.855, Time 0.717
Frame 17/514, Score 4.700, Time 0.715
Frame 18/514, Score 4.715, Time 0.721
Frame 19/514, Score 5.403, Time 0.731
Frame 20/514, Score 4.953, Time 1.530
Frame 21/514, Score 4.363, Time 0.740
Frame 22/514, Score 4.330, Time 0.708
Frame 23/514, Score 4.846, Time 0.711
Frame 24/514, Score 3.986, Time 0.719
Frame 25/514, Score 4.522, Time 0.727
Frame 26/514, Score 4.282, Time 0.722
Frame 27/514, Score 4.401, Time 0.713
Frame 28/514, Score 3.328, Time 0.710
Frame 29/514, Score 3.421, Time 0.720
Frame 30/514, Score 3.228, Time 1.459
Frame 31/514, Score 6.054, Time 0.712
Frame 32/514, Score 6.023, Time 0.699
Frame 33/514, Score 6.045, Time 0.727
Frame 34/514, Score 5.549, Time 0.705
Frame 35/514, Score 5.465, Time 0.702
Frame 36/514, Score 5.501, Time 0.703
Frame 37/514, Score 5.560, Time 0.704
Frame 38/514, Score 5.372, Time 0.700
Frame 39/514, Score 5.014, Time 0.699
Frame 40/514, Score 5.113, Time 1.465
Frame 41/514, Score 4.820, Time 0.719
Frame 42/514, Score 5.351, Time 0.712
Frame 43/514, Score 5.522, Time 0.721
Frame 44/514, Score 5.473, Time 0.716
Frame 45/514, Score 4.755, Time 0.724
Frame 46/514, Score 4.887, Time 0.738
Frame 47/514, Score 4.319, Time 0.721
Frame 48/514, Score 4.729, Time 0.725
Frame 49/514, Score 4.738, Time 0.702
Frame 50/514, Score 4.662, Time 1.465
Frame 51/514, Score 6.510, Time 0.695
Frame 52/514, Score 6.057, Time 0.688
Frame 53/514, Score 4.942, Time 0.691
Frame 54/514, Score 4.950, Time 0.693
Frame 55/514, Score 4.033, Time 0.690
Frame 56/514, Score 4.114, Time 0.696
Frame 57/514, Score 3.318, Time 0.688
Frame 58/514, Score 2.174, Time 0.697
Frame 59/514, Score 3.481, Time 0.688
Frame 60/514, Score 1.401, Time 1.463
Frame 61/514, Score 6.379, Time 0.712
Frame 62/514, Score 6.262, Time 0.719
Frame 63/514, Score 6.236, Time 0.717
Frame 64/514, Score 5.879, Time 0.719
Frame 65/514, Score 5.470, Time 0.717
Frame 66/514, Score 6.029, Time 0.728
Frame 67/514, Score 5.826, Time 0.722
Frame 68/514, Score 3.748, Time 0.726
Frame 69/514, Score 4.514, Time 0.714
Frame 70/514, Score 4.092, Time 1.522
Frame 71/514, Score 6.286, Time 0.703
Frame 72/514, Score 7.149, Time 0.710
Frame 73/514, Score 6.994, Time 0.702
Frame 74/514, Score 6.684, Time 0.712
Frame 75/514, Score 6.955, Time 0.702
Frame 76/514, Score 6.194, Time 0.710
Frame 77/514, Score 5.113, Time 0.711
Frame 78/514, Score 5.745, Time 0.711
Frame 79/514, Score 3.986, Time 0.704
Frame 80/514, Score 2.464, Time 1.481
Frame 81/514, Score 6.426, Time 0.725
Frame 82/514, Score 5.929, Time 0.729
Frame 83/514, Score 5.867, Time 0.722
Frame 84/514, Score 5.821, Time 0.739
Frame 85/514, Score 6.596, Time 0.723
Frame 86/514, Score 5.438, Time 0.730
Frame 87/514, Score 5.573, Time 0.718
Frame 88/514, Score 3.549, Time 0.709
Frame 89/514, Score 4.434, Time 0.721
Frame 90/514, Score 1.967, Time 1.530
Frame 91/514, Score 5.662, Time 0.714
Frame 92/514, Score 4.974, Time 0.708
Frame 93/514, Score 4.503, Time 0.714
Frame 94/514, Score 4.548, Time 0.697
Frame 95/514, Score 3.783, Time 0.695
Frame 96/514, Score 4.442, Time 0.696
Frame 97/514, Score 4.384, Time 0.705
Frame 98/514, Score 5.039, Time 0.698
Frame 99/514, Score 5.570, Time 0.703
Frame 100/514, Score 5.152, Time 1.825
Frame 101/514, Score 4.048, Time 0.872
Frame 102/514, Score 4.836, Time 0.981
Frame 103/514, Score 4.745, Time 0.872
Frame 104/514, Score 3.943, Time 0.875
Frame 105/514, Score 4.607, Time 0.877
Frame 106/514, Score 4.041, Time 0.870
Frame 107/514, Score 3.898, Time 0.876
Frame 108/514, Score 2.864, Time 0.875
Frame 109/514, Score 3.276, Time 0.874
Frame 110/514, Score 3.055, Time 1.869
Frame 111/514, Score 5.119, Time 0.875
Frame 112/514, Score 4.605, Time 0.875
Frame 113/514, Score 4.483, Time 0.875
Frame 114/514, Score 4.963, Time 0.880
Frame 115/514, Score 4.654, Time 0.887
Frame 116/514, Score 4.820, Time 0.876
Frame 117/514, Score 5.081, Time 0.878
Frame 118/514, Score 5.283, Time 0.877
Frame 119/514, Score 5.107, Time 0.874
Frame 120/514, Score 3.819, Time 1.623
Frame 121/514, Score 4.212, Time 0.705
Frame 122/514, Score 4.213, Time 0.700
Frame 123/514, Score 4.189, Time 0.701
Frame 124/514, Score 5.016, Time 0.701
Frame 125/514, Score 4.534, Time 0.696
Frame 126/514, Score 4.370, Time 0.712
Frame 127/514, Score 4.643, Time 0.710
Frame 128/514, Score 5.073, Time 0.706
Frame 129/514, Score 5.235, Time 0.697
Frame 130/514, Score 4.938, Time 1.499
Frame 131/514, Score 4.781, Time 0.699
Frame 132/514, Score 4.645, Time 0.701
Frame 133/514, Score 4.191, Time 0.701
Frame 134/514, Score 3.636, Time 0.705
Frame 135/514, Score 3.962, Time 0.707
Frame 136/514, Score 2.977, Time 0.705
Frame 137/514, Score 3.715, Time 0.707
Frame 138/514, Score 2.609, Time 0.709
Frame 139/514, Score 3.887, Time 0.710
Frame 140/514, Score 3.743, Time 1.499
Frame 141/514, Score 4.097, Time 0.711
Frame 142/514, Score 4.798, Time 0.710
Frame 143/514, Score 3.781, Time 0.709
Frame 144/514, Score 4.328, Time 0.705
Frame 145/514, Score 3.951, Time 0.710
Frame 146/514, Score 3.891, Time 0.707
Frame 147/514, Score 3.474, Time 0.703
Frame 148/514, Score 4.763, Time 0.702
Frame 149/514, Score 4.563, Time 0.779
Frame 150/514, Score 4.704, Time 1.516
Frame 151/514, Score 5.986, Time 0.708
Frame 152/514, Score 5.929, Time 0.716
Frame 153/514, Score 5.756, Time 0.703
Frame 154/514, Score 5.691, Time 0.707
Frame 155/514, Score 6.099, Time 0.718
Frame 156/514, Score 6.055, Time 0.700
Frame 157/514, Score 5.724, Time 0.695
Frame 158/514, Score 5.908, Time 0.802
Frame 159/514, Score 5.260, Time 0.692
Frame 160/514, Score 4.967, Time 1.489
Frame 161/514, Score 4.023, Time 0.701
Frame 162/514, Score 4.620, Time 0.703
Frame 163/514, Score 4.760, Time 0.697
Frame 164/514, Score 4.558, Time 0.692
Frame 165/514, Score 4.462, Time 0.709
Frame 166/514, Score 5.218, Time 0.705
Frame 167/514, Score 4.474, Time 0.707
Frame 168/514, Score 3.823, Time 0.723
Frame 169/514, Score 4.230, Time 0.707
Frame 170/514, Score 3.545, Time 1.483
Frame 171/514, Score 6.902, Time 0.708
Frame 172/514, Score 6.821, Time 0.705
Frame 173/514, Score 6.601, Time 0.706
Frame 174/514, Score 6.009, Time 0.704
Frame 175/514, Score 6.138, Time 0.730
Frame 176/514, Score 5.883, Time 0.712
Frame 177/514, Score 6.371, Time 0.739
Frame 178/514, Score 6.627, Time 0.712
Frame 179/514, Score 6.560, Time 0.707
Frame 180/514, Score 6.085, Time 1.552
Frame 181/514, Score 6.565, Time 0.705
Frame 182/514, Score 6.798, Time 0.711
Frame 183/514, Score 5.602, Time 0.705
Frame 184/514, Score 6.166, Time 0.716
Frame 185/514, Score 6.679, Time 0.723
Frame 186/514, Score 7.327, Time 0.704
Frame 187/514, Score 6.807, Time 0.707
Frame 188/514, Score 7.159, Time 0.709
Frame 189/514, Score 7.225, Time 0.698
Frame 190/514, Score 5.357, Time 1.499
Frame 191/514, Score 5.585, Time 0.705
Frame 192/514, Score 6.059, Time 0.699
Frame 193/514, Score 4.343, Time 0.729
Frame 194/514, Score 4.383, Time 0.703
Frame 195/514, Score 5.208, Time 0.704
Frame 196/514, Score 5.572, Time 0.705
Frame 197/514, Score 5.472, Time 0.715
Frame 198/514, Score 6.071, Time 0.702
Frame 199/514, Score 5.383, Time 0.707
Frame 200/514, Score 4.607, Time 1.453
Frame 201/514, Score 4.010, Time 0.709
Frame 202/514, Score 3.179, Time 0.704
Frame 203/514, Score 4.109, Time 0.705
Frame 204/514, Score 3.111, Time 0.699
Frame 205/514, Score 4.180, Time 0.699
Frame 206/514, Score 2.652, Time 0.727
Frame 207/514, Score 3.696, Time 0.696
Frame 208/514, Score 3.263, Time 0.697
Frame 209/514, Score 3.145, Time 0.705
Frame 210/514, Score 2.946, Time 1.474
Frame 211/514, Score 3.836, Time 0.697
Frame 212/514, Score 3.281, Time 0.702
Frame 213/514, Score 3.237, Time 0.710
Frame 214/514, Score 3.618, Time 0.699
Frame 215/514, Score 3.941, Time 0.816
Frame 216/514, Score 3.410, Time 0.697
Frame 217/514, Score 3.684, Time 0.703
Frame 218/514, Score 4.196, Time 0.698
Frame 219/514, Score 4.084, Time 0.983
Frame 220/514, Score 4.576, Time 1.499
Frame 221/514, Score 4.550, Time 0.707
Frame 222/514, Score 5.791, Time 0.712
Frame 223/514, Score 5.269, Time 0.707
Frame 224/514, Score 4.450, Time 0.712
Frame 225/514, Score 4.736, Time 0.702
Frame 226/514, Score 5.572, Time 0.705
Frame 227/514, Score 5.333, Time 0.704
Frame 228/514, Score 5.798, Time 0.704
Frame 229/514, Score 4.971, Time 0.713
Frame 230/514, Score 4.680, Time 1.530
Frame 231/514, Score 6.154, Time 0.719
Frame 232/514, Score 6.862, Time 0.716
Frame 233/514, Score 5.406, Time 0.725
Frame 234/514, Score 5.764, Time 0.722
Frame 235/514, Score 5.119, Time 0.730
Frame 236/514, Score 4.814, Time 0.720
Frame 237/514, Score 4.931, Time 0.723
Frame 238/514, Score 6.318, Time 0.734
Frame 239/514, Score 5.555, Time 0.731
Frame 240/514, Score 5.015, Time 1.520
Frame 241/514, Score 4.859, Time 0.699
Frame 242/514, Score 5.369, Time 0.706
Frame 243/514, Score 3.692, Time 0.723
Frame 244/514, Score 3.801, Time 0.695
Frame 245/514, Score 3.135, Time 0.701
Frame 246/514, Score 3.668, Time 0.695
Frame 247/514, Score 3.868, Time 0.698
Frame 248/514, Score 4.372, Time 0.699
Frame 249/514, Score 4.603, Time 0.701
Frame 250/514, Score 4.930, Time 1.518
Frame 251/514, Score 4.684, Time 0.713
Frame 252/514, Score 4.839, Time 0.705
Frame 253/514, Score 4.751, Time 0.697
Frame 254/514, Score 4.562, Time 0.698
Frame 255/514, Score 4.991, Time 0.701
Frame 256/514, Score 4.221, Time 0.719
Frame 257/514, Score 5.222, Time 0.701
Frame 258/514, Score 4.456, Time 0.699
Frame 259/514, Score 5.581, Time 0.711
Frame 260/514, Score 5.201, Time 1.512
Frame 261/514, Score 4.817, Time 0.715
Frame 262/514, Score 4.009, Time 0.710
Frame 263/514, Score 4.038, Time 0.706
Frame 264/514, Score 4.300, Time 0.712
Frame 265/514, Score 4.609, Time 0.715
Frame 266/514, Score 4.053, Time 0.710
Frame 267/514, Score 3.113, Time 0.718
Frame 268/514, Score 3.715, Time 0.711
Frame 269/514, Score 3.443, Time 0.726
Frame 270/514, Score 3.746, Time 1.497
Frame 271/514, Score 3.600, Time 0.708
Frame 272/514, Score 3.919, Time 0.707
Frame 273/514, Score 3.632, Time 0.711
Frame 274/514, Score 4.452, Time 0.712
Frame 275/514, Score 4.062, Time 0.722
Frame 276/514, Score 4.281, Time 1.068
Frame 277/514, Score 4.213, Time 0.707
Frame 278/514, Score 3.320, Time 0.707
Frame 279/514, Score 4.178, Time 0.710
Frame 280/514, Score 5.434, Time 1.484
Frame 281/514, Score 6.259, Time 0.719
Frame 282/514, Score 5.993, Time 0.706
Frame 283/514, Score 6.100, Time 0.704
Frame 284/514, Score 5.139, Time 0.703
Frame 285/514, Score 5.360, Time 0.704
Frame 286/514, Score 4.591, Time 0.700
Frame 287/514, Score 5.387, Time 0.703
Frame 288/514, Score 5.475, Time 0.708
Frame 289/514, Score 5.751, Time 0.711
Frame 290/514, Score 5.363, Time 1.497
Frame 291/514, Score 4.461, Time 0.712
Frame 292/514, Score 3.786, Time 0.712
Frame 293/514, Score 4.608, Time 0.735
Frame 294/514, Score 3.595, Time 0.709
Frame 295/514, Score 4.345, Time 0.713
Frame 296/514, Score 3.482, Time 0.711
Frame 297/514, Score 4.705, Time 0.712
Frame 298/514, Score 4.522, Time 0.718
Frame 299/514, Score 3.491, Time 0.711
Frame 300/514, Score 3.567, Time 1.508
Frame 301/514, Score 3.052, Time 0.722
Frame 302/514, Score 3.741, Time 0.710
Frame 303/514, Score 4.423, Time 0.710
Frame 304/514, Score 3.998, Time 0.713
Frame 305/514, Score 3.828, Time 0.713
Frame 306/514, Score 4.826, Time 0.717
Frame 307/514, Score 4.765, Time 0.709
Frame 308/514, Score 3.936, Time 0.708
Frame 309/514, Score 3.814, Time 0.705
Frame 310/514, Score 3.969, Time 1.513
Frame 311/514, Score 3.429, Time 0.716
Frame 312/514, Score 3.513, Time 0.707
Frame 313/514, Score 3.160, Time 0.712
Frame 314/514, Score 2.757, Time 0.707
Frame 315/514, Score 1.846, Time 0.714
Frame 316/514, Score 3.061, Time 0.712
Frame 317/514, Score 3.010, Time 0.707
Frame 318/514, Score 2.204, Time 0.709
Frame 319/514, Score 3.170, Time 0.706
Frame 320/514, Score 2.061, Time 1.496
Frame 321/514, Score 3.596, Time 0.708
Frame 322/514, Score 4.584, Time 0.717
Frame 323/514, Score 3.779, Time 0.706
Frame 324/514, Score 4.466, Time 0.710
Frame 325/514, Score 5.018, Time 0.710
Frame 326/514, Score 3.713, Time 0.705
Frame 327/514, Score 4.672, Time 0.717
Frame 328/514, Score 4.543, Time 0.711
Frame 329/514, Score 3.857, Time 0.708
Frame 330/514, Score 4.227, Time 1.522
Frame 331/514, Score 4.883, Time 0.722
Frame 332/514, Score 4.000, Time 0.704
Frame 333/514, Score 3.107, Time 0.708
Frame 334/514, Score 3.413, Time 0.712
Frame 335/514, Score 3.763, Time 0.712
Frame 336/514, Score 3.618, Time 0.714
Frame 337/514, Score 4.467, Time 0.713
Frame 338/514, Score 4.858, Time 0.716
Frame 339/514, Score 4.755, Time 0.708
Frame 340/514, Score 3.863, Time 1.554
Frame 341/514, Score 6.158, Time 0.713
Frame 342/514, Score 5.999, Time 0.710
Frame 343/514, Score 5.587, Time 0.712
Frame 344/514, Score 4.990, Time 0.723
Frame 345/514, Score 5.320, Time 0.700
Frame 346/514, Score 5.223, Time 0.694
Frame 347/514, Score 5.875, Time 0.703
Frame 348/514, Score 5.704, Time 0.700
Frame 349/514, Score 4.972, Time 0.698
Frame 350/514, Score 5.357, Time 1.484
Frame 351/514, Score 4.740, Time 0.712
Frame 352/514, Score 4.904, Time 0.699
Frame 353/514, Score 5.524, Time 0.699
Frame 354/514, Score 4.727, Time 0.704
Frame 355/514, Score 5.384, Time 0.710
Frame 356/514, Score 5.302, Time 0.709
Frame 357/514, Score 5.077, Time 0.710
Frame 358/514, Score 4.797, Time 0.710
Frame 359/514, Score 4.666, Time 0.710
Frame 360/514, Score 4.865, Time 1.502
Frame 361/514, Score 5.404, Time 0.708
Frame 362/514, Score 5.677, Time 0.698
Frame 363/514, Score 4.855, Time 0.699
Frame 364/514, Score 4.836, Time 0.698
Frame 365/514, Score 4.870, Time 0.709
Frame 366/514, Score 4.684, Time 0.713
Frame 367/514, Score 4.883, Time 0.701
Frame 368/514, Score 5.007, Time 0.697
Frame 369/514, Score 5.254, Time 0.711
Frame 370/514, Score 5.526, Time 1.511
Frame 371/514, Score 5.935, Time 0.722
Frame 372/514, Score 5.344, Time 0.709
Frame 373/514, Score 5.512, Time 0.700
Frame 374/514, Score 5.084, Time 0.700
Frame 375/514, Score 5.508, Time 0.711
Frame 376/514, Score 5.827, Time 0.709
Frame 377/514, Score 5.904, Time 0.705
Frame 378/514, Score 5.326, Time 0.705
Frame 379/514, Score 5.465, Time 0.699
Frame 380/514, Score 5.274, Time 1.492
Frame 381/514, Score 5.790, Time 0.711
Frame 382/514, Score 5.418, Time 0.732
Frame 383/514, Score 5.343, Time 0.716
Frame 384/514, Score 4.512, Time 0.712
Frame 385/514, Score 5.555, Time 0.712
Frame 386/514, Score 5.459, Time 0.702
Frame 387/514, Score 5.123, Time 0.706
Frame 388/514, Score 5.346, Time 0.712
Frame 389/514, Score 4.691, Time 0.712
Frame 390/514, Score 4.698, Time 1.509
Frame 391/514, Score 4.463, Time 0.714
Frame 392/514, Score 4.468, Time 0.710
Frame 393/514, Score 4.422, Time 0.710
Frame 394/514, Score 4.109, Time 0.711
Frame 395/514, Score 4.076, Time 0.714
Frame 396/514, Score 4.711, Time 0.718
Frame 397/514, Score 4.057, Time 0.714
Frame 398/514, Score 4.391, Time 0.710
Frame 399/514, Score 4.310, Time 0.707
Frame 400/514, Score 4.561, Time 1.529
Frame 401/514, Score 7.150, Time 0.721
Frame 402/514, Score 6.279, Time 0.711
Frame 403/514, Score 6.543, Time 0.715
Frame 404/514, Score 6.188, Time 0.712
Frame 405/514, Score 5.813, Time 0.713
Frame 406/514, Score 5.287, Time 0.713
Frame 407/514, Score 5.100, Time 0.714
Frame 408/514, Score 5.491, Time 0.719
Frame 409/514, Score 5.903, Time 0.718
Frame 410/514, Score 6.592, Time 1.519
Frame 411/514, Score 7.013, Time 0.722
Frame 412/514, Score 6.858, Time 0.711
Frame 413/514, Score 6.524, Time 0.722
Frame 414/514, Score 5.638, Time 0.719
Frame 415/514, Score 6.803, Time 0.717
Frame 416/514, Score 6.039, Time 0.708
Frame 417/514, Score 6.777, Time 0.709
Frame 418/514, Score 6.257, Time 0.709
Frame 419/514, Score 6.839, Time 0.703
Frame 420/514, Score 5.690, Time 1.511
Frame 421/514, Score 5.349, Time 0.716
Frame 422/514, Score 6.436, Time 0.703
Frame 423/514, Score 5.724, Time 0.702
Frame 424/514, Score 6.274, Time 0.698
Frame 425/514, Score 6.181, Time 0.712
Frame 426/514, Score 5.988, Time 0.702
Frame 427/514, Score 6.038, Time 0.704
Frame 428/514, Score 5.106, Time 0.699
Frame 429/514, Score 6.161, Time 0.707
Frame 430/514, Score 6.092, Time 1.485
Frame 431/514, Score 4.661, Time 0.710
Frame 432/514, Score 3.469, Time 0.705
Frame 433/514, Score 4.586, Time 0.703
Frame 434/514, Score 5.488, Time 0.699
Frame 435/514, Score 4.758, Time 0.703
Frame 436/514, Score 4.507, Time 0.699
Frame 437/514, Score 5.480, Time 0.702
Frame 438/514, Score 5.488, Time 0.702
Frame 439/514, Score 5.035, Time 0.700
Frame 440/514, Score 5.189, Time 1.498
Frame 441/514, Score 4.739, Time 0.713
Frame 442/514, Score 6.344, Time 0.711
Frame 443/514, Score 5.392, Time 0.709
Frame 444/514, Score 6.426, Time 0.708
Frame 445/514, Score 6.519, Time 0.721
Frame 446/514, Score 6.072, Time 0.721
Frame 447/514, Score 6.675, Time 0.712
Frame 448/514, Score 6.471, Time 0.715
Frame 449/514, Score 6.183, Time 0.715
Frame 450/514, Score 5.638, Time 1.522
Frame 451/514, Score 5.563, Time 0.710
Frame 452/514, Score 6.170, Time 0.704
Frame 453/514, Score 6.070, Time 0.705
Frame 454/514, Score 6.608, Time 0.708
Frame 455/514, Score 5.704, Time 0.721
Frame 456/514, Score 5.651, Time 0.716
Frame 457/514, Score 5.430, Time 0.707
Frame 458/514, Score 5.582, Time 0.710
Frame 459/514, Score 4.813, Time 0.781
Frame 460/514, Score 5.350, Time 1.501
Frame 461/514, Score 6.054, Time 0.716
Frame 462/514, Score 5.797, Time 0.721
Frame 463/514, Score 5.704, Time 0.717
Frame 464/514, Score 6.131, Time 0.715
Frame 465/514, Score 6.380, Time 0.712
Frame 466/514, Score 6.940, Time 0.714
Frame 467/514, Score 6.689, Time 0.717
Frame 468/514, Score 6.303, Time 0.720
Frame 469/514, Score 6.909, Time 0.721
Frame 470/514, Score 6.687, Time 1.478
Frame 471/514, Score 6.449, Time 0.718
Frame 472/514, Score 6.702, Time 0.714
Frame 473/514, Score 6.762, Time 0.714
Frame 474/514, Score 6.414, Time 0.883
Frame 475/514, Score 5.965, Time 0.880
Frame 476/514, Score 6.369, Time 0.894
Frame 477/514, Score 6.591, Time 0.893
Frame 478/514, Score 6.993, Time 0.886
Frame 479/514, Score 6.275, Time 0.891
Frame 480/514, Score 7.021, Time 1.931
Frame 481/514, Score 6.335, Time 0.883
Frame 482/514, Score 6.470, Time 0.874
Frame 483/514, Score 5.824, Time 0.881
Frame 484/514, Score 6.840, Time 0.880
Frame 485/514, Score 6.234, Time 0.880
Frame 486/514, Score 6.756, Time 0.885
Frame 487/514, Score 7.541, Time 0.882
Frame 488/514, Score 7.044, Time 0.873
Frame 489/514, Score 6.174, Time 0.880
Frame 490/514, Score 6.911, Time 1.896
Frame 491/514, Score 6.927, Time 0.882
Frame 492/514, Score 7.261, Time 0.872
Frame 493/514, Score 6.804, Time 0.866
Frame 494/514, Score 6.803, Time 0.795
Frame 495/514, Score 7.144, Time 0.705
Frame 496/514, Score 7.525, Time 0.702
Frame 497/514, Score 7.166, Time 0.705
Frame 498/514, Score 7.151, Time 0.702
Frame 499/514, Score 7.827, Time 0.704
Frame 500/514, Score 7.188, Time 1.485
Frame 501/514, Score 7.774, Time 0.704
Frame 502/514, Score 7.085, Time 0.698
Frame 503/514, Score 6.992, Time 0.700
Frame 504/514, Score 7.017, Time 0.712
Frame 505/514, Score 6.384, Time 0.704
Frame 506/514, Score 6.852, Time 0.699
Frame 507/514, Score 7.355, Time 0.699
Frame 508/514, Score 6.942, Time 0.698
Frame 509/514, Score 5.899, Time 0.700
Frame 510/514, Score 6.697, Time 1.473
Frame 511/514, Score 7.499, Time 0.706
Frame 512/514, Score 7.003, Time 0.703
Frame 513/514, Score 6.802, Time 0.703
results/20210121_SUPNexttoShark_human_0.json
Dealing with mdnet_input/20210121_SUPNexttoShark/20210121_SUPNexttoShark_shark_0.json
Frame 1/688, Score 5.334, Time 0.747
Frame 2/688, Score 5.543, Time 0.751
Frame 3/688, Score 5.143, Time 0.749
Frame 4/688, Score 5.023, Time 0.747
Frame 5/688, Score 5.125, Time 0.745
Frame 6/688, Score 4.566, Time 0.738
Frame 7/688, Score 4.531, Time 0.745
Frame 8/688, Score 3.709, Time 0.741
Frame 9/688, Score 0.828, Time 0.748
Frame 10/688, Score 2.439, Time 1.521
Frame 11/688, Score 5.697, Time 0.739
Frame 12/688, Score 6.187, Time 0.742
Frame 13/688, Score 5.506, Time 0.744
Frame 14/688, Score 6.207, Time 0.738
Frame 15/688, Score 6.142, Time 0.740
Frame 16/688, Score 6.022, Time 0.750
Frame 17/688, Score 5.689, Time 0.737
Frame 18/688, Score 5.187, Time 0.745
Frame 19/688, Score 5.337, Time 0.773
Frame 20/688, Score 5.658, Time 1.548
Frame 21/688, Score 6.572, Time 0.738
Frame 22/688, Score 6.381, Time 0.732
Frame 23/688, Score 6.233, Time 0.730
Frame 24/688, Score 6.260, Time 0.757
Frame 25/688, Score 5.814, Time 0.918
Frame 26/688, Score 5.320, Time 0.728
Frame 27/688, Score 5.540, Time 0.725
Frame 28/688, Score 5.394, Time 0.722
Frame 29/688, Score 5.444, Time 0.717
Frame 30/688, Score 4.864, Time 1.494
Frame 31/688, Score 6.527, Time 0.743
Frame 32/688, Score 6.677, Time 0.741
Frame 33/688, Score 6.280, Time 0.730
Frame 34/688, Score 6.240, Time 0.726
Frame 35/688, Score 5.883, Time 0.733
Frame 36/688, Score 5.983, Time 0.739
Frame 37/688, Score 5.976, Time 0.728
Frame 38/688, Score 5.966, Time 0.753
Frame 39/688, Score 6.258, Time 0.718
Frame 40/688, Score 6.644, Time 1.495
Frame 41/688, Score 7.424, Time 0.729
Frame 42/688, Score 7.312, Time 0.718
Frame 43/688, Score 6.850, Time 0.733
Frame 44/688, Score 6.874, Time 0.712
Frame 45/688, Score 7.480, Time 0.724
Frame 46/688, Score 7.348, Time 0.711
Frame 47/688, Score 6.934, Time 0.720
Frame 48/688, Score 5.995, Time 0.720
Frame 49/688, Score 5.864, Time 0.724
Frame 50/688, Score 5.045, Time 1.512
Frame 51/688, Score 5.698, Time 0.714
Frame 52/688, Score 5.776, Time 0.715
Frame 53/688, Score 5.741, Time 0.857
Frame 54/688, Score 6.196, Time 0.720
Frame 55/688, Score 6.065, Time 0.736
Frame 56/688, Score 5.900, Time 0.712
Frame 57/688, Score 6.384, Time 0.890
Frame 58/688, Score 6.545, Time 1.109
Frame 59/688, Score 6.721, Time 0.752
Frame 60/688, Score 6.147, Time 1.506
Frame 61/688, Score 6.009, Time 0.723
Frame 62/688, Score 6.166, Time 0.720
Frame 63/688, Score 5.979, Time 0.717
Frame 64/688, Score 5.549, Time 0.716
Frame 65/688, Score 4.815, Time 0.715
Frame 66/688, Score 4.986, Time 0.703
Frame 67/688, Score 3.959, Time 0.708
Frame 68/688, Score 4.294, Time 0.710
Frame 69/688, Score 3.287, Time 0.713
Frame 70/688, Score 3.177, Time 1.500
Frame 71/688, Score 5.009, Time 0.712
Frame 72/688, Score 4.874, Time 0.712
Frame 73/688, Score 4.373, Time 0.722
Frame 74/688, Score 4.723, Time 0.708
Frame 75/688, Score 4.784, Time 0.704
Frame 76/688, Score 4.845, Time 0.699
Frame 77/688, Score 4.337, Time 0.713
Frame 78/688, Score 4.550, Time 0.709
Frame 79/688, Score 4.746, Time 0.709
Frame 80/688, Score 4.719, Time 1.485
Frame 81/688, Score 3.300, Time 0.726
Frame 82/688, Score 3.132, Time 0.723
Frame 83/688, Score 3.649, Time 0.715
Frame 84/688, Score 2.750, Time 0.712
Frame 85/688, Score 2.409, Time 0.715
Frame 86/688, Score 2.086, Time 0.734
Frame 87/688, Score 0.940, Time 0.711
Frame 88/688, Score 0.080, Time 0.716
Frame 89/688, Score 1.077, Time 0.712
Frame 90/688, Score 0.943, Time 1.490
Frame 91/688, Score 1.395, Time 0.709
Frame 92/688, Score 1.121, Time 0.703
Frame 93/688, Score 0.764, Time 0.709
Frame 94/688, Score 1.217, Time 0.702
Frame 95/688, Score 2.204, Time 0.705
Frame 96/688, Score 2.904, Time 0.705
Frame 97/688, Score 2.224, Time 0.710
Frame 98/688, Score 2.715, Time 0.706
Frame 99/688, Score 1.271, Time 0.705
Frame 100/688, Score 1.969, Time 1.500
Frame 101/688, Score 3.441, Time 0.716
Frame 102/688, Score 3.400, Time 0.708
Frame 103/688, Score 3.486, Time 0.710
Frame 104/688, Score 2.220, Time 0.711
Frame 105/688, Score 1.282, Time 0.711
Frame 106/688, Score 0.735, Time 0.701
Frame 107/688, Score 0.800, Time 0.709
Frame 108/688, Score 1.413, Time 0.706
Frame 109/688, Score 0.728, Time 0.707
Frame 110/688, Score 1.592, Time 1.502
Frame 111/688, Score 2.237, Time 0.711
Frame 112/688, Score 2.751, Time 0.713
Frame 113/688, Score 1.713, Time 0.712
Frame 114/688, Score 2.320, Time 0.708
Frame 115/688, Score 3.014, Time 0.715
Frame 116/688, Score 3.218, Time 0.706
Frame 117/688, Score 2.904, Time 0.706
Frame 118/688, Score 3.388, Time 0.709
Frame 119/688, Score 3.064, Time 0.710
Frame 120/688, Score 3.175, Time 1.486
Frame 121/688, Score 2.576, Time 0.718
Frame 122/688, Score 2.583, Time 0.714
Frame 123/688, Score 2.855, Time 0.724
Frame 124/688, Score 2.571, Time 0.705
Frame 125/688, Score 2.907, Time 0.710
Frame 126/688, Score 3.194, Time 0.709
Frame 127/688, Score 2.401, Time 0.727
Frame 128/688, Score 2.809, Time 0.707
Frame 129/688, Score 3.254, Time 0.709
Frame 130/688, Score 3.596, Time 1.480
Frame 131/688, Score 4.409, Time 0.714
Frame 132/688, Score 4.457, Time 0.708
Frame 133/688, Score 4.967, Time 0.706
Frame 134/688, Score 4.777, Time 0.704
Frame 135/688, Score 5.018, Time 0.709
Frame 136/688, Score 4.595, Time 0.702
Frame 137/688, Score 4.740, Time 0.713
Frame 138/688, Score 4.668, Time 0.707
Frame 139/688, Score 4.595, Time 0.708
Frame 140/688, Score 4.478, Time 1.522
Frame 141/688, Score 3.672, Time 0.718
Frame 142/688, Score 4.758, Time 0.702
Frame 143/688, Score 4.837, Time 0.706
Frame 144/688, Score 4.347, Time 0.710
Frame 145/688, Score 4.854, Time 0.711
Frame 146/688, Score 4.880, Time 0.818
Frame 147/688, Score 5.457, Time 0.705
Frame 148/688, Score 5.530, Time 0.707
Frame 149/688, Score 5.995, Time 0.717
Frame 150/688, Score 5.808, Time 1.501
Frame 151/688, Score 6.847, Time 0.721
Frame 152/688, Score 6.972, Time 0.710
Frame 153/688, Score 6.404, Time 0.703
Frame 154/688, Score 5.919, Time 0.708
Frame 155/688, Score 6.412, Time 0.706
Frame 156/688, Score 6.323, Time 0.705
Frame 157/688, Score 6.144, Time 0.704
Frame 158/688, Score 5.945, Time 0.707
Frame 159/688, Score 6.101, Time 0.709
Frame 160/688, Score 6.147, Time 1.510
Frame 161/688, Score 4.172, Time 0.709
Frame 162/688, Score 3.793, Time 0.700
Frame 163/688, Score 4.632, Time 0.713
Frame 164/688, Score 3.901, Time 0.712
Frame 165/688, Score 4.524, Time 0.710
Frame 166/688, Score 4.439, Time 0.706
Frame 167/688, Score 3.814, Time 0.705
Frame 168/688, Score 4.505, Time 0.710
Frame 169/688, Score 4.189, Time 0.712
Frame 170/688, Score 4.270, Time 1.480
Frame 171/688, Score 5.084, Time 0.715
Frame 172/688, Score 4.713, Time 0.710
Frame 173/688, Score 5.118, Time 0.710
Frame 174/688, Score 5.896, Time 0.714
Frame 175/688, Score 6.245, Time 0.707
Frame 176/688, Score 5.883, Time 0.709
Frame 177/688, Score 6.223, Time 0.709
Frame 178/688, Score 5.806, Time 0.704
Frame 179/688, Score 6.392, Time 0.719
Frame 180/688, Score 6.542, Time 1.473
Frame 181/688, Score 6.889, Time 0.720
Frame 182/688, Score 7.419, Time 0.709
Frame 183/688, Score 7.660, Time 0.712
Frame 184/688, Score 7.476, Time 0.710
Frame 185/688, Score 7.904, Time 0.722
Frame 186/688, Score 7.067, Time 0.705
Frame 187/688, Score 7.119, Time 0.723
Frame 188/688, Score 7.157, Time 0.711
Frame 189/688, Score 7.128, Time 0.713
Frame 190/688, Score 7.194, Time 1.500
Frame 191/688, Score 7.046, Time 0.723
Frame 192/688, Score 6.895, Time 0.714
Frame 193/688, Score 7.593, Time 0.709
Frame 194/688, Score 6.797, Time 0.711
Frame 195/688, Score 6.150, Time 0.705
Frame 196/688, Score 5.934, Time 0.710
Frame 197/688, Score 6.967, Time 0.714
Frame 198/688, Score 5.361, Time 0.710
Frame 199/688, Score 6.330, Time 0.711
Frame 200/688, Score 5.461, Time 1.468
Frame 201/688, Score 4.962, Time 0.715
Frame 202/688, Score 3.811, Time 0.712
Frame 203/688, Score 3.535, Time 0.705
Frame 204/688, Score 3.343, Time 0.710
Frame 205/688, Score 4.191, Time 0.721
Frame 206/688, Score 3.402, Time 0.708
Frame 207/688, Score 3.574, Time 0.705
Frame 208/688, Score 3.774, Time 0.706
Frame 209/688, Score 3.369, Time 0.709
Frame 210/688, Score 1.990, Time 1.484
Frame 211/688, Score 3.610, Time 0.706
Frame 212/688, Score 3.241, Time 0.714
Frame 213/688, Score 3.478, Time 0.705
Frame 214/688, Score 3.757, Time 0.706
Frame 215/688, Score 3.700, Time 0.714
Frame 216/688, Score 2.794, Time 0.705
Frame 217/688, Score 3.174, Time 0.705
Frame 218/688, Score 2.066, Time 0.719
Frame 219/688, Score 1.963, Time 0.712
Frame 220/688, Score -0.665, Time 1.130
Frame 221/688, Score 2.134, Time 0.719
Frame 222/688, Score 0.947, Time 0.709
Frame 223/688, Score 1.360, Time 0.713
Frame 224/688, Score 2.120, Time 0.708
Frame 225/688, Score -0.066, Time 1.162
Frame 226/688, Score 4.185, Time 0.722
Frame 227/688, Score 2.996, Time 0.711
Frame 228/688, Score 1.128, Time 0.710
Frame 229/688, Score 0.441, Time 0.708
Frame 230/688, Score 1.076, Time 1.493
Frame 231/688, Score 5.991, Time 0.719
Frame 232/688, Score 4.495, Time 0.710
Frame 233/688, Score 4.869, Time 0.713
Frame 234/688, Score 5.011, Time 0.712
Frame 235/688, Score 4.410, Time 0.715
Frame 236/688, Score 4.145, Time 0.711
Frame 237/688, Score 3.471, Time 0.717
Frame 238/688, Score 3.414, Time 0.722
Frame 239/688, Score 2.591, Time 0.715
Frame 240/688, Score 3.623, Time 1.505
Frame 241/688, Score 3.235, Time 0.716
Frame 242/688, Score 0.855, Time 0.700
Frame 243/688, Score 2.223, Time 0.705
Frame 244/688, Score 0.739, Time 0.712
Frame 245/688, Score 0.292, Time 0.709
Frame 246/688, Score 1.227, Time 0.716
Frame 247/688, Score 0.914, Time 0.711
Frame 248/688, Score 0.257, Time 0.717
Frame 249/688, Score 1.238, Time 0.712
Frame 250/688, Score 0.317, Time 1.505
Frame 251/688, Score 4.832, Time 0.726
Frame 252/688, Score 3.274, Time 0.712
Frame 253/688, Score 2.684, Time 0.707
Frame 254/688, Score 2.677, Time 0.708
Frame 255/688, Score 0.998, Time 0.713
Frame 256/688, Score 2.256, Time 0.716
Frame 257/688, Score 0.332, Time 0.714
Frame 258/688, Score 3.353, Time 0.710
Frame 259/688, Score 2.154, Time 0.705
Frame 260/688, Score 2.194, Time 1.523
Frame 261/688, Score 3.617, Time 0.709
Frame 262/688, Score 3.395, Time 0.718
Frame 263/688, Score 3.677, Time 0.731
Frame 264/688, Score 1.784, Time 0.713
Frame 265/688, Score 1.895, Time 0.710
Frame 266/688, Score 2.548, Time 0.711
Frame 267/688, Score 3.181, Time 0.724
Frame 268/688, Score 2.979, Time 0.720
Frame 269/688, Score 1.519, Time 0.719
Frame 270/688, Score 2.399, Time 1.505
Frame 271/688, Score 3.883, Time 0.719
Frame 272/688, Score 3.113, Time 0.711
Frame 273/688, Score 3.658, Time 0.717
Frame 274/688, Score 3.633, Time 0.711
Frame 275/688, Score 2.114, Time 0.708
Frame 276/688, Score 3.229, Time 0.722
Frame 277/688, Score 3.693, Time 0.710
Frame 278/688, Score 2.819, Time 0.705
Frame 279/688, Score 3.058, Time 0.707
Frame 280/688, Score 2.792, Time 1.483
Frame 281/688, Score 3.985, Time 0.726
Frame 282/688, Score 3.791, Time 0.710
Frame 283/688, Score 3.473, Time 0.714
Frame 284/688, Score 3.458, Time 0.710
Frame 285/688, Score 3.110, Time 0.839
Frame 286/688, Score 3.474, Time 0.717
Frame 287/688, Score 3.475, Time 0.712
Frame 288/688, Score 2.925, Time 0.708
Frame 289/688, Score 3.164, Time 0.713
Frame 290/688, Score 2.919, Time 1.491
Frame 291/688, Score 3.204, Time 0.724
Frame 292/688, Score 3.511, Time 0.713
Frame 293/688, Score 3.213, Time 0.717
Frame 294/688, Score 3.632, Time 0.712
Frame 295/688, Score 2.201, Time 0.714
Frame 296/688, Score 2.902, Time 0.712
Frame 297/688, Score 2.594, Time 0.709
Frame 298/688, Score 3.324, Time 0.710
Frame 299/688, Score 3.120, Time 0.714
Frame 300/688, Score 3.161, Time 1.486
Frame 301/688, Score 4.226, Time 0.717
Frame 302/688, Score 4.029, Time 0.711
Frame 303/688, Score 4.301, Time 0.713
Frame 304/688, Score 4.291, Time 0.714
Frame 305/688, Score 4.165, Time 0.712
Frame 306/688, Score 4.303, Time 0.712
Frame 307/688, Score 4.490, Time 0.712
Frame 308/688, Score 3.775, Time 0.707
Frame 309/688, Score 4.433, Time 0.717
Frame 310/688, Score 3.794, Time 1.497
Frame 311/688, Score 4.540, Time 0.725
Frame 312/688, Score 4.609, Time 0.715
Frame 313/688, Score 5.359, Time 0.715
Frame 314/688, Score 5.162, Time 0.711
Frame 315/688, Score 4.384, Time 0.721
Frame 316/688, Score 4.992, Time 0.876
Frame 317/688, Score 4.881, Time 0.885
Frame 318/688, Score 4.758, Time 0.887
Frame 319/688, Score 3.772, Time 0.885
Frame 320/688, Score 3.893, Time 1.889
Frame 321/688, Score 3.163, Time 0.895
Frame 322/688, Score 5.934, Time 0.884
Frame 323/688, Score 5.529, Time 0.884
Frame 324/688, Score 5.921, Time 0.887
Frame 325/688, Score 6.525, Time 0.888
Frame 326/688, Score 5.637, Time 0.897
Frame 327/688, Score 6.009, Time 0.886
Frame 328/688, Score 4.939, Time 0.880
Frame 329/688, Score 5.615, Time 0.891
Frame 330/688, Score 6.062, Time 1.876
Frame 331/688, Score 5.815, Time 0.898
Frame 332/688, Score 6.319, Time 0.889
Frame 333/688, Score 5.817, Time 0.890
Frame 334/688, Score 5.531, Time 0.887
Frame 335/688, Score 5.255, Time 0.885
Frame 336/688, Score 5.528, Time 0.818
Frame 337/688, Score 5.410, Time 0.715
Frame 338/688, Score 5.200, Time 0.711
Frame 339/688, Score 5.269, Time 0.708
Frame 340/688, Score 5.337, Time 1.510
Frame 341/688, Score 6.117, Time 0.717
Frame 342/688, Score 5.931, Time 0.712
Frame 343/688, Score 5.772, Time 0.710
Frame 344/688, Score 5.767, Time 0.709
Frame 345/688, Score 5.954, Time 0.714
Frame 346/688, Score 5.168, Time 0.716
Frame 347/688, Score 5.349, Time 0.710
Frame 348/688, Score 5.739, Time 0.708
Frame 349/688, Score 5.744, Time 0.711
Frame 350/688, Score 5.530, Time 1.477
Frame 351/688, Score 5.381, Time 0.715
Frame 352/688, Score 5.224, Time 0.711
Frame 353/688, Score 5.036, Time 0.704
Frame 354/688, Score 5.510, Time 0.705
Frame 355/688, Score 4.600, Time 0.708
Frame 356/688, Score 5.042, Time 0.700
Frame 357/688, Score 4.974, Time 0.710
Frame 358/688, Score 4.408, Time 0.712
Frame 359/688, Score 5.012, Time 0.728
Frame 360/688, Score 4.688, Time 1.505
Frame 361/688, Score 4.849, Time 0.709
Frame 362/688, Score 4.674, Time 0.710
Frame 363/688, Score 4.778, Time 0.710
Frame 364/688, Score 5.574, Time 0.714
Frame 365/688, Score 5.304, Time 0.710
Frame 366/688, Score 5.259, Time 0.710
Frame 367/688, Score 4.974, Time 0.710
Frame 368/688, Score 4.664, Time 0.709
Frame 369/688, Score 5.406, Time 0.711
Frame 370/688, Score 5.728, Time 1.494
Frame 371/688, Score 4.720, Time 0.728
Frame 372/688, Score 5.542, Time 0.704
Frame 373/688, Score 5.565, Time 0.706
Frame 374/688, Score 5.322, Time 0.705
Frame 375/688, Score 4.911, Time 0.702
Frame 376/688, Score 4.876, Time 0.698
Frame 377/688, Score 4.891, Time 0.709
Frame 378/688, Score 4.490, Time 0.709
Frame 379/688, Score 5.258, Time 0.705
Frame 380/688, Score 4.760, Time 1.510
Frame 381/688, Score 5.744, Time 0.710
Frame 382/688, Score 5.787, Time 0.699
Frame 383/688, Score 6.453, Time 0.704
Frame 384/688, Score 5.291, Time 0.730
Frame 385/688, Score 5.579, Time 0.700
Frame 386/688, Score 5.866, Time 0.709
Frame 387/688, Score 5.284, Time 0.708
Frame 388/688, Score 6.409, Time 0.703
Frame 389/688, Score 5.310, Time 0.706
Frame 390/688, Score 5.065, Time 1.506
Frame 391/688, Score 6.683, Time 0.712
Frame 392/688, Score 6.964, Time 0.707
Frame 393/688, Score 5.657, Time 0.705
Frame 394/688, Score 6.114, Time 0.704
Frame 395/688, Score 6.332, Time 0.711
Frame 396/688, Score 6.545, Time 0.707
Frame 397/688, Score 6.581, Time 0.716
Frame 398/688, Score 5.612, Time 0.704
Frame 399/688, Score 6.849, Time 0.719
Frame 400/688, Score 6.343, Time 1.483
Frame 401/688, Score 6.534, Time 0.720
Frame 402/688, Score 6.840, Time 0.708
Frame 403/688, Score 5.620, Time 0.710
Frame 404/688, Score 6.107, Time 0.707
Frame 405/688, Score 5.753, Time 0.717
Frame 406/688, Score 6.834, Time 0.707
Frame 407/688, Score 5.377, Time 0.709
Frame 408/688, Score 6.112, Time 0.703
Frame 409/688, Score 4.895, Time 0.708
Frame 410/688, Score 5.653, Time 1.505
Frame 411/688, Score 5.202, Time 0.713
Frame 412/688, Score 5.858, Time 0.711
Frame 413/688, Score 5.228, Time 0.719
Frame 414/688, Score 5.376, Time 0.706
Frame 415/688, Score 5.817, Time 0.715
Frame 416/688, Score 6.301, Time 0.707
Frame 417/688, Score 5.629, Time 0.706
Frame 418/688, Score 4.780, Time 0.709
Frame 419/688, Score 5.786, Time 0.704
Frame 420/688, Score 5.381, Time 1.511
Frame 421/688, Score 4.947, Time 0.709
Frame 422/688, Score 5.148, Time 0.738
Frame 423/688, Score 4.490, Time 0.704
Frame 424/688, Score 4.921, Time 0.701
Frame 425/688, Score 5.122, Time 0.710
Frame 426/688, Score 5.287, Time 0.707
Frame 427/688, Score 5.295, Time 0.704
Frame 428/688, Score 5.076, Time 0.710
Frame 429/688, Score 5.379, Time 0.709
Frame 430/688, Score 5.695, Time 1.466
Frame 431/688, Score 5.914, Time 0.708
Frame 432/688, Score 5.128, Time 0.712
Frame 433/688, Score 5.152, Time 0.703
Frame 434/688, Score 5.491, Time 0.708
Frame 435/688, Score 4.920, Time 0.727
Frame 436/688, Score 4.717, Time 0.708
Frame 437/688, Score 4.945, Time 0.715
Frame 438/688, Score 4.658, Time 0.704
Frame 439/688, Score 4.661, Time 0.708
Frame 440/688, Score 5.431, Time 1.467
Frame 441/688, Score 4.430, Time 0.716
Frame 442/688, Score 4.899, Time 0.714
Frame 443/688, Score 4.443, Time 0.721
Frame 444/688, Score 4.435, Time 0.722
Frame 445/688, Score 4.429, Time 0.719
Frame 446/688, Score 4.522, Time 0.721
Frame 447/688, Score 4.184, Time 0.713
Frame 448/688, Score 4.699, Time 0.748
Frame 449/688, Score 4.901, Time 0.709
Frame 450/688, Score 4.134, Time 1.484
Frame 451/688, Score 4.741, Time 0.713
Frame 452/688, Score 5.196, Time 0.700
Frame 453/688, Score 4.982, Time 0.707
Frame 454/688, Score 4.999, Time 0.716
Frame 455/688, Score 5.180, Time 0.705
Frame 456/688, Score 4.222, Time 0.702
Frame 457/688, Score 3.698, Time 0.708
Frame 458/688, Score 4.890, Time 0.713
Frame 459/688, Score 4.733, Time 0.704
Frame 460/688, Score 4.227, Time 1.514
Frame 461/688, Score 6.517, Time 0.711
Frame 462/688, Score 6.279, Time 0.704
Frame 463/688, Score 5.780, Time 0.709
Frame 464/688, Score 6.696, Time 0.709
Frame 465/688, Score 4.962, Time 0.706
Frame 466/688, Score 5.948, Time 0.707
Frame 467/688, Score 6.080, Time 0.714
Frame 468/688, Score 5.586, Time 0.703
Frame 469/688, Score 5.865, Time 0.716
Frame 470/688, Score 5.815, Time 1.491
Frame 471/688, Score 5.073, Time 0.723
Frame 472/688, Score 5.538, Time 0.712
Frame 473/688, Score 5.285, Time 0.743
Frame 474/688, Score 5.557, Time 0.710
Frame 475/688, Score 5.100, Time 0.709
Frame 476/688, Score 5.354, Time 0.712
Frame 477/688, Score 5.624, Time 0.712
Frame 478/688, Score 5.529, Time 0.711
Frame 479/688, Score 5.166, Time 0.712
Frame 480/688, Score 5.917, Time 1.473
Frame 481/688, Score 5.710, Time 0.723
Frame 482/688, Score 5.639, Time 0.708
Frame 483/688, Score 5.696, Time 0.710
Frame 484/688, Score 6.079, Time 0.708
Frame 485/688, Score 5.483, Time 0.707
Frame 486/688, Score 5.280, Time 0.738
Frame 487/688, Score 5.496, Time 0.712
Frame 488/688, Score 5.414, Time 0.713
Frame 489/688, Score 5.224, Time 0.707
Frame 490/688, Score 5.699, Time 1.514
Frame 491/688, Score 6.037, Time 0.716
Frame 492/688, Score 5.378, Time 0.716
Frame 493/688, Score 6.285, Time 0.710
Frame 494/688, Score 5.538, Time 0.710
Frame 495/688, Score 6.184, Time 0.708
Frame 496/688, Score 6.366, Time 0.705
Frame 497/688, Score 5.520, Time 0.705
Frame 498/688, Score 5.475, Time 0.701
Frame 499/688, Score 6.028, Time 0.703
Frame 500/688, Score 4.957, Time 1.495
Frame 501/688, Score 4.465, Time 0.712
Frame 502/688, Score 4.013, Time 0.709
Frame 503/688, Score 4.051, Time 0.710
Frame 504/688, Score 4.042, Time 0.711
Frame 505/688, Score 4.081, Time 0.714
Frame 506/688, Score 3.705, Time 0.717
Frame 507/688, Score 3.884, Time 0.712
Frame 508/688, Score 4.203, Time 0.711
Frame 509/688, Score 3.754, Time 0.716
Frame 510/688, Score 4.212, Time 1.498
Frame 511/688, Score 5.139, Time 0.718
Frame 512/688, Score 5.379, Time 0.715
Frame 513/688, Score 5.092, Time 0.712
Frame 514/688, Score 5.143, Time 0.714
Frame 515/688, Score 5.249, Time 0.708
Frame 516/688, Score 5.282, Time 0.711
Frame 517/688, Score 5.493, Time 0.716
Frame 518/688, Score 5.174, Time 0.716
Frame 519/688, Score 5.476, Time 0.717
Frame 520/688, Score 4.853, Time 1.503
Frame 521/688, Score 5.446, Time 0.718
Frame 522/688, Score 5.303, Time 0.715
Frame 523/688, Score 5.070, Time 0.715
Frame 524/688, Score 4.659, Time 0.710
Frame 525/688, Score 5.596, Time 0.712
Frame 526/688, Score 5.439, Time 0.709
Frame 527/688, Score 5.492, Time 0.713
Frame 528/688, Score 4.490, Time 0.711
Frame 529/688, Score 4.998, Time 0.715
Frame 530/688, Score 5.350, Time 1.508
Frame 531/688, Score 5.254, Time 0.707
Frame 532/688, Score 4.674, Time 0.719
Frame 533/688, Score 4.258, Time 0.698
Frame 534/688, Score 5.420, Time 0.722
Frame 535/688, Score 4.500, Time 0.706
Frame 536/688, Score 4.942, Time 0.706
Frame 537/688, Score 4.112, Time 0.704
Frame 538/688, Score 4.559, Time 0.711
Frame 539/688, Score 4.877, Time 0.705
Frame 540/688, Score 4.708, Time 1.499
Frame 541/688, Score 5.155, Time 0.729
Frame 542/688, Score 5.233, Time 0.714
Frame 543/688, Score 5.125, Time 0.714
Frame 544/688, Score 5.279, Time 0.709
Frame 545/688, Score 5.066, Time 0.714
Frame 546/688, Score 5.370, Time 0.737
Frame 547/688, Score 5.148, Time 0.716
Frame 548/688, Score 5.539, Time 0.779
Frame 549/688, Score 5.297, Time 0.710
Frame 550/688, Score 5.621, Time 1.571
Frame 551/688, Score 6.179, Time 0.884
Frame 552/688, Score 5.794, Time 0.711
Frame 553/688, Score 5.096, Time 0.719
Frame 554/688, Score 5.505, Time 0.707
Frame 555/688, Score 5.258, Time 0.707
Frame 556/688, Score 5.203, Time 0.717
Frame 557/688, Score 5.711, Time 0.717
Frame 558/688, Score 5.250, Time 0.804
Frame 559/688, Score 4.927, Time 0.742
Frame 560/688, Score 5.366, Time 1.504
Frame 561/688, Score 4.749, Time 0.834
Frame 562/688, Score 5.180, Time 0.877
Frame 563/688, Score 4.646, Time 0.877
Frame 564/688, Score 4.541, Time 0.879
Frame 565/688, Score 4.633, Time 0.871
Frame 566/688, Score 4.593, Time 0.873
Frame 567/688, Score 4.004, Time 0.871
Frame 568/688, Score 4.469, Time 0.875
Frame 569/688, Score 4.733, Time 0.872
Frame 570/688, Score 4.523, Time 1.727
Frame 571/688, Score 5.457, Time 0.792
Frame 572/688, Score 5.640, Time 0.884
Frame 573/688, Score 5.198, Time 0.880
Frame 574/688, Score 5.392, Time 0.879
Frame 575/688, Score 5.508, Time 0.872
Frame 576/688, Score 5.481, Time 0.741
Frame 577/688, Score 5.139, Time 0.796
Frame 578/688, Score 4.964, Time 0.753
Frame 579/688, Score 5.038, Time 0.716
Frame 580/688, Score 5.049, Time 1.593
Frame 581/688, Score 6.971, Time 0.720
Frame 582/688, Score 6.633, Time 0.723
Frame 583/688, Score 6.790, Time 0.725
Frame 584/688, Score 6.988, Time 0.718
Frame 585/688, Score 6.839, Time 0.715
Frame 586/688, Score 6.486, Time 0.714
Frame 587/688, Score 6.524, Time 0.722
Frame 588/688, Score 6.603, Time 0.725
Frame 589/688, Score 6.685, Time 0.725
Frame 590/688, Score 6.527, Time 1.537
Frame 591/688, Score 5.546, Time 0.709
Frame 592/688, Score 4.902, Time 0.703
Frame 593/688, Score 5.036, Time 0.705
Frame 594/688, Score 5.073, Time 0.706
Frame 595/688, Score 5.098, Time 0.745
Frame 596/688, Score 5.026, Time 0.707
Frame 597/688, Score 4.709, Time 0.707
Frame 598/688, Score 5.194, Time 0.702
Frame 599/688, Score 5.408, Time 0.708
Frame 600/688, Score 4.791, Time 1.474
Frame 601/688, Score 6.835, Time 0.712
Frame 602/688, Score 6.188, Time 0.703
Frame 603/688, Score 6.756, Time 0.701
Frame 604/688, Score 6.569, Time 0.716
Frame 605/688, Score 6.587, Time 0.714
Frame 606/688, Score 5.903, Time 0.706
Frame 607/688, Score 6.466, Time 0.708
Frame 608/688, Score 6.252, Time 0.734
Frame 609/688, Score 6.218, Time 0.713
Frame 610/688, Score 6.184, Time 1.511
Frame 611/688, Score 6.374, Time 0.706
Frame 612/688, Score 6.106, Time 0.702
Frame 613/688, Score 6.361, Time 0.698
Frame 614/688, Score 6.243, Time 0.699
Frame 615/688, Score 5.787, Time 0.711
Frame 616/688, Score 6.313, Time 0.704
Frame 617/688, Score 5.674, Time 0.702
Frame 618/688, Score 5.912, Time 0.704
Frame 619/688, Score 6.463, Time 0.703
Frame 620/688, Score 6.380, Time 1.498
Frame 621/688, Score 5.079, Time 0.709
Frame 622/688, Score 5.342, Time 0.703
Frame 623/688, Score 5.098, Time 0.705
Frame 624/688, Score 4.735, Time 0.704
Frame 625/688, Score 4.552, Time 0.705
Frame 626/688, Score 5.040, Time 0.703
Frame 627/688, Score 4.570, Time 0.701
Frame 628/688, Score 5.464, Time 0.703
Frame 629/688, Score 4.540, Time 0.698
Frame 630/688, Score 4.496, Time 1.483
Frame 631/688, Score 7.366, Time 0.705
Frame 632/688, Score 6.135, Time 0.702
Frame 633/688, Score 6.679, Time 0.707
Frame 634/688, Score 7.068, Time 0.701
Frame 635/688, Score 7.064, Time 0.702
Frame 636/688, Score 6.480, Time 0.699
Frame 637/688, Score 5.605, Time 0.703
Frame 638/688, Score 6.450, Time 0.704
Frame 639/688, Score 6.822, Time 0.702
Frame 640/688, Score 6.856, Time 1.495
Frame 641/688, Score 6.759, Time 0.701
Frame 642/688, Score 6.110, Time 0.700
Frame 643/688, Score 6.475, Time 0.702
Frame 644/688, Score 6.419, Time 0.709
Frame 645/688, Score 5.229, Time 0.706
Frame 646/688, Score 6.257, Time 0.710
Frame 647/688, Score 5.611, Time 0.708
Frame 648/688, Score 5.947, Time 0.705
Frame 649/688, Score 6.111, Time 0.706
Frame 650/688, Score 6.168, Time 1.496
Frame 651/688, Score 6.752, Time 0.709
Frame 652/688, Score 6.411, Time 0.701
Frame 653/688, Score 6.721, Time 0.698
Frame 654/688, Score 7.005, Time 0.701
Frame 655/688, Score 5.956, Time 0.700
Frame 656/688, Score 7.035, Time 0.700
Frame 657/688, Score 6.271, Time 0.699
Frame 658/688, Score 7.259, Time 0.706
Frame 659/688, Score 6.685, Time 0.703
Frame 660/688, Score 7.835, Time 1.491
Frame 661/688, Score 7.220, Time 0.705
Frame 662/688, Score 7.717, Time 0.703
Frame 663/688, Score 5.897, Time 0.703
Frame 664/688, Score 7.727, Time 0.701
Frame 665/688, Score 6.434, Time 0.707
Frame 666/688, Score 5.966, Time 0.701
Frame 667/688, Score 7.478, Time 0.702
Frame 668/688, Score 5.520, Time 0.717
Frame 669/688, Score 6.507, Time 0.806
Frame 670/688, Score 7.158, Time 1.477
Frame 671/688, Score 7.266, Time 0.744
Frame 672/688, Score 7.422, Time 0.701
Frame 673/688, Score 7.302, Time 0.705
Frame 674/688, Score 7.762, Time 0.697
Frame 675/688, Score 7.071, Time 0.699
Frame 676/688, Score 7.140, Time 0.701
Frame 677/688, Score 7.200, Time 0.700
Frame 678/688, Score 6.518, Time 0.699
Frame 679/688, Score 6.788, Time 0.699
Frame 680/688, Score 5.807, Time 1.489
Frame 681/688, Score 7.556, Time 0.710
Frame 682/688, Score 6.413, Time 0.701
Frame 683/688, Score 6.884, Time 0.702
Frame 684/688, Score 6.986, Time 0.704
Frame 685/688, Score 7.216, Time 0.710
Frame 686/688, Score 7.179, Time 0.718
Frame 687/688, Score 7.465, Time 0.781
results/20210121_SUPNexttoShark_shark_0.json
