Unloaded dependency: anaconda3/2020.11

CommandNotFoundError: Your shell has not been properly configured to use 'conda deactivate'.
To initialize your shell, run

    $ conda init <SHELL_NAME>

Currently supported shells are:
  - bash
  - fish
  - tcsh
  - xonsh
  - zsh
  - powershell

See 'conda init --help' for more information and options.

IMPORTANT: You may need to close and restart your shell after running 'conda init'.


Unloading the anaconda2 module (if loaded)...
Loaded dependency: anaconda3/2020.11
AI/Version: anaconda3.2020.11
-----------------------------

Description
-----------
The modulefile AI/anaconda3.2020.11 provides a unified, rich, anaconda3 based
environment for Artificial Intelligence(AI)/Machine Learning(ML)/Big Data(BD)
on top of based on Python 3.

Module contents
---------------
Several popular AI/ML/BD packages are included in this environment, such as:
    tensorflow-gpu, theano, keras-gpu, pytorch, opencv, pandas, scikit-learn,
scikit-image etc.

To check the full list of available packages in this environment, first
activate it and then run the command
    conda list

Main packages included in this module:
* astropy 4.2
* blas 1.0
* bokeh 2.2.3
* cudatoolkit 10.0.130
* cudnn 7.6.5
* h5py 2.8.0
* hdf5 1.10.2
* ipython 7.19.0
* jupyter 1.0.0
* jupyterlab 2.2.6
* keras-gpu 2.3.1
* matplotlib 3.3.2
* mkl 2019.4
* nccl 1.3.5
* networkx 2.5
* ninja 1.10.2
* nltk 3.5
* notebook 6.1.6
* numba 0.51.2
* numpy 1.17.0
* opencv 3.4.2
* pandas 1.2.0
* pillow 8.1.0
* pip 20.3.3
* python 3.8.5
* pytorch 1.5.0
* scikit-learn 0.23.2
* scipy 1.5.2
* seaborn 0.11.1
* tensorboard 1.15.0
* tensorflow-gpu 1.15.0
* theano 1.0.4

If you need to further customize this environment (e.g., install additional
packages, or upgrade a particular package),
you should first clone this environment as follows:
    conda create --prefix <path to a dir in which you can write> --clone
$AI_ENV
Then activate the newly spawned environment and proceed with your
customization.

To get further help with conda usage, you can try one of the following:
    conda -h
    conda <command> -h

Activate the module
-------------------
Before activating, make sure you are on a GPU node of Bridges2 if you wish to
use the components built to run on GPUs.
To activate the environment, run the following commands:
    # module load AI/anaconda3.2020.11
    source activate $AI_ENV
        # OR
    conda activate $AI_ENV # This might require you to run "conda init" first.

Dealing with mdnet_input/20210812_JamesWithShark3/20210812_JamesWithShark3_1_0.json
Frame 1/553, Score 7.247, Time 0.800
Frame 2/553, Score 6.541, Time 0.792
Frame 3/553, Score 6.685, Time 0.754
Frame 4/553, Score 7.788, Time 0.772
Frame 5/553, Score 6.798, Time 0.785
Frame 6/553, Score 6.982, Time 0.752
Frame 7/553, Score 6.269, Time 0.763
Frame 8/553, Score 6.682, Time 0.795
Frame 9/553, Score 6.789, Time 0.829
Frame 10/553, Score 6.344, Time 2.060
Frame 11/553, Score 9.019, Time 0.732
Frame 12/553, Score 8.944, Time 0.724
Frame 13/553, Score 9.100, Time 0.729
Frame 14/553, Score 9.166, Time 0.720
Frame 15/553, Score 8.546, Time 0.726
Frame 16/553, Score 9.053, Time 0.739
Frame 17/553, Score 9.009, Time 0.768
Frame 18/553, Score 9.054, Time 0.782
Frame 19/553, Score 8.823, Time 0.738
Frame 20/553, Score 8.697, Time 2.090
Frame 21/553, Score 12.505, Time 0.844
Frame 22/553, Score 12.156, Time 0.728
Frame 23/553, Score 11.583, Time 0.728
Frame 24/553, Score 11.301, Time 0.779
Frame 25/553, Score 10.031, Time 0.748
Frame 26/553, Score 11.280, Time 0.796
Frame 27/553, Score 11.078, Time 0.709
Frame 28/553, Score 11.069, Time 0.728
Frame 29/553, Score 10.782, Time 0.727
Frame 30/553, Score 10.803, Time 1.958
Frame 31/553, Score 11.892, Time 0.749
Frame 32/553, Score 12.155, Time 0.775
Frame 33/553, Score 11.656, Time 0.775
Frame 34/553, Score 12.649, Time 0.751
Frame 35/553, Score 12.168, Time 0.748
Frame 36/553, Score 13.219, Time 0.744
Frame 37/553, Score 13.534, Time 0.768
Frame 38/553, Score 13.470, Time 0.728
Frame 39/553, Score 12.466, Time 0.793
Frame 40/553, Score 13.135, Time 1.988
Frame 41/553, Score 14.137, Time 0.768
Frame 42/553, Score 12.932, Time 0.759
Frame 43/553, Score 14.041, Time 0.734
Frame 44/553, Score 14.093, Time 0.715
Frame 45/553, Score 15.114, Time 0.701
Frame 46/553, Score 14.865, Time 0.762
Frame 47/553, Score 14.523, Time 0.738
Frame 48/553, Score 14.381, Time 0.746
Frame 49/553, Score 15.215, Time 0.796
Frame 50/553, Score 14.342, Time 1.914
Frame 51/553, Score 12.749, Time 0.758
Frame 52/553, Score 13.439, Time 0.748
Frame 53/553, Score 12.932, Time 0.790
Frame 54/553, Score 13.195, Time 0.802
Frame 55/553, Score 13.007, Time 0.750
Frame 56/553, Score 12.239, Time 0.767
Frame 57/553, Score 12.459, Time 0.817
Frame 58/553, Score 12.519, Time 0.758
Frame 59/553, Score 12.889, Time 0.768
Frame 60/553, Score 13.547, Time 2.100
Frame 61/553, Score 13.105, Time 0.790
Frame 62/553, Score 12.759, Time 1.059
Frame 63/553, Score 12.455, Time 0.911
Frame 64/553, Score 11.337, Time 0.815
Frame 65/553, Score 12.512, Time 0.939
Frame 66/553, Score 11.287, Time 0.827
Frame 67/553, Score 11.745, Time 0.905
Frame 68/553, Score 10.800, Time 0.771
Frame 69/553, Score 9.723, Time 0.855
Frame 70/553, Score 10.080, Time 2.372
Frame 71/553, Score 13.082, Time 0.781
Frame 72/553, Score 12.521, Time 0.865
Frame 73/553, Score 12.332, Time 0.882
Frame 74/553, Score 13.354, Time 0.764
Frame 75/553, Score 12.601, Time 0.771
Frame 76/553, Score 13.094, Time 0.829
Frame 77/553, Score 12.784, Time 0.959
Frame 78/553, Score 12.366, Time 0.716
Frame 79/553, Score 12.944, Time 0.746
Frame 80/553, Score 12.936, Time 1.995
Frame 81/553, Score 12.450, Time 0.834
Frame 82/553, Score 11.099, Time 0.802
Frame 83/553, Score 10.861, Time 0.786
Frame 84/553, Score 11.442, Time 0.778
Frame 85/553, Score 11.352, Time 0.799
Frame 86/553, Score 11.810, Time 0.782
Frame 87/553, Score 11.977, Time 0.772
Frame 88/553, Score 12.072, Time 0.819
Frame 89/553, Score 12.203, Time 0.746
Frame 90/553, Score 11.204, Time 2.121
Frame 91/553, Score 11.479, Time 0.806
Frame 92/553, Score 11.526, Time 0.734
Frame 93/553, Score 11.294, Time 0.752
Frame 94/553, Score 10.924, Time 0.757
Frame 95/553, Score 10.560, Time 0.764
Frame 96/553, Score 10.506, Time 0.705
Frame 97/553, Score 10.575, Time 0.752
Frame 98/553, Score 10.429, Time 0.811
Frame 99/553, Score 9.810, Time 0.769
Frame 100/553, Score 10.264, Time 2.036
Frame 101/553, Score 10.288, Time 0.799
Frame 102/553, Score 9.210, Time 0.772
Frame 103/553, Score 10.408, Time 0.818
Frame 104/553, Score 9.930, Time 0.770
Frame 105/553, Score 10.355, Time 0.736
Frame 106/553, Score 9.324, Time 0.700
Frame 107/553, Score 9.641, Time 0.736
Frame 108/553, Score 10.240, Time 0.761
Frame 109/553, Score 10.968, Time 0.776
Frame 110/553, Score 11.356, Time 2.055
Frame 111/553, Score 15.326, Time 0.791
Frame 112/553, Score 15.133, Time 0.846
Frame 113/553, Score 15.838, Time 0.766
Frame 114/553, Score 16.700, Time 0.759
Frame 115/553, Score 16.452, Time 0.751
Frame 116/553, Score 17.222, Time 0.746
Frame 117/553, Score 16.801, Time 0.988
Frame 118/553, Score 17.857, Time 0.880
Frame 119/553, Score 16.862, Time 0.902
Frame 120/553, Score 18.366, Time 2.171
Frame 121/553, Score 19.529, Time 0.886
Frame 122/553, Score 20.246, Time 0.795
Frame 123/553, Score 20.608, Time 0.802
Frame 124/553, Score 21.196, Time 0.757
Frame 125/553, Score 21.726, Time 0.753
Frame 126/553, Score 19.890, Time 0.780
Frame 127/553, Score 19.570, Time 0.768
Frame 128/553, Score 20.015, Time 0.723
Frame 129/553, Score 20.377, Time 0.742
Frame 130/553, Score 19.902, Time 2.135
Frame 131/553, Score 20.741, Time 0.891
Frame 132/553, Score 20.681, Time 0.846
Frame 133/553, Score 20.162, Time 0.867
Frame 134/553, Score 19.664, Time 0.877
Frame 135/553, Score 20.082, Time 0.809
Frame 136/553, Score 20.278, Time 0.910
Frame 137/553, Score 19.658, Time 0.888
Frame 138/553, Score 19.295, Time 0.819
Frame 139/553, Score 19.766, Time 0.886
Frame 140/553, Score 18.142, Time 2.251
Frame 141/553, Score 17.004, Time 0.875
Frame 142/553, Score 17.011, Time 0.899
Frame 143/553, Score 17.208, Time 0.905
Frame 144/553, Score 16.739, Time 0.888
Frame 145/553, Score 16.058, Time 0.789
Frame 146/553, Score 14.476, Time 0.833
Frame 147/553, Score 15.797, Time 0.800
Frame 148/553, Score 16.202, Time 0.765
Frame 149/553, Score 14.456, Time 0.752
Frame 150/553, Score 16.065, Time 2.117
Frame 151/553, Score 15.143, Time 0.742
Frame 152/553, Score 14.675, Time 0.748
Frame 153/553, Score 15.141, Time 0.728
Frame 154/553, Score 14.844, Time 0.725
Frame 155/553, Score 14.431, Time 0.751
Frame 156/553, Score 14.359, Time 0.756
Frame 157/553, Score 14.631, Time 0.790
Frame 158/553, Score 15.292, Time 0.821
Frame 159/553, Score 14.549, Time 0.771
Frame 160/553, Score 14.743, Time 2.063
Frame 161/553, Score 14.496, Time 0.761
Frame 162/553, Score 15.202, Time 0.750
Frame 163/553, Score 14.627, Time 0.765
Frame 164/553, Score 15.318, Time 0.744
Frame 165/553, Score 14.367, Time 0.760
Frame 166/553, Score 14.666, Time 0.744
Frame 167/553, Score 14.203, Time 0.743
Frame 168/553, Score 14.776, Time 0.715
Frame 169/553, Score 12.890, Time 0.780
Frame 170/553, Score 14.000, Time 1.908
Frame 171/553, Score 12.987, Time 0.737
Frame 172/553, Score 12.708, Time 0.807
Frame 173/553, Score 12.680, Time 0.733
Frame 174/553, Score 12.410, Time 0.820
Frame 175/553, Score 11.476, Time 0.793
Frame 176/553, Score 11.854, Time 0.789
Frame 177/553, Score 12.503, Time 0.781
Frame 178/553, Score 11.256, Time 0.728
Frame 179/553, Score 12.901, Time 0.744
Frame 180/553, Score 12.850, Time 2.195
Frame 181/553, Score 13.376, Time 0.740
Frame 182/553, Score 13.018, Time 0.726
Frame 183/553, Score 12.639, Time 0.718
Frame 184/553, Score 13.089, Time 0.733
Frame 185/553, Score 13.257, Time 0.733
Frame 186/553, Score 13.105, Time 0.720
Frame 187/553, Score 14.040, Time 0.736
Frame 188/553, Score 13.530, Time 0.750
Frame 189/553, Score 12.798, Time 0.715
Frame 190/553, Score 13.663, Time 2.148
Frame 191/553, Score 14.474, Time 0.777
Frame 192/553, Score 14.430, Time 0.778
Frame 193/553, Score 14.827, Time 0.739
Frame 194/553, Score 14.496, Time 0.739
Frame 195/553, Score 15.030, Time 0.722
Frame 196/553, Score 14.044, Time 0.734
Frame 197/553, Score 15.460, Time 0.765
Frame 198/553, Score 15.241, Time 0.733
Frame 199/553, Score 15.693, Time 0.757
Frame 200/553, Score 15.232, Time 2.044
Frame 201/553, Score 16.046, Time 0.855
Frame 202/553, Score 16.182, Time 0.761
Frame 203/553, Score 16.293, Time 0.700
Frame 204/553, Score 15.956, Time 0.718
Frame 205/553, Score 16.492, Time 0.745
Frame 206/553, Score 15.349, Time 0.730
Frame 207/553, Score 15.083, Time 0.728
Frame 208/553, Score 15.556, Time 0.787
Frame 209/553, Score 16.486, Time 0.764
Frame 210/553, Score 15.802, Time 2.070
Frame 211/553, Score 17.023, Time 0.753
Frame 212/553, Score 17.436, Time 0.739
Frame 213/553, Score 17.812, Time 0.746
Frame 214/553, Score 17.391, Time 0.719
Frame 215/553, Score 17.363, Time 0.741
Frame 216/553, Score 15.981, Time 0.728
Frame 217/553, Score 17.874, Time 0.701
Frame 218/553, Score 17.846, Time 0.716
Frame 219/553, Score 17.055, Time 0.761
Frame 220/553, Score 16.694, Time 2.024
Frame 221/553, Score 17.364, Time 0.743
Frame 222/553, Score 16.787, Time 0.718
Frame 223/553, Score 16.577, Time 0.811
Frame 224/553, Score 15.931, Time 0.761
Frame 225/553, Score 16.154, Time 0.862
Frame 226/553, Score 16.510, Time 0.786
Frame 227/553, Score 15.843, Time 0.707
Frame 228/553, Score 15.654, Time 0.741
Frame 229/553, Score 15.818, Time 0.744
Frame 230/553, Score 16.396, Time 2.033
Frame 231/553, Score 16.462, Time 0.745
Frame 232/553, Score 15.446, Time 0.731
Frame 233/553, Score 16.172, Time 0.744
Frame 234/553, Score 15.768, Time 0.736
Frame 235/553, Score 15.503, Time 0.767
Frame 236/553, Score 15.584, Time 0.737
Frame 237/553, Score 14.541, Time 0.719
Frame 238/553, Score 14.808, Time 0.717
Frame 239/553, Score 14.518, Time 0.743
Frame 240/553, Score 14.325, Time 2.023
Frame 241/553, Score 13.050, Time 0.741
Frame 242/553, Score 11.649, Time 0.729
Frame 243/553, Score 12.516, Time 0.742
Frame 244/553, Score 11.979, Time 0.711
Frame 245/553, Score 12.182, Time 0.710
Frame 246/553, Score 10.900, Time 0.747
Frame 247/553, Score 12.576, Time 0.799
Frame 248/553, Score 11.844, Time 0.741
Frame 249/553, Score 13.958, Time 0.753
Frame 250/553, Score 13.559, Time 2.048
Frame 251/553, Score 12.990, Time 0.774
Frame 252/553, Score 13.871, Time 0.750
Frame 253/553, Score 13.405, Time 0.744
Frame 254/553, Score 13.041, Time 0.724
Frame 255/553, Score 12.941, Time 0.723
Frame 256/553, Score 12.316, Time 0.750
Frame 257/553, Score 11.709, Time 0.806
Frame 258/553, Score 12.384, Time 0.760
Frame 259/553, Score 12.227, Time 0.744
Frame 260/553, Score 12.133, Time 2.086
Frame 261/553, Score 11.719, Time 0.767
Frame 262/553, Score 11.436, Time 0.712
Frame 263/553, Score 11.720, Time 0.743
Frame 264/553, Score 12.061, Time 0.720
Frame 265/553, Score 11.579, Time 0.749
Frame 266/553, Score 12.649, Time 0.735
Frame 267/553, Score 12.154, Time 0.874
Frame 268/553, Score 12.774, Time 0.809
Frame 269/553, Score 11.615, Time 0.712
Frame 270/553, Score 12.196, Time 2.147
Frame 271/553, Score 17.122, Time 0.822
Frame 272/553, Score 16.351, Time 0.771
Frame 273/553, Score 17.534, Time 0.777
Frame 274/553, Score 16.275, Time 0.749
Frame 275/553, Score 16.298, Time 0.740
Frame 276/553, Score 16.001, Time 0.696
Frame 277/553, Score 16.168, Time 0.813
Frame 278/553, Score 16.167, Time 0.826
Frame 279/553, Score 16.153, Time 0.828
Frame 280/553, Score 16.418, Time 2.203
Frame 281/553, Score 17.897, Time 0.787
Frame 282/553, Score 17.815, Time 0.799
Frame 283/553, Score 17.463, Time 0.700
Frame 284/553, Score 17.918, Time 0.753
Frame 285/553, Score 17.950, Time 0.735
Frame 286/553, Score 18.718, Time 0.709
Frame 287/553, Score 19.844, Time 0.717
Frame 288/553, Score 19.544, Time 0.715
Frame 289/553, Score 19.609, Time 0.751
Frame 290/553, Score 19.100, Time 2.195
Frame 291/553, Score 19.527, Time 0.860
Frame 292/553, Score 19.894, Time 0.704
Frame 293/553, Score 18.995, Time 0.816
Frame 294/553, Score 20.360, Time 0.763
Frame 295/553, Score 20.845, Time 0.700
Frame 296/553, Score 20.791, Time 0.753
Frame 297/553, Score 21.056, Time 0.749
Frame 298/553, Score 20.047, Time 0.718
Frame 299/553, Score 20.294, Time 0.721
Frame 300/553, Score 21.014, Time 2.011
Frame 301/553, Score 19.610, Time 0.866
Frame 302/553, Score 20.232, Time 0.822
Frame 303/553, Score 19.710, Time 0.801
Frame 304/553, Score 20.162, Time 0.723
Frame 305/553, Score 18.944, Time 0.710
Frame 306/553, Score 18.907, Time 0.710
Frame 307/553, Score 20.322, Time 0.762
Frame 308/553, Score 21.231, Time 0.744
Frame 309/553, Score 20.270, Time 0.823
Frame 310/553, Score 19.974, Time 2.193
Frame 311/553, Score 19.745, Time 0.727
Frame 312/553, Score 20.907, Time 0.695
Frame 313/553, Score 20.676, Time 0.722
Frame 314/553, Score 19.522, Time 0.719
Frame 315/553, Score 19.638, Time 0.714
Frame 316/553, Score 19.391, Time 0.715
Frame 317/553, Score 19.228, Time 0.708
Frame 318/553, Score 19.262, Time 0.699
Frame 319/553, Score 18.545, Time 0.702
Frame 320/553, Score 18.405, Time 2.105
Frame 321/553, Score 18.171, Time 0.883
Frame 322/553, Score 18.089, Time 0.688
Frame 323/553, Score 19.336, Time 0.730
Frame 324/553, Score 18.785, Time 0.759
Frame 325/553, Score 18.678, Time 0.789
Frame 326/553, Score 18.042, Time 0.754
Frame 327/553, Score 18.277, Time 0.715
Frame 328/553, Score 19.264, Time 0.820
Frame 329/553, Score 19.367, Time 0.798
Frame 330/553, Score 19.406, Time 2.386
Frame 331/553, Score 20.331, Time 0.797
Frame 332/553, Score 18.797, Time 0.832
Frame 333/553, Score 20.770, Time 0.789
Frame 334/553, Score 20.449, Time 0.811
Frame 335/553, Score 18.754, Time 0.757
Frame 336/553, Score 19.638, Time 0.719
Frame 337/553, Score 20.132, Time 0.757
Frame 338/553, Score 19.085, Time 0.744
Frame 339/553, Score 19.037, Time 0.755
Frame 340/553, Score 18.472, Time 2.139
Frame 341/553, Score 17.011, Time 0.837
Frame 342/553, Score 16.371, Time 0.729
Frame 343/553, Score 16.243, Time 0.725
Frame 344/553, Score 16.518, Time 0.697
Frame 345/553, Score 17.061, Time 0.697
Frame 346/553, Score 17.522, Time 0.704
Frame 347/553, Score 17.294, Time 0.718
Frame 348/553, Score 17.816, Time 0.715
Frame 349/553, Score 18.007, Time 0.714
Frame 350/553, Score 17.462, Time 2.169
Frame 351/553, Score 15.100, Time 0.787
Frame 352/553, Score 14.896, Time 0.865
Frame 353/553, Score 15.560, Time 0.702
Frame 354/553, Score 15.629, Time 0.706
Frame 355/553, Score 15.075, Time 0.702
Frame 356/553, Score 16.099, Time 0.733
Frame 357/553, Score 16.856, Time 0.952
Frame 358/553, Score 15.910, Time 0.844
Frame 359/553, Score 15.884, Time 0.796
Frame 360/553, Score 16.221, Time 2.305
Frame 361/553, Score 16.672, Time 0.751
Frame 362/553, Score 15.711, Time 0.732
Frame 363/553, Score 15.794, Time 0.709
Frame 364/553, Score 16.045, Time 0.721
Frame 365/553, Score 15.723, Time 0.701
Frame 366/553, Score 15.838, Time 0.707
Frame 367/553, Score 16.259, Time 0.739
Frame 368/553, Score 16.355, Time 0.823
Frame 369/553, Score 15.326, Time 0.819
Frame 370/553, Score 16.062, Time 2.242
Frame 371/553, Score 16.770, Time 0.799
Frame 372/553, Score 15.709, Time 0.721
Frame 373/553, Score 15.585, Time 0.772
Frame 374/553, Score 15.606, Time 0.836
Frame 375/553, Score 15.358, Time 0.733
Frame 376/553, Score 15.367, Time 0.753
Frame 377/553, Score 15.846, Time 0.722
Frame 378/553, Score 14.528, Time 0.717
Frame 379/553, Score 13.741, Time 0.708
Frame 380/553, Score 13.575, Time 2.019
Frame 381/553, Score 13.369, Time 0.716
Frame 382/553, Score 13.324, Time 0.727
Frame 383/553, Score 14.471, Time 0.828
Frame 384/553, Score 14.921, Time 0.841
Frame 385/553, Score 15.297, Time 0.721
Frame 386/553, Score 14.784, Time 0.728
Frame 387/553, Score 14.807, Time 0.768
Frame 388/553, Score 15.404, Time 0.782
Frame 389/553, Score 15.732, Time 0.797
Frame 390/553, Score 15.953, Time 1.965
Frame 391/553, Score 14.161, Time 0.753
Frame 392/553, Score 15.702, Time 0.734
Frame 393/553, Score 15.209, Time 0.777
Frame 394/553, Score 14.961, Time 0.713
Frame 395/553, Score 15.542, Time 0.730
Frame 396/553, Score 14.836, Time 0.718
Frame 397/553, Score 15.850, Time 0.717
Frame 398/553, Score 15.285, Time 0.717
Frame 399/553, Score 14.476, Time 0.759
Frame 400/553, Score 14.822, Time 1.931
Frame 401/553, Score 14.076, Time 0.824
Frame 402/553, Score 14.173, Time 0.746
Frame 403/553, Score 14.515, Time 0.707
Frame 404/553, Score 13.821, Time 0.716
Frame 405/553, Score 15.194, Time 0.758
Frame 406/553, Score 14.349, Time 0.793
Frame 407/553, Score 13.588, Time 0.684
Frame 408/553, Score 13.913, Time 0.718
Frame 409/553, Score 13.199, Time 0.731
Frame 410/553, Score 13.461, Time 2.116
Frame 411/553, Score 13.505, Time 0.760
Frame 412/553, Score 13.689, Time 0.786
Frame 413/553, Score 12.978, Time 0.774
Frame 414/553, Score 12.677, Time 0.705
Frame 415/553, Score 13.350, Time 0.746
Frame 416/553, Score 12.282, Time 0.755
Frame 417/553, Score 13.226, Time 0.705
Frame 418/553, Score 12.934, Time 0.724
Frame 419/553, Score 13.100, Time 0.752
Frame 420/553, Score 12.170, Time 1.956
Frame 421/553, Score 12.457, Time 0.735
Frame 422/553, Score 12.605, Time 0.734
Frame 423/553, Score 12.957, Time 0.762
Frame 424/553, Score 12.695, Time 0.723
Frame 425/553, Score 13.113, Time 0.696
Frame 426/553, Score 12.876, Time 0.713
Frame 427/553, Score 13.172, Time 0.704
Frame 428/553, Score 12.208, Time 0.797
Frame 429/553, Score 12.683, Time 0.795
Frame 430/553, Score 12.581, Time 2.115
Frame 431/553, Score 12.528, Time 0.740
Frame 432/553, Score 12.253, Time 0.744
Frame 433/553, Score 11.687, Time 0.722
Frame 434/553, Score 11.686, Time 0.727
Frame 435/553, Score 11.088, Time 0.716
Frame 436/553, Score 10.969, Time 0.739
Frame 437/553, Score 11.624, Time 0.711
Frame 438/553, Score 11.118, Time 0.701
Frame 439/553, Score 11.360, Time 0.737
Frame 440/553, Score 10.885, Time 2.054
Frame 441/553, Score 11.137, Time 0.800
Frame 442/553, Score 12.074, Time 0.704
Frame 443/553, Score 11.944, Time 0.718
Frame 444/553, Score 12.169, Time 0.710
Frame 445/553, Score 11.983, Time 0.737
Frame 446/553, Score 12.102, Time 0.717
Frame 447/553, Score 12.686, Time 0.740
Frame 448/553, Score 12.102, Time 0.710
Frame 449/553, Score 11.856, Time 0.721
Frame 450/553, Score 12.213, Time 1.929
Frame 451/553, Score 12.291, Time 0.756
Frame 452/553, Score 12.414, Time 0.720
Frame 453/553, Score 12.230, Time 0.766
Frame 454/553, Score 13.033, Time 0.750
Frame 455/553, Score 11.957, Time 0.743
Frame 456/553, Score 10.768, Time 0.718
Frame 457/553, Score 10.687, Time 0.727
Frame 458/553, Score 12.120, Time 0.721
Frame 459/553, Score 12.298, Time 0.761
Frame 460/553, Score 11.587, Time 1.977
Frame 461/553, Score 12.530, Time 0.786
Frame 462/553, Score 12.366, Time 0.726
Frame 463/553, Score 12.560, Time 0.726
Frame 464/553, Score 11.846, Time 0.721
Frame 465/553, Score 12.046, Time 0.745
Frame 466/553, Score 11.100, Time 0.762
Frame 467/553, Score 11.346, Time 0.794
Frame 468/553, Score 11.010, Time 0.806
Frame 469/553, Score 11.017, Time 0.767
Frame 470/553, Score 11.415, Time 2.100
Frame 471/553, Score 11.863, Time 0.893
Frame 472/553, Score 11.055, Time 0.854
Frame 473/553, Score 11.494, Time 0.810
Frame 474/553, Score 11.290, Time 0.908
Frame 475/553, Score 11.501, Time 0.873
Frame 476/553, Score 11.909, Time 0.865
Frame 477/553, Score 12.267, Time 0.785
Frame 478/553, Score 12.292, Time 0.811
Frame 479/553, Score 11.792, Time 0.897
Frame 480/553, Score 12.189, Time 2.180
Frame 481/553, Score 12.648, Time 0.889
Frame 482/553, Score 11.612, Time 0.719
Frame 483/553, Score 11.356, Time 0.725
Frame 484/553, Score 11.404, Time 0.739
Frame 485/553, Score 11.254, Time 0.719
Frame 486/553, Score 10.801, Time 0.758
Frame 487/553, Score 9.851, Time 0.751
Frame 488/553, Score 11.089, Time 0.735
Frame 489/553, Score 11.155, Time 0.780
Frame 490/553, Score 10.478, Time 1.996
Frame 491/553, Score 10.772, Time 0.766
Frame 492/553, Score 11.013, Time 0.762
Frame 493/553, Score 9.343, Time 0.743
Frame 494/553, Score 9.335, Time 0.731
Frame 495/553, Score 9.967, Time 0.755
Frame 496/553, Score 10.385, Time 0.742
Frame 497/553, Score 10.390, Time 0.735
Frame 498/553, Score 11.329, Time 0.736
Frame 499/553, Score 10.976, Time 0.712
Frame 500/553, Score 10.733, Time 2.128
Frame 501/553, Score 12.152, Time 0.790
Frame 502/553, Score 11.254, Time 0.725
Frame 503/553, Score 11.475, Time 0.718
Frame 504/553, Score 11.128, Time 0.698
Frame 505/553, Score 11.321, Time 0.768
Frame 506/553, Score 11.186, Time 0.755
Frame 507/553, Score 11.417, Time 0.783
Frame 508/553, Score 11.612, Time 0.781
Frame 509/553, Score 12.041, Time 0.749
Frame 510/553, Score 10.747, Time 2.249
Frame 511/553, Score 10.642, Time 0.807
Frame 512/553, Score 9.364, Time 0.709
Frame 513/553, Score 10.116, Time 0.754
Frame 514/553, Score 10.488, Time 0.708
Frame 515/553, Score 10.401, Time 0.735
Frame 516/553, Score 10.063, Time 0.730
Frame 517/553, Score 10.594, Time 0.768
Frame 518/553, Score 10.606, Time 0.743
Frame 519/553, Score 9.966, Time 0.728
Frame 520/553, Score 10.121, Time 1.919
Frame 521/553, Score 13.654, Time 0.889
Frame 522/553, Score 13.140, Time 0.744
Frame 523/553, Score 13.444, Time 0.797
Frame 524/553, Score 13.308, Time 0.753
Frame 525/553, Score 13.418, Time 0.717
Frame 526/553, Score 13.182, Time 0.884
Frame 527/553, Score 13.187, Time 0.740
Frame 528/553, Score 14.019, Time 0.786
Frame 529/553, Score 13.727, Time 0.728
Frame 530/553, Score 13.438, Time 2.117
Frame 531/553, Score 13.901, Time 0.736
Frame 532/553, Score 14.941, Time 0.703
Frame 533/553, Score 14.135, Time 0.760
Frame 534/553, Score 13.477, Time 0.744
Frame 535/553, Score 12.909, Time 0.762
Frame 536/553, Score 13.257, Time 0.698
Frame 537/553, Score 11.941, Time 0.750
Frame 538/553, Score 11.459, Time 0.725
Frame 539/553, Score 11.601, Time 0.741
Frame 540/553, Score 11.967, Time 1.993
Frame 541/553, Score 10.345, Time 0.780
Frame 542/553, Score 9.416, Time 0.810
Frame 543/553, Score 8.428, Time 0.717
Frame 544/553, Score 8.863, Time 0.713
Frame 545/553, Score 8.513, Time 0.729
Frame 546/553, Score 7.693, Time 0.718
Frame 547/553, Score 7.723, Time 0.746
Frame 548/553, Score 8.111, Time 0.720
Frame 549/553, Score 7.715, Time 0.764
Frame 550/553, Score 8.475, Time 1.995
Frame 551/553, Score 10.246, Time 0.730
Frame 552/553, Score 10.499, Time 0.726
results/20210812_JamesWithShark3_1_0.json
Dealing with mdnet_input/20210812_JamesWithShark3/20210812_JamesWithShark3_shark_0.json
Frame 1/457, Score 1.706, Time 0.684
Frame 2/457, Score 1.429, Time 0.724
Frame 3/457, Score -0.575, Time 1.505
Frame 4/457, Score -1.842, Time 1.501
Frame 5/457, Score -1.904, Time 1.464
Frame 6/457, Score -1.145, Time 1.489
Frame 7/457, Score -0.630, Time 1.419
Frame 8/457, Score -0.776, Time 1.534
Frame 9/457, Score 0.308, Time 0.789
Frame 10/457, Score 0.728, Time 1.804
Frame 11/457, Score 1.890, Time 0.764
Frame 12/457, Score 1.403, Time 0.704
Frame 13/457, Score 1.752, Time 0.716
Frame 14/457, Score 2.063, Time 0.734
Frame 15/457, Score 2.016, Time 0.722
Frame 16/457, Score 2.400, Time 0.714
Frame 17/457, Score 0.222, Time 0.703
Frame 18/457, Score 0.338, Time 0.717
Frame 19/457, Score 0.759, Time 0.710
Frame 20/457, Score 1.477, Time 1.885
Frame 21/457, Score 3.515, Time 0.774
Frame 22/457, Score 3.383, Time 0.729
Frame 23/457, Score 3.687, Time 0.785
Frame 24/457, Score 4.080, Time 0.764
Frame 25/457, Score 3.873, Time 0.710
Frame 26/457, Score 3.846, Time 0.708
Frame 27/457, Score 3.794, Time 0.692
Frame 28/457, Score 4.232, Time 0.697
Frame 29/457, Score 4.311, Time 0.751
Frame 30/457, Score 3.849, Time 1.844
Frame 31/457, Score 3.771, Time 0.742
Frame 32/457, Score 4.045, Time 0.743
Frame 33/457, Score 4.553, Time 0.693
Frame 34/457, Score 4.826, Time 0.706
Frame 35/457, Score 5.232, Time 0.751
Frame 36/457, Score 5.526, Time 0.740
Frame 37/457, Score 5.242, Time 0.744
Frame 38/457, Score 5.329, Time 0.696
Frame 39/457, Score 5.297, Time 0.701
Frame 40/457, Score 4.966, Time 1.870
Frame 41/457, Score 5.758, Time 0.737
Frame 42/457, Score 6.241, Time 0.706
Frame 43/457, Score 6.107, Time 0.760
Frame 44/457, Score 6.463, Time 0.747
Frame 45/457, Score 7.105, Time 0.746
Frame 46/457, Score 6.578, Time 0.766
Frame 47/457, Score 6.189, Time 0.704
Frame 48/457, Score 6.075, Time 0.704
Frame 49/457, Score 6.699, Time 0.718
Frame 50/457, Score 6.870, Time 1.922
Frame 51/457, Score 7.281, Time 0.736
Frame 52/457, Score 6.820, Time 0.720
Frame 53/457, Score 6.814, Time 0.705
Frame 54/457, Score 6.412, Time 0.711
Frame 55/457, Score 5.661, Time 0.717
Frame 56/457, Score 6.354, Time 0.734
Frame 57/457, Score 7.838, Time 0.727
Frame 58/457, Score 7.374, Time 0.738
Frame 59/457, Score 7.352, Time 0.738
Frame 60/457, Score 7.313, Time 1.849
Frame 61/457, Score 7.423, Time 0.767
Frame 62/457, Score 6.596, Time 0.781
Frame 63/457, Score 7.889, Time 0.753
Frame 64/457, Score 8.505, Time 0.848
Frame 65/457, Score 8.094, Time 0.714
Frame 66/457, Score 7.416, Time 0.739
Frame 67/457, Score 8.274, Time 0.709
Frame 68/457, Score 7.937, Time 0.679
Frame 69/457, Score 7.900, Time 0.708
Frame 70/457, Score 7.200, Time 1.873
Frame 71/457, Score 7.818, Time 0.726
Frame 72/457, Score 7.177, Time 0.696
Frame 73/457, Score 8.778, Time 0.700
Frame 74/457, Score 7.599, Time 0.725
Frame 75/457, Score 7.439, Time 0.675
Frame 76/457, Score 6.555, Time 0.686
Frame 77/457, Score 6.612, Time 0.716
Frame 78/457, Score 7.254, Time 0.732
Frame 79/457, Score 6.973, Time 0.711
Frame 80/457, Score 9.106, Time 1.918
Frame 81/457, Score 7.851, Time 0.769
Frame 82/457, Score 7.210, Time 0.732
Frame 83/457, Score 7.143, Time 0.697
Frame 84/457, Score 8.116, Time 0.700
Frame 85/457, Score 7.105, Time 0.691
Frame 86/457, Score 7.220, Time 0.724
Frame 87/457, Score 8.161, Time 0.690
Frame 88/457, Score 7.409, Time 0.729
Frame 89/457, Score 6.573, Time 0.717
Frame 90/457, Score 5.681, Time 1.893
Frame 91/457, Score 5.331, Time 0.765
Frame 92/457, Score 4.638, Time 0.765
Frame 93/457, Score 4.586, Time 0.722
Frame 94/457, Score 5.917, Time 0.716
Frame 95/457, Score 7.108, Time 0.725
Frame 96/457, Score 8.220, Time 0.721
Frame 97/457, Score 8.985, Time 0.728
Frame 98/457, Score 9.377, Time 0.740
Frame 99/457, Score 9.759, Time 0.720
Frame 100/457, Score 9.097, Time 1.862
Frame 101/457, Score 9.804, Time 0.746
Frame 102/457, Score 9.045, Time 0.720
Frame 103/457, Score 10.209, Time 0.707
Frame 104/457, Score 9.548, Time 0.699
Frame 105/457, Score 9.957, Time 0.737
Frame 106/457, Score 10.045, Time 0.733
Frame 107/457, Score 9.404, Time 0.720
Frame 108/457, Score 10.370, Time 0.768
Frame 109/457, Score 9.435, Time 0.723
Frame 110/457, Score 10.210, Time 1.795
Frame 111/457, Score 9.692, Time 0.752
Frame 112/457, Score 9.421, Time 0.737
Frame 113/457, Score 9.230, Time 0.720
Frame 114/457, Score 9.906, Time 0.731
Frame 115/457, Score 10.285, Time 0.788
Frame 116/457, Score 9.969, Time 0.767
Frame 117/457, Score 9.430, Time 0.747
Frame 118/457, Score 8.952, Time 0.706
Frame 119/457, Score 8.821, Time 0.715
Frame 120/457, Score 8.575, Time 1.891
Frame 121/457, Score 8.233, Time 0.706
Frame 122/457, Score 8.598, Time 0.767
Frame 123/457, Score 7.325, Time 0.698
Frame 124/457, Score 7.401, Time 0.729
Frame 125/457, Score 9.032, Time 0.718
Frame 126/457, Score 7.135, Time 0.735
Frame 127/457, Score 8.707, Time 0.727
Frame 128/457, Score 9.016, Time 0.732
Frame 129/457, Score 8.142, Time 0.754
Frame 130/457, Score 7.947, Time 1.917
Frame 131/457, Score 8.356, Time 0.714
Frame 132/457, Score 7.744, Time 0.706
Frame 133/457, Score 9.353, Time 0.675
Frame 134/457, Score 10.233, Time 0.712
Frame 135/457, Score 8.646, Time 0.730
Frame 136/457, Score 10.119, Time 0.780
Frame 137/457, Score 7.685, Time 0.687
Frame 138/457, Score 7.639, Time 0.717
Frame 139/457, Score 8.889, Time 0.763
Frame 140/457, Score 8.386, Time 1.899
Frame 141/457, Score 5.955, Time 0.734
Frame 142/457, Score 6.798, Time 0.720
Frame 143/457, Score 6.938, Time 0.780
Frame 144/457, Score 6.555, Time 0.686
Frame 145/457, Score 7.242, Time 0.690
Frame 146/457, Score 6.695, Time 0.703
Frame 147/457, Score 6.983, Time 0.714
Frame 148/457, Score 6.930, Time 0.694
Frame 149/457, Score 6.231, Time 0.711
Frame 150/457, Score 6.270, Time 1.863
Frame 151/457, Score 9.198, Time 0.740
Frame 152/457, Score 9.989, Time 0.697
Frame 153/457, Score 8.378, Time 0.688
Frame 154/457, Score 9.752, Time 0.696
Frame 155/457, Score 9.965, Time 0.703
Frame 156/457, Score 9.230, Time 0.772
Frame 157/457, Score 9.425, Time 0.727
Frame 158/457, Score 10.354, Time 0.736
Frame 159/457, Score 9.578, Time 0.715
Frame 160/457, Score 9.862, Time 1.846
Frame 161/457, Score 9.744, Time 0.766
Frame 162/457, Score 10.521, Time 0.724
Frame 163/457, Score 10.481, Time 0.698
Frame 164/457, Score 9.887, Time 0.726
Frame 165/457, Score 9.783, Time 0.697
Frame 166/457, Score 9.694, Time 0.732
Frame 167/457, Score 10.422, Time 0.706
Frame 168/457, Score 8.891, Time 0.734
Frame 169/457, Score 9.201, Time 0.725
Frame 170/457, Score 9.494, Time 1.875
Frame 171/457, Score 9.583, Time 0.752
Frame 172/457, Score 11.176, Time 0.723
Frame 173/457, Score 10.108, Time 0.709
Frame 174/457, Score 9.564, Time 0.708
Frame 175/457, Score 8.335, Time 0.715
Frame 176/457, Score 8.376, Time 0.728
Frame 177/457, Score 8.137, Time 0.694
Frame 178/457, Score 8.429, Time 0.692
Frame 179/457, Score 8.871, Time 0.728
Frame 180/457, Score 9.674, Time 1.845
Frame 181/457, Score 8.202, Time 0.739
Frame 182/457, Score 7.816, Time 0.704
Frame 183/457, Score 7.643, Time 0.673
Frame 184/457, Score 9.010, Time 0.672
Frame 185/457, Score 7.896, Time 0.696
Frame 186/457, Score 8.695, Time 0.728
Frame 187/457, Score 9.142, Time 0.736
Frame 188/457, Score 7.033, Time 0.694
Frame 189/457, Score 7.126, Time 0.719
Frame 190/457, Score 7.858, Time 1.843
Frame 191/457, Score 8.461, Time 0.761
Frame 192/457, Score 8.759, Time 0.751
Frame 193/457, Score 8.277, Time 0.716
Frame 194/457, Score 8.101, Time 0.686
Frame 195/457, Score 7.402, Time 0.698
Frame 196/457, Score 6.824, Time 0.690
Frame 197/457, Score 7.108, Time 0.687
Frame 198/457, Score 4.991, Time 0.686
Frame 199/457, Score 3.643, Time 0.698
Frame 200/457, Score 4.301, Time 1.809
Frame 201/457, Score 4.801, Time 0.807
Frame 202/457, Score 4.947, Time 0.707
Frame 203/457, Score 4.059, Time 0.739
Frame 204/457, Score 2.773, Time 0.793
Frame 205/457, Score 4.504, Time 0.868
Frame 206/457, Score 4.183, Time 0.699
Frame 207/457, Score 5.787, Time 0.707
Frame 208/457, Score 5.436, Time 0.742
Frame 209/457, Score 6.446, Time 0.706
Frame 210/457, Score 4.224, Time 1.898
Frame 211/457, Score 3.761, Time 0.794
Frame 212/457, Score 3.529, Time 0.697
Frame 213/457, Score 3.972, Time 0.718
Frame 214/457, Score 4.643, Time 0.718
Frame 215/457, Score 3.842, Time 0.719
Frame 216/457, Score 3.489, Time 0.694
Frame 217/457, Score 5.167, Time 0.684
Frame 218/457, Score 4.874, Time 0.702
Frame 219/457, Score 5.194, Time 0.705
Frame 220/457, Score 6.164, Time 1.862
Frame 221/457, Score 6.809, Time 0.728
Frame 222/457, Score 6.090, Time 0.692
Frame 223/457, Score 6.327, Time 0.701
Frame 224/457, Score 5.857, Time 0.682
Frame 225/457, Score 5.842, Time 0.699
Frame 226/457, Score 4.956, Time 0.747
Frame 227/457, Score 5.316, Time 0.723
Frame 228/457, Score 5.341, Time 0.700
Frame 229/457, Score 4.440, Time 0.690
Frame 230/457, Score 5.121, Time 1.873
Frame 231/457, Score 4.202, Time 0.769
Frame 232/457, Score 3.549, Time 0.695
Frame 233/457, Score 2.753, Time 0.756
Frame 234/457, Score 2.265, Time 0.807
Frame 235/457, Score 4.639, Time 0.810
Frame 236/457, Score 3.449, Time 0.722
Frame 237/457, Score 2.900, Time 0.717
Frame 238/457, Score 0.689, Time 0.718
Frame 239/457, Score 1.208, Time 0.681
Frame 240/457, Score 1.104, Time 1.932
Frame 241/457, Score 3.918, Time 0.831
Frame 242/457, Score 3.849, Time 0.730
Frame 243/457, Score 3.901, Time 0.675
Frame 244/457, Score 3.555, Time 0.669
Frame 245/457, Score 3.918, Time 0.827
Frame 246/457, Score 3.453, Time 0.789
Frame 247/457, Score 3.679, Time 0.857
Frame 248/457, Score 4.167, Time 0.777
Frame 249/457, Score 4.207, Time 0.849
Frame 250/457, Score 4.089, Time 2.054
Frame 251/457, Score 3.218, Time 0.869
Frame 252/457, Score 2.428, Time 0.873
Frame 253/457, Score 3.424, Time 0.844
Frame 254/457, Score 3.124, Time 0.772
Frame 255/457, Score 2.382, Time 0.859
Frame 256/457, Score 1.906, Time 0.863
Frame 257/457, Score 3.251, Time 0.855
Frame 258/457, Score 1.343, Time 0.851
Frame 259/457, Score 2.140, Time 0.826
Frame 260/457, Score 0.686, Time 2.053
Frame 261/457, Score 3.454, Time 0.714
Frame 262/457, Score 3.102, Time 0.691
Frame 263/457, Score 3.931, Time 0.731
Frame 264/457, Score 3.440, Time 0.717
Frame 265/457, Score 2.973, Time 0.697
Frame 266/457, Score 2.202, Time 0.711
Frame 267/457, Score 1.197, Time 0.701
Frame 268/457, Score 3.046, Time 0.700
Frame 269/457, Score 3.115, Time 0.736
Frame 270/457, Score 2.072, Time 1.924
Frame 271/457, Score 3.638, Time 0.730
Frame 272/457, Score 3.532, Time 0.689
Frame 273/457, Score 1.769, Time 0.680
Frame 274/457, Score 2.412, Time 0.728
Frame 275/457, Score 3.465, Time 0.712
Frame 276/457, Score 2.705, Time 0.718
Frame 277/457, Score 3.184, Time 0.680
Frame 278/457, Score 2.893, Time 0.742
Frame 279/457, Score 2.956, Time 0.795
Frame 280/457, Score 3.611, Time 1.864
Frame 281/457, Score 2.503, Time 0.718
Frame 282/457, Score 2.896, Time 0.726
Frame 283/457, Score 1.287, Time 0.742
Frame 284/457, Score 1.864, Time 0.728
Frame 285/457, Score 3.074, Time 0.710
Frame 286/457, Score 2.429, Time 0.775
Frame 287/457, Score 1.862, Time 0.706
Frame 288/457, Score 2.227, Time 0.716
Frame 289/457, Score 2.053, Time 0.705
Frame 290/457, Score 2.685, Time 1.863
Frame 291/457, Score 2.824, Time 0.762
Frame 292/457, Score 3.592, Time 0.718
Frame 293/457, Score 3.988, Time 0.703
Frame 294/457, Score 2.058, Time 0.727
Frame 295/457, Score 0.004, Time 0.729
Frame 296/457, Score 2.249, Time 0.750
Frame 297/457, Score 1.990, Time 0.722
Frame 298/457, Score 2.510, Time 0.712
Frame 299/457, Score 0.890, Time 0.771
Frame 300/457, Score 2.226, Time 1.855
Frame 301/457, Score 0.917, Time 0.722
Frame 302/457, Score 2.668, Time 0.723
Frame 303/457, Score 2.158, Time 0.759
Frame 304/457, Score 2.508, Time 0.693
Frame 305/457, Score 2.258, Time 0.713
Frame 306/457, Score 2.089, Time 0.688
Frame 307/457, Score 1.565, Time 0.718
Frame 308/457, Score 1.239, Time 0.693
Frame 309/457, Score 1.736, Time 0.700
Frame 310/457, Score 2.071, Time 1.872
Frame 311/457, Score 2.706, Time 0.724
Frame 312/457, Score 3.282, Time 0.682
Frame 313/457, Score 4.404, Time 0.685
Frame 314/457, Score 4.923, Time 0.720
Frame 315/457, Score 4.404, Time 0.772
Frame 316/457, Score 3.021, Time 0.787
Frame 317/457, Score 2.264, Time 0.710
Frame 318/457, Score 3.587, Time 0.721
Frame 319/457, Score 2.930, Time 0.686
Frame 320/457, Score 3.413, Time 1.865
Frame 321/457, Score 4.195, Time 0.738
Frame 322/457, Score 5.528, Time 0.704
Frame 323/457, Score 4.088, Time 0.776
Frame 324/457, Score 6.044, Time 0.698
Frame 325/457, Score 2.857, Time 0.723
Frame 326/457, Score 3.027, Time 0.708
Frame 327/457, Score 5.707, Time 0.694
Frame 328/457, Score 7.052, Time 0.698
Frame 329/457, Score 4.800, Time 0.729
Frame 330/457, Score 4.313, Time 1.849
Frame 331/457, Score 3.532, Time 0.765
Frame 332/457, Score 3.058, Time 0.671
Frame 333/457, Score 5.312, Time 0.683
Frame 334/457, Score 4.947, Time 0.704
Frame 335/457, Score 2.714, Time 0.713
Frame 336/457, Score 3.582, Time 0.701
Frame 337/457, Score 3.240, Time 0.699
Frame 338/457, Score 3.928, Time 0.694
Frame 339/457, Score 3.126, Time 0.695
Frame 340/457, Score 3.629, Time 1.916
Frame 341/457, Score 3.538, Time 0.746
Frame 342/457, Score 4.291, Time 0.750
Frame 343/457, Score 1.699, Time 0.690
Frame 344/457, Score 2.583, Time 0.683
Frame 345/457, Score 3.701, Time 0.689
Frame 346/457, Score 0.608, Time 0.695
Frame 347/457, Score 0.190, Time 0.791
Frame 348/457, Score 2.178, Time 0.731
Frame 349/457, Score 2.641, Time 0.686
Frame 350/457, Score 4.214, Time 1.862
Frame 351/457, Score 5.933, Time 0.697
Frame 352/457, Score 4.521, Time 0.706
Frame 353/457, Score 3.846, Time 0.804
Frame 354/457, Score 5.192, Time 0.696
Frame 355/457, Score 2.636, Time 0.760
Frame 356/457, Score 3.965, Time 0.701
Frame 357/457, Score 3.077, Time 0.686
Frame 358/457, Score 2.141, Time 0.676
Frame 359/457, Score 3.327, Time 0.689
Frame 360/457, Score 3.748, Time 1.900
Frame 361/457, Score 3.754, Time 0.805
Frame 362/457, Score 5.455, Time 0.701
Frame 363/457, Score 2.666, Time 0.755
Frame 364/457, Score 1.859, Time 0.685
Frame 365/457, Score 3.764, Time 0.696
Frame 366/457, Score 4.189, Time 0.924
Frame 367/457, Score 4.258, Time 0.696
Frame 368/457, Score 4.988, Time 0.746
Frame 369/457, Score 5.450, Time 0.722
Frame 370/457, Score 4.007, Time 1.823
Frame 371/457, Score 5.932, Time 0.774
Frame 372/457, Score 5.839, Time 0.712
Frame 373/457, Score 5.595, Time 0.742
Frame 374/457, Score 4.787, Time 0.701
Frame 375/457, Score 4.499, Time 0.721
Frame 376/457, Score 5.974, Time 0.690
Frame 377/457, Score 5.586, Time 0.715
Frame 378/457, Score 5.317, Time 0.708
Frame 379/457, Score 5.418, Time 0.722
Frame 380/457, Score 4.723, Time 1.870
Frame 381/457, Score 4.632, Time 0.758
Frame 382/457, Score 4.084, Time 0.756
Frame 383/457, Score 2.526, Time 0.720
Frame 384/457, Score 4.307, Time 0.723
Frame 385/457, Score 3.360, Time 0.692
Frame 386/457, Score 3.902, Time 0.719
Frame 387/457, Score 2.058, Time 0.693
Frame 388/457, Score 2.749, Time 0.712
Frame 389/457, Score 2.491, Time 0.689
Frame 390/457, Score 2.533, Time 1.863
Frame 391/457, Score 2.627, Time 0.746
Frame 392/457, Score 1.292, Time 0.698
Frame 393/457, Score 2.289, Time 0.687
Frame 394/457, Score 2.584, Time 0.722
Frame 395/457, Score 2.233, Time 0.701
Frame 396/457, Score 1.949, Time 0.688
Frame 397/457, Score 3.057, Time 0.683
Frame 398/457, Score 2.747, Time 0.690
Frame 399/457, Score 2.588, Time 0.683
Frame 400/457, Score 3.803, Time 1.882
Frame 401/457, Score 4.026, Time 0.719
Frame 402/457, Score 5.480, Time 0.692
Frame 403/457, Score 4.962, Time 0.687
Frame 404/457, Score 4.198, Time 0.673
Frame 405/457, Score 3.992, Time 0.684
Frame 406/457, Score 3.804, Time 0.716
Frame 407/457, Score 3.151, Time 0.694
Frame 408/457, Score 1.970, Time 0.706
Frame 409/457, Score 2.103, Time 0.707
Frame 410/457, Score 2.624, Time 1.801
Frame 411/457, Score 3.407, Time 0.720
Frame 412/457, Score 2.966, Time 0.688
Frame 413/457, Score 3.306, Time 0.688
Frame 414/457, Score 3.727, Time 0.675
Frame 415/457, Score 2.817, Time 0.698
Frame 416/457, Score 1.445, Time 0.805
Frame 417/457, Score 1.798, Time 0.726
Frame 418/457, Score 2.128, Time 0.685
Frame 419/457, Score 2.567, Time 0.689
Frame 420/457, Score 4.006, Time 1.783
Frame 421/457, Score 3.757, Time 0.789
Frame 422/457, Score 3.630, Time 0.689
Frame 423/457, Score 4.689, Time 0.696
Frame 424/457, Score 4.632, Time 0.696
Frame 425/457, Score 4.090, Time 0.703
Frame 426/457, Score 3.324, Time 0.753
Frame 427/457, Score 2.450, Time 0.702
Frame 428/457, Score 2.323, Time 0.696
Frame 429/457, Score 2.683, Time 0.722
Frame 430/457, Score 3.100, Time 1.919
Frame 431/457, Score 3.505, Time 0.700
Frame 432/457, Score 3.444, Time 0.739
Frame 433/457, Score 3.003, Time 0.668
Frame 434/457, Score 4.198, Time 0.668
Frame 435/457, Score 2.528, Time 0.703
Frame 436/457, Score 2.487, Time 0.703
Frame 437/457, Score 1.219, Time 0.698
Frame 438/457, Score 1.256, Time 0.711
Frame 439/457, Score 3.995, Time 0.685
Frame 440/457, Score 1.530, Time 1.832
Frame 441/457, Score 1.546, Time 0.780
Frame 442/457, Score 4.608, Time 0.695
Frame 443/457, Score 3.818, Time 0.726
Frame 444/457, Score 3.698, Time 0.695
Frame 445/457, Score 3.256, Time 0.687
Frame 446/457, Score 2.190, Time 0.680
Frame 447/457, Score 2.731, Time 0.757
Frame 448/457, Score 3.322, Time 0.717
Frame 449/457, Score 2.622, Time 0.713
Frame 450/457, Score 3.882, Time 1.839
Frame 451/457, Score 3.511, Time 0.703
Frame 452/457, Score 3.676, Time 0.682
Frame 453/457, Score 3.564, Time 0.680
Frame 454/457, Score 3.866, Time 0.697
Frame 455/457, Score 3.859, Time 0.698
Frame 456/457, Score 4.294, Time 0.683
results/20210812_JamesWithShark3_shark_0.json
