Unloaded dependency: anaconda3/2020.11

CommandNotFoundError: Your shell has not been properly configured to use 'conda deactivate'.
To initialize your shell, run

    $ conda init <SHELL_NAME>

Currently supported shells are:
  - bash
  - fish
  - tcsh
  - xonsh
  - zsh
  - powershell

See 'conda init --help' for more information and options.

IMPORTANT: You may need to close and restart your shell after running 'conda init'.


Unloading the anaconda2 module (if loaded)...
Loaded dependency: anaconda3/2020.11
AI/Version: anaconda3.2020.11
-----------------------------

Description
-----------
The modulefile AI/anaconda3.2020.11 provides a unified, rich, anaconda3 based
environment for Artificial Intelligence(AI)/Machine Learning(ML)/Big Data(BD)
on top of based on Python 3.

Module contents
---------------
Several popular AI/ML/BD packages are included in this environment, such as:
    tensorflow-gpu, theano, keras-gpu, pytorch, opencv, pandas, scikit-learn,
scikit-image etc.

To check the full list of available packages in this environment, first
activate it and then run the command
    conda list

Main packages included in this module:
* astropy 4.2
* blas 1.0
* bokeh 2.2.3
* cudatoolkit 10.0.130
* cudnn 7.6.5
* h5py 2.8.0
* hdf5 1.10.2
* ipython 7.19.0
* jupyter 1.0.0
* jupyterlab 2.2.6
* keras-gpu 2.3.1
* matplotlib 3.3.2
* mkl 2019.4
* nccl 1.3.5
* networkx 2.5
* ninja 1.10.2
* nltk 3.5
* notebook 6.1.6
* numba 0.51.2
* numpy 1.17.0
* opencv 3.4.2
* pandas 1.2.0
* pillow 8.1.0
* pip 20.3.3
* python 3.8.5
* pytorch 1.5.0
* scikit-learn 0.23.2
* scipy 1.5.2
* seaborn 0.11.1
* tensorboard 1.15.0
* tensorflow-gpu 1.15.0
* theano 1.0.4

If you need to further customize this environment (e.g., install additional
packages, or upgrade a particular package),
you should first clone this environment as follows:
    conda create --prefix <path to a dir in which you can write> --clone
$AI_ENV
Then activate the newly spawned environment and proceed with your
customization.

To get further help with conda usage, you can try one of the following:
    conda -h
    conda <command> -h

Activate the module
-------------------
Before activating, make sure you are on a GPU node of Bridges2 if you wish to
use the components built to run on GPUs.
To activate the environment, run the following commands:
    # module load AI/anaconda3.2020.11
    source activate $AI_ENV
        # OR
    conda activate $AI_ENV # This might require you to run "conda init" first.

Dealing with mdnet_input/20210812_JamesWithShark2/20210812_JamesWithShark2_1_0.json
Frame 1/522, Score 9.619, Time 0.744
Frame 2/522, Score 9.516, Time 0.802
Frame 3/522, Score 9.220, Time 0.784
Frame 4/522, Score 9.637, Time 0.828
Frame 5/522, Score 9.438, Time 0.780
Frame 6/522, Score 10.030, Time 0.750
Frame 7/522, Score 8.966, Time 0.764
Frame 8/522, Score 9.339, Time 0.765
Frame 9/522, Score 9.612, Time 0.850
Frame 10/522, Score 9.194, Time 1.983
Frame 11/522, Score 11.049, Time 0.767
Frame 12/522, Score 10.768, Time 0.788
Frame 13/522, Score 10.812, Time 0.774
Frame 14/522, Score 10.609, Time 0.772
Frame 15/522, Score 10.307, Time 0.763
Frame 16/522, Score 11.206, Time 0.769
Frame 17/522, Score 10.399, Time 0.732
Frame 18/522, Score 10.881, Time 0.730
Frame 19/522, Score 10.856, Time 0.772
Frame 20/522, Score 9.934, Time 2.090
Frame 21/522, Score 13.477, Time 0.727
Frame 22/522, Score 13.338, Time 0.790
Frame 23/522, Score 13.457, Time 0.903
Frame 24/522, Score 12.848, Time 0.767
Frame 25/522, Score 12.002, Time 0.801
Frame 26/522, Score 13.885, Time 0.804
Frame 27/522, Score 13.284, Time 0.762
Frame 28/522, Score 13.714, Time 0.766
Frame 29/522, Score 13.659, Time 0.804
Frame 30/522, Score 13.468, Time 1.955
Frame 31/522, Score 13.923, Time 0.721
Frame 32/522, Score 13.644, Time 0.712
Frame 33/522, Score 13.126, Time 0.740
Frame 34/522, Score 13.815, Time 0.784
Frame 35/522, Score 13.598, Time 0.759
Frame 36/522, Score 13.399, Time 1.004
Frame 37/522, Score 13.618, Time 0.721
Frame 38/522, Score 13.724, Time 0.709
Frame 39/522, Score 13.346, Time 0.725
Frame 40/522, Score 13.237, Time 1.964
Frame 41/522, Score 13.351, Time 0.861
Frame 42/522, Score 13.574, Time 0.882
Frame 43/522, Score 13.572, Time 0.751
Frame 44/522, Score 13.993, Time 0.773
Frame 45/522, Score 13.495, Time 0.758
Frame 46/522, Score 13.500, Time 0.736
Frame 47/522, Score 13.275, Time 0.712
Frame 48/522, Score 12.515, Time 0.711
Frame 49/522, Score 12.988, Time 0.738
Frame 50/522, Score 12.485, Time 1.851
Frame 51/522, Score 12.321, Time 0.748
Frame 52/522, Score 12.964, Time 0.716
Frame 53/522, Score 12.839, Time 0.723
Frame 54/522, Score 12.423, Time 0.714
Frame 55/522, Score 12.666, Time 0.741
Frame 56/522, Score 12.635, Time 0.703
Frame 57/522, Score 12.335, Time 0.713
Frame 58/522, Score 12.182, Time 0.698
Frame 59/522, Score 12.391, Time 0.713
Frame 60/522, Score 12.377, Time 1.883
Frame 61/522, Score 13.152, Time 0.718
Frame 62/522, Score 13.101, Time 0.804
Frame 63/522, Score 13.580, Time 0.756
Frame 64/522, Score 13.122, Time 0.749
Frame 65/522, Score 13.171, Time 0.768
Frame 66/522, Score 13.846, Time 0.699
Frame 67/522, Score 14.454, Time 0.752
Frame 68/522, Score 14.247, Time 0.777
Frame 69/522, Score 14.250, Time 0.752
Frame 70/522, Score 14.826, Time 1.984
Frame 71/522, Score 14.526, Time 0.789
Frame 72/522, Score 14.488, Time 0.738
Frame 73/522, Score 14.229, Time 0.759
Frame 74/522, Score 14.250, Time 0.781
Frame 75/522, Score 14.391, Time 0.729
Frame 76/522, Score 14.991, Time 0.724
Frame 77/522, Score 15.375, Time 0.708
Frame 78/522, Score 13.782, Time 0.751
Frame 79/522, Score 14.768, Time 0.760
Frame 80/522, Score 14.842, Time 1.899
Frame 81/522, Score 15.291, Time 0.756
Frame 82/522, Score 15.025, Time 0.736
Frame 83/522, Score 14.522, Time 0.731
Frame 84/522, Score 15.189, Time 0.750
Frame 85/522, Score 15.297, Time 0.730
Frame 86/522, Score 15.228, Time 0.743
Frame 87/522, Score 15.547, Time 0.969
Frame 88/522, Score 15.666, Time 0.731
Frame 89/522, Score 15.739, Time 0.722
Frame 90/522, Score 15.411, Time 1.949
Frame 91/522, Score 15.601, Time 0.737
Frame 92/522, Score 15.506, Time 0.757
Frame 93/522, Score 15.606, Time 0.753
Frame 94/522, Score 15.514, Time 0.731
Frame 95/522, Score 15.390, Time 0.728
Frame 96/522, Score 14.912, Time 0.769
Frame 97/522, Score 14.537, Time 0.792
Frame 98/522, Score 14.384, Time 0.816
Frame 99/522, Score 14.141, Time 0.771
Frame 100/522, Score 14.382, Time 1.992
Frame 101/522, Score 13.619, Time 0.789
Frame 102/522, Score 13.903, Time 0.727
Frame 103/522, Score 13.686, Time 0.767
Frame 104/522, Score 13.906, Time 0.758
Frame 105/522, Score 13.897, Time 0.814
Frame 106/522, Score 13.133, Time 0.757
Frame 107/522, Score 13.369, Time 0.773
Frame 108/522, Score 13.553, Time 0.737
Frame 109/522, Score 12.940, Time 0.757
Frame 110/522, Score 13.275, Time 1.968
Frame 111/522, Score 13.705, Time 0.743
Frame 112/522, Score 11.833, Time 0.745
Frame 113/522, Score 13.222, Time 0.792
Frame 114/522, Score 12.562, Time 0.754
Frame 115/522, Score 12.368, Time 0.722
Frame 116/522, Score 12.326, Time 0.732
Frame 117/522, Score 11.400, Time 0.842
Frame 118/522, Score 11.649, Time 0.769
Frame 119/522, Score 11.522, Time 0.980
Frame 120/522, Score 12.319, Time 2.082
Frame 121/522, Score 10.908, Time 0.757
Frame 122/522, Score 12.196, Time 1.142
Frame 123/522, Score 11.912, Time 0.738
Frame 124/522, Score 12.366, Time 0.710
Frame 125/522, Score 12.031, Time 0.757
Frame 126/522, Score 12.229, Time 0.791
Frame 127/522, Score 11.998, Time 0.775
Frame 128/522, Score 11.910, Time 0.729
Frame 129/522, Score 11.641, Time 0.722
Frame 130/522, Score 12.247, Time 2.083
Frame 131/522, Score 12.935, Time 0.777
Frame 132/522, Score 12.171, Time 0.761
Frame 133/522, Score 12.193, Time 0.722
Frame 134/522, Score 12.037, Time 0.725
Frame 135/522, Score 12.310, Time 0.716
Frame 136/522, Score 11.438, Time 0.723
Frame 137/522, Score 10.983, Time 0.789
Frame 138/522, Score 11.058, Time 0.774
Frame 139/522, Score 11.442, Time 0.746
Frame 140/522, Score 10.719, Time 2.205
Frame 141/522, Score 12.987, Time 0.784
Frame 142/522, Score 12.940, Time 0.736
Frame 143/522, Score 12.674, Time 0.744
Frame 144/522, Score 12.676, Time 0.711
Frame 145/522, Score 12.438, Time 0.717
Frame 146/522, Score 12.386, Time 0.750
Frame 147/522, Score 13.107, Time 0.754
Frame 148/522, Score 13.560, Time 0.797
Frame 149/522, Score 12.987, Time 0.778
Frame 150/522, Score 13.799, Time 2.032
Frame 151/522, Score 13.371, Time 0.793
Frame 152/522, Score 12.815, Time 1.207
Frame 153/522, Score 13.003, Time 0.846
Frame 154/522, Score 12.654, Time 0.818
Frame 155/522, Score 12.733, Time 0.818
Frame 156/522, Score 13.752, Time 0.739
Frame 157/522, Score 13.383, Time 0.776
Frame 158/522, Score 13.472, Time 0.727
Frame 159/522, Score 13.479, Time 0.786
Frame 160/522, Score 13.547, Time 1.966
Frame 161/522, Score 12.968, Time 0.768
Frame 162/522, Score 12.686, Time 0.729
Frame 163/522, Score 12.410, Time 0.757
Frame 164/522, Score 12.927, Time 0.824
Frame 165/522, Score 12.968, Time 0.744
Frame 166/522, Score 12.883, Time 0.786
Frame 167/522, Score 12.026, Time 0.777
Frame 168/522, Score 12.774, Time 0.746
Frame 169/522, Score 11.718, Time 0.776
Frame 170/522, Score 13.001, Time 2.036
Frame 171/522, Score 11.074, Time 0.755
Frame 172/522, Score 12.441, Time 0.719
Frame 173/522, Score 11.633, Time 0.713
Frame 174/522, Score 12.216, Time 0.741
Frame 175/522, Score 10.383, Time 0.778
Frame 176/522, Score 11.836, Time 0.734
Frame 177/522, Score 11.806, Time 0.786
Frame 178/522, Score 11.749, Time 0.714
Frame 179/522, Score 11.170, Time 0.729
Frame 180/522, Score 11.675, Time 2.178
Frame 181/522, Score 12.259, Time 0.771
Frame 182/522, Score 12.770, Time 0.790
Frame 183/522, Score 12.441, Time 0.736
Frame 184/522, Score 12.828, Time 0.754
Frame 185/522, Score 12.044, Time 0.714
Frame 186/522, Score 12.829, Time 0.745
Frame 187/522, Score 12.094, Time 0.864
Frame 188/522, Score 12.593, Time 0.827
Frame 189/522, Score 12.185, Time 0.739
Frame 190/522, Score 11.984, Time 1.950
Frame 191/522, Score 14.072, Time 0.738
Frame 192/522, Score 14.034, Time 0.723
Frame 193/522, Score 13.775, Time 0.724
Frame 194/522, Score 13.498, Time 1.102
Frame 195/522, Score 13.870, Time 0.793
Frame 196/522, Score 13.345, Time 0.804
Frame 197/522, Score 13.541, Time 0.745
Frame 198/522, Score 13.366, Time 0.753
Frame 199/522, Score 13.468, Time 0.713
Frame 200/522, Score 12.403, Time 1.951
Frame 201/522, Score 14.635, Time 0.788
Frame 202/522, Score 15.359, Time 0.781
Frame 203/522, Score 15.764, Time 0.791
Frame 204/522, Score 15.247, Time 0.743
Frame 205/522, Score 15.905, Time 0.753
Frame 206/522, Score 15.372, Time 0.713
Frame 207/522, Score 15.461, Time 0.754
Frame 208/522, Score 15.028, Time 0.743
Frame 209/522, Score 15.136, Time 0.711
Frame 210/522, Score 14.927, Time 1.856
Frame 211/522, Score 12.980, Time 0.749
Frame 212/522, Score 13.195, Time 0.734
Frame 213/522, Score 12.880, Time 0.707
Frame 214/522, Score 12.592, Time 0.759
Frame 215/522, Score 12.816, Time 0.760
Frame 216/522, Score 11.902, Time 0.752
Frame 217/522, Score 13.220, Time 0.791
Frame 218/522, Score 13.790, Time 0.752
Frame 219/522, Score 13.056, Time 0.724
Frame 220/522, Score 13.322, Time 1.936
Frame 221/522, Score 10.693, Time 0.809
Frame 222/522, Score 10.846, Time 0.730
Frame 223/522, Score 10.842, Time 0.710
Frame 224/522, Score 10.480, Time 0.719
Frame 225/522, Score 10.635, Time 0.742
Frame 226/522, Score 11.693, Time 0.693
Frame 227/522, Score 12.023, Time 0.730
Frame 228/522, Score 12.091, Time 0.707
Frame 229/522, Score 11.786, Time 0.709
Frame 230/522, Score 11.485, Time 1.895
Frame 231/522, Score 11.972, Time 0.762
Frame 232/522, Score 11.601, Time 0.951
Frame 233/522, Score 11.175, Time 0.791
Frame 234/522, Score 10.853, Time 0.786
Frame 235/522, Score 10.494, Time 0.802
Frame 236/522, Score 11.008, Time 0.886
Frame 237/522, Score 10.242, Time 0.866
Frame 238/522, Score 10.997, Time 1.055
Frame 239/522, Score 10.445, Time 0.741
Frame 240/522, Score 10.737, Time 1.971
Frame 241/522, Score 9.194, Time 0.802
Frame 242/522, Score 9.134, Time 0.768
Frame 243/522, Score 9.177, Time 0.735
Frame 244/522, Score 9.328, Time 0.719
Frame 245/522, Score 8.840, Time 0.718
Frame 246/522, Score 9.221, Time 0.714
Frame 247/522, Score 8.655, Time 0.728
Frame 248/522, Score 8.548, Time 0.728
Frame 249/522, Score 9.029, Time 0.763
Frame 250/522, Score 8.842, Time 2.006
Frame 251/522, Score 8.646, Time 0.744
Frame 252/522, Score 8.971, Time 0.726
Frame 253/522, Score 9.018, Time 0.713
Frame 254/522, Score 9.374, Time 0.767
Frame 255/522, Score 9.263, Time 0.740
Frame 256/522, Score 9.204, Time 0.716
Frame 257/522, Score 9.584, Time 0.742
Frame 258/522, Score 9.381, Time 0.751
Frame 259/522, Score 9.602, Time 0.735
Frame 260/522, Score 9.880, Time 1.892
Frame 261/522, Score 11.211, Time 0.740
Frame 262/522, Score 11.809, Time 0.696
Frame 263/522, Score 11.385, Time 0.703
Frame 264/522, Score 11.735, Time 0.808
Frame 265/522, Score 11.482, Time 0.866
Frame 266/522, Score 12.706, Time 0.868
Frame 267/522, Score 12.559, Time 0.877
Frame 268/522, Score 12.502, Time 0.885
Frame 269/522, Score 12.109, Time 0.893
Frame 270/522, Score 12.579, Time 2.110
Frame 271/522, Score 14.879, Time 0.895
Frame 272/522, Score 14.076, Time 0.862
Frame 273/522, Score 14.961, Time 0.879
Frame 274/522, Score 15.139, Time 0.903
Frame 275/522, Score 14.513, Time 0.901
Frame 276/522, Score 14.424, Time 0.864
Frame 277/522, Score 14.337, Time 0.855
Frame 278/522, Score 14.407, Time 0.818
Frame 279/522, Score 14.390, Time 0.889
Frame 280/522, Score 14.677, Time 2.155
Frame 281/522, Score 15.150, Time 0.816
Frame 282/522, Score 15.381, Time 0.791
Frame 283/522, Score 15.079, Time 0.808
Frame 284/522, Score 14.322, Time 0.802
Frame 285/522, Score 14.904, Time 0.724
Frame 286/522, Score 15.212, Time 0.746
Frame 287/522, Score 15.269, Time 0.752
Frame 288/522, Score 14.768, Time 0.781
Frame 289/522, Score 13.168, Time 0.746
Frame 290/522, Score 13.160, Time 1.892
Frame 291/522, Score 12.050, Time 0.754
Frame 292/522, Score 11.419, Time 0.725
Frame 293/522, Score 11.386, Time 0.743
Frame 294/522, Score 11.320, Time 0.703
Frame 295/522, Score 11.266, Time 0.725
Frame 296/522, Score 11.245, Time 0.720
Frame 297/522, Score 10.988, Time 0.769
Frame 298/522, Score 10.461, Time 0.742
Frame 299/522, Score 9.874, Time 0.773
Frame 300/522, Score 9.803, Time 1.895
Frame 301/522, Score 10.304, Time 0.744
Frame 302/522, Score 10.129, Time 0.739
Frame 303/522, Score 10.228, Time 0.709
Frame 304/522, Score 10.280, Time 0.703
Frame 305/522, Score 9.779, Time 0.721
Frame 306/522, Score 10.411, Time 0.770
Frame 307/522, Score 10.529, Time 0.745
Frame 308/522, Score 10.742, Time 0.872
Frame 309/522, Score 11.605, Time 0.804
Frame 310/522, Score 11.551, Time 1.917
Frame 311/522, Score 12.906, Time 0.735
Frame 312/522, Score 12.762, Time 0.680
Frame 313/522, Score 12.940, Time 0.714
Frame 314/522, Score 12.557, Time 0.718
Frame 315/522, Score 13.101, Time 0.747
Frame 316/522, Score 12.638, Time 0.774
Frame 317/522, Score 12.613, Time 0.821
Frame 318/522, Score 13.315, Time 0.743
Frame 319/522, Score 13.812, Time 0.703
Frame 320/522, Score 14.786, Time 1.891
Frame 321/522, Score 14.208, Time 0.791
Frame 322/522, Score 14.022, Time 0.721
Frame 323/522, Score 14.011, Time 0.741
Frame 324/522, Score 14.136, Time 0.718
Frame 325/522, Score 13.558, Time 0.726
Frame 326/522, Score 14.341, Time 0.774
Frame 327/522, Score 14.743, Time 0.732
Frame 328/522, Score 14.668, Time 0.695
Frame 329/522, Score 14.674, Time 1.036
Frame 330/522, Score 14.519, Time 1.901
Frame 331/522, Score 15.273, Time 0.735
Frame 332/522, Score 14.653, Time 0.716
Frame 333/522, Score 15.629, Time 0.731
Frame 334/522, Score 15.216, Time 0.722
Frame 335/522, Score 14.158, Time 0.794
Frame 336/522, Score 15.111, Time 0.710
Frame 337/522, Score 15.414, Time 0.718
Frame 338/522, Score 15.340, Time 0.737
Frame 339/522, Score 15.410, Time 0.757
Frame 340/522, Score 14.987, Time 1.892
Frame 341/522, Score 15.874, Time 0.791
Frame 342/522, Score 15.260, Time 0.742
Frame 343/522, Score 15.272, Time 0.803
Frame 344/522, Score 15.096, Time 0.750
Frame 345/522, Score 15.489, Time 0.707
Frame 346/522, Score 16.239, Time 0.710
Frame 347/522, Score 16.192, Time 0.770
Frame 348/522, Score 15.684, Time 0.712
Frame 349/522, Score 15.784, Time 0.713
Frame 350/522, Score 15.239, Time 1.989
Frame 351/522, Score 15.119, Time 0.762
Frame 352/522, Score 15.019, Time 0.700
Frame 353/522, Score 15.414, Time 0.734
Frame 354/522, Score 15.684, Time 0.813
Frame 355/522, Score 15.789, Time 0.707
Frame 356/522, Score 15.594, Time 0.733
Frame 357/522, Score 16.604, Time 0.756
Frame 358/522, Score 16.092, Time 0.732
Frame 359/522, Score 17.124, Time 0.707
Frame 360/522, Score 17.116, Time 1.856
Frame 361/522, Score 16.332, Time 0.760
Frame 362/522, Score 15.519, Time 0.717
Frame 363/522, Score 15.151, Time 0.745
Frame 364/522, Score 15.039, Time 0.757
Frame 365/522, Score 14.789, Time 0.773
Frame 366/522, Score 14.904, Time 0.717
Frame 367/522, Score 13.388, Time 0.702
Frame 368/522, Score 13.528, Time 0.710
Frame 369/522, Score 12.957, Time 0.753
Frame 370/522, Score 12.961, Time 1.866
Frame 371/522, Score 12.086, Time 0.740
Frame 372/522, Score 12.014, Time 0.725
Frame 373/522, Score 12.565, Time 0.749
Frame 374/522, Score 12.201, Time 0.716
Frame 375/522, Score 11.093, Time 0.703
Frame 376/522, Score 11.552, Time 0.736
Frame 377/522, Score 11.314, Time 0.767
Frame 378/522, Score 11.467, Time 0.752
Frame 379/522, Score 11.506, Time 0.727
Frame 380/522, Score 11.082, Time 1.832
Frame 381/522, Score 11.574, Time 0.756
Frame 382/522, Score 10.798, Time 0.716
Frame 383/522, Score 11.685, Time 0.701
Frame 384/522, Score 11.209, Time 0.689
Frame 385/522, Score 10.703, Time 0.718
Frame 386/522, Score 11.362, Time 0.692
Frame 387/522, Score 11.098, Time 0.713
Frame 388/522, Score 11.664, Time 0.712
Frame 389/522, Score 11.973, Time 0.778
Frame 390/522, Score 12.312, Time 1.890
Frame 391/522, Score 11.677, Time 0.759
Frame 392/522, Score 11.797, Time 0.778
Frame 393/522, Score 11.559, Time 0.700
Frame 394/522, Score 10.945, Time 0.692
Frame 395/522, Score 11.666, Time 0.715
Frame 396/522, Score 11.756, Time 0.725
Frame 397/522, Score 12.674, Time 0.712
Frame 398/522, Score 12.179, Time 0.687
Frame 399/522, Score 11.191, Time 0.696
Frame 400/522, Score 11.621, Time 2.047
Frame 401/522, Score 10.819, Time 0.789
Frame 402/522, Score 11.746, Time 0.767
Frame 403/522, Score 11.813, Time 0.717
Frame 404/522, Score 11.805, Time 0.704
Frame 405/522, Score 11.395, Time 0.703
Frame 406/522, Score 11.320, Time 0.724
Frame 407/522, Score 11.072, Time 0.735
Frame 408/522, Score 11.432, Time 0.779
Frame 409/522, Score 11.620, Time 0.714
Frame 410/522, Score 11.402, Time 1.830
Frame 411/522, Score 10.131, Time 0.740
Frame 412/522, Score 10.605, Time 0.753
Frame 413/522, Score 9.989, Time 0.727
Frame 414/522, Score 10.013, Time 0.765
Frame 415/522, Score 10.516, Time 0.703
Frame 416/522, Score 10.441, Time 0.704
Frame 417/522, Score 11.011, Time 0.735
Frame 418/522, Score 12.138, Time 0.699
Frame 419/522, Score 11.923, Time 0.715
Frame 420/522, Score 11.977, Time 1.980
Frame 421/522, Score 13.559, Time 0.751
Frame 422/522, Score 13.443, Time 0.737
Frame 423/522, Score 13.236, Time 0.726
Frame 424/522, Score 13.953, Time 0.702
Frame 425/522, Score 13.487, Time 0.740
Frame 426/522, Score 13.309, Time 0.753
Frame 427/522, Score 13.712, Time 0.770
Frame 428/522, Score 12.264, Time 0.688
Frame 429/522, Score 13.294, Time 0.738
Frame 430/522, Score 12.964, Time 1.870
Frame 431/522, Score 14.875, Time 0.728
Frame 432/522, Score 14.856, Time 0.735
Frame 433/522, Score 13.508, Time 0.717
Frame 434/522, Score 13.961, Time 0.693
Frame 435/522, Score 13.194, Time 0.720
Frame 436/522, Score 12.429, Time 0.763
Frame 437/522, Score 12.824, Time 0.710
Frame 438/522, Score 11.753, Time 0.758
Frame 439/522, Score 12.034, Time 0.708
Frame 440/522, Score 10.689, Time 2.094
Frame 441/522, Score 11.684, Time 0.762
Frame 442/522, Score 11.937, Time 0.744
Frame 443/522, Score 11.832, Time 0.713
Frame 444/522, Score 11.536, Time 0.739
Frame 445/522, Score 10.517, Time 0.730
Frame 446/522, Score 11.760, Time 0.704
Frame 447/522, Score 11.728, Time 0.722
Frame 448/522, Score 11.342, Time 0.721
Frame 449/522, Score 11.974, Time 0.757
Frame 450/522, Score 11.585, Time 1.984
Frame 451/522, Score 12.909, Time 0.801
Frame 452/522, Score 12.563, Time 0.697
Frame 453/522, Score 11.309, Time 0.706
Frame 454/522, Score 13.553, Time 0.700
Frame 455/522, Score 14.051, Time 0.745
Frame 456/522, Score 13.411, Time 0.703
Frame 457/522, Score 12.655, Time 0.704
Frame 458/522, Score 13.325, Time 0.721
Frame 459/522, Score 12.887, Time 0.713
Frame 460/522, Score 13.144, Time 1.886
Frame 461/522, Score 11.479, Time 0.789
Frame 462/522, Score 11.013, Time 0.757
Frame 463/522, Score 11.398, Time 0.711
Frame 464/522, Score 11.578, Time 0.746
Frame 465/522, Score 10.419, Time 0.709
Frame 466/522, Score 10.605, Time 0.699
Frame 467/522, Score 10.167, Time 0.746
Frame 468/522, Score 9.771, Time 0.819
Frame 469/522, Score 10.005, Time 0.843
Frame 470/522, Score 9.814, Time 1.858
Frame 471/522, Score 10.737, Time 0.785
Frame 472/522, Score 9.706, Time 0.724
Frame 473/522, Score 9.817, Time 0.730
Frame 474/522, Score 9.497, Time 0.712
Frame 475/522, Score 9.562, Time 0.722
Frame 476/522, Score 9.576, Time 0.792
Frame 477/522, Score 9.711, Time 0.720
Frame 478/522, Score 9.778, Time 0.706
Frame 479/522, Score 9.505, Time 0.724
Frame 480/522, Score 9.301, Time 1.908
Frame 481/522, Score 11.710, Time 0.778
Frame 482/522, Score 11.725, Time 0.729
Frame 483/522, Score 12.092, Time 0.723
Frame 484/522, Score 12.201, Time 0.720
Frame 485/522, Score 12.058, Time 0.742
Frame 486/522, Score 11.750, Time 0.750
Frame 487/522, Score 11.305, Time 0.697
Frame 488/522, Score 11.968, Time 0.720
Frame 489/522, Score 11.741, Time 0.733
Frame 490/522, Score 11.543, Time 1.951
Frame 491/522, Score 9.484, Time 0.785
Frame 492/522, Score 9.508, Time 0.729
Frame 493/522, Score 9.362, Time 0.772
Frame 494/522, Score 9.026, Time 0.814
Frame 495/522, Score 9.547, Time 0.716
Frame 496/522, Score 10.050, Time 0.713
Frame 497/522, Score 9.696, Time 0.752
Frame 498/522, Score 9.588, Time 0.716
Frame 499/522, Score 10.604, Time 0.781
Frame 500/522, Score 10.415, Time 1.926
Frame 501/522, Score 12.587, Time 0.758
Frame 502/522, Score 11.714, Time 0.707
Frame 503/522, Score 11.925, Time 0.709
Frame 504/522, Score 11.138, Time 0.705
Frame 505/522, Score 11.199, Time 0.760
Frame 506/522, Score 10.935, Time 0.781
Frame 507/522, Score 10.520, Time 0.734
Frame 508/522, Score 10.591, Time 0.750
Frame 509/522, Score 11.516, Time 0.842
Frame 510/522, Score 10.856, Time 1.912
Frame 511/522, Score 11.470, Time 0.889
Frame 512/522, Score 11.724, Time 0.752
Frame 513/522, Score 12.046, Time 0.701
Frame 514/522, Score 12.137, Time 0.805
Frame 515/522, Score 11.559, Time 0.880
Frame 516/522, Score 11.991, Time 0.749
Frame 517/522, Score 11.937, Time 0.712
Frame 518/522, Score 11.918, Time 0.773
Frame 519/522, Score 11.658, Time 0.879
Frame 520/522, Score 11.740, Time 1.973
Frame 521/522, Score 11.471, Time 1.069
results/20210812_JamesWithShark2_1_0.json
Dealing with mdnet_input/20210812_JamesWithShark2/20210812_JamesWithShark2_human_0.json
Traceback (most recent call last):
  File "tracking/run_tracker.py", line 325, in <module>
    result, result_bb, fps = run_mdnet(img_list, init_bbox, gt=gt, savefig_dir=savefig_dir, display=display)
  File "tracking/run_tracker.py", line 146, in run_mdnet
    pos_feats = forward_samples(model, image, pos_examples)
  File "tracking/run_tracker.py", line 38, in forward_samples
    return feats
UnboundLocalError: local variable 'feats' referenced before assignment
Dealing with mdnet_input/20210812_JamesWithShark2/20210812_JamesWithShark2_shark_0.json
Frame 1/522, Score 2.167, Time 0.724
Frame 2/522, Score 2.439, Time 0.730
Frame 3/522, Score 2.415, Time 0.727
Frame 4/522, Score 2.290, Time 0.785
Frame 5/522, Score 2.106, Time 0.698
Frame 6/522, Score 2.197, Time 0.729
Frame 7/522, Score 2.036, Time 0.743
Frame 8/522, Score 2.135, Time 0.751
Frame 9/522, Score 1.799, Time 0.730
Frame 10/522, Score 1.933, Time 1.910
Frame 11/522, Score 4.798, Time 0.828
Frame 12/522, Score 4.762, Time 0.756
Frame 13/522, Score 4.780, Time 0.731
Frame 14/522, Score 4.744, Time 0.729
Frame 15/522, Score 4.658, Time 0.722
Frame 16/522, Score 4.834, Time 0.772
Frame 17/522, Score 4.818, Time 0.718
Frame 18/522, Score 4.705, Time 0.717
Frame 19/522, Score 4.820, Time 0.700
Frame 20/522, Score 4.704, Time 1.843
Frame 21/522, Score 5.773, Time 0.729
Frame 22/522, Score 5.718, Time 0.700
Frame 23/522, Score 5.752, Time 0.740
Frame 24/522, Score 5.775, Time 0.724
Frame 25/522, Score 5.742, Time 0.683
Frame 26/522, Score 5.528, Time 0.710
Frame 27/522, Score 5.659, Time 0.746
Frame 28/522, Score 5.715, Time 0.751
Frame 29/522, Score 5.712, Time 0.689
Frame 30/522, Score 5.357, Time 1.830
Frame 31/522, Score 5.621, Time 0.719
Frame 32/522, Score 5.640, Time 0.736
Frame 33/522, Score 5.596, Time 0.794
Frame 34/522, Score 5.580, Time 0.720
Frame 35/522, Score 5.508, Time 0.719
Frame 36/522, Score 5.265, Time 0.682
Frame 37/522, Score 5.228, Time 0.713
Frame 38/522, Score 5.394, Time 0.735
Frame 39/522, Score 3.418, Time 0.760
Frame 40/522, Score 4.077, Time 1.921
Frame 41/522, Score 2.190, Time 0.748
Frame 42/522, Score 1.903, Time 0.721
Frame 43/522, Score 2.200, Time 0.681
Frame 44/522, Score 4.029, Time 0.731
Frame 45/522, Score 4.024, Time 0.709
Frame 46/522, Score 4.398, Time 0.706
Frame 47/522, Score 4.700, Time 0.723
Frame 48/522, Score 4.712, Time 0.689
Frame 49/522, Score 5.144, Time 0.702
Frame 50/522, Score 4.760, Time 1.838
Frame 51/522, Score 5.351, Time 0.710
Frame 52/522, Score 5.605, Time 0.740
Frame 53/522, Score 5.582, Time 0.723
Frame 54/522, Score 5.893, Time 0.721
Frame 55/522, Score 5.439, Time 0.710
Frame 56/522, Score 5.579, Time 0.743
Frame 57/522, Score 5.341, Time 0.694
Frame 58/522, Score 5.443, Time 0.695
Frame 59/522, Score 4.735, Time 0.676
Frame 60/522, Score 4.589, Time 1.773
Frame 61/522, Score 3.828, Time 0.722
Frame 62/522, Score 3.545, Time 0.720
Frame 63/522, Score 3.434, Time 0.713
Frame 64/522, Score 3.686, Time 0.734
Frame 65/522, Score 3.438, Time 0.728
Frame 66/522, Score 3.693, Time 0.728
Frame 67/522, Score 3.477, Time 0.711
Frame 68/522, Score 2.963, Time 0.678
Frame 69/522, Score 3.232, Time 0.693
Frame 70/522, Score 3.500, Time 1.887
Frame 71/522, Score 4.046, Time 0.760
Frame 72/522, Score 4.089, Time 0.789
Frame 73/522, Score 3.755, Time 0.885
Frame 74/522, Score 4.201, Time 0.869
Frame 75/522, Score 4.493, Time 0.767
Frame 76/522, Score 5.037, Time 0.867
Frame 77/522, Score 4.088, Time 0.884
Frame 78/522, Score 3.706, Time 0.877
Frame 79/522, Score 4.440, Time 0.881
Frame 80/522, Score 4.571, Time 2.023
Frame 81/522, Score 2.670, Time 0.859
Frame 82/522, Score 2.832, Time 0.861
Frame 83/522, Score 3.562, Time 0.872
Frame 84/522, Score 4.478, Time 0.846
Frame 85/522, Score 4.022, Time 0.873
Frame 86/522, Score 4.316, Time 0.796
Frame 87/522, Score 4.433, Time 0.910
Frame 88/522, Score 4.044, Time 0.888
Frame 89/522, Score 4.751, Time 0.881
Frame 90/522, Score 4.857, Time 1.911
Frame 91/522, Score 4.957, Time 0.730
Frame 92/522, Score 4.579, Time 0.695
Frame 93/522, Score 1.530, Time 0.706
Frame 94/522, Score 1.280, Time 0.698
Frame 95/522, Score 2.563, Time 0.791
Frame 96/522, Score 4.144, Time 0.700
Frame 97/522, Score 4.628, Time 0.729
Frame 98/522, Score 2.616, Time 0.741
Frame 99/522, Score 1.912, Time 0.756
Frame 100/522, Score 1.879, Time 1.887
Frame 101/522, Score 3.593, Time 0.746
Frame 102/522, Score 6.192, Time 0.749
Frame 103/522, Score 6.277, Time 0.680
Frame 104/522, Score 6.158, Time 0.734
Frame 105/522, Score 6.226, Time 0.711
Frame 106/522, Score 6.342, Time 0.705
Frame 107/522, Score 6.090, Time 0.792
Frame 108/522, Score 5.767, Time 0.809
Frame 109/522, Score 6.078, Time 0.774
Frame 110/522, Score 5.610, Time 1.906
Frame 111/522, Score 5.694, Time 0.776
Frame 112/522, Score 5.345, Time 0.729
Frame 113/522, Score 4.558, Time 0.722
Frame 114/522, Score 5.916, Time 0.719
Frame 115/522, Score 5.820, Time 0.737
Frame 116/522, Score 4.179, Time 0.758
Frame 117/522, Score 5.340, Time 0.727
Frame 118/522, Score 5.432, Time 0.726
Frame 119/522, Score 4.826, Time 0.726
Frame 120/522, Score 4.813, Time 1.905
Frame 121/522, Score 4.960, Time 0.762
Frame 122/522, Score 5.021, Time 0.699
Frame 123/522, Score 4.800, Time 0.708
Frame 124/522, Score 3.914, Time 0.705
Frame 125/522, Score 2.877, Time 0.738
Frame 126/522, Score 2.425, Time 0.711
Frame 127/522, Score 4.822, Time 0.762
Frame 128/522, Score 4.612, Time 0.758
Frame 129/522, Score 4.050, Time 0.772
Frame 130/522, Score 4.141, Time 1.966
Frame 131/522, Score 4.324, Time 0.735
Frame 132/522, Score 3.919, Time 0.743
Frame 133/522, Score 2.906, Time 0.759
Frame 134/522, Score 1.950, Time 0.743
Frame 135/522, Score 1.878, Time 0.724
Frame 136/522, Score 3.080, Time 0.730
Frame 137/522, Score 3.603, Time 0.747
Frame 138/522, Score 3.328, Time 0.776
Frame 139/522, Score 2.628, Time 0.744
Frame 140/522, Score 1.766, Time 1.935
Frame 141/522, Score 3.141, Time 0.718
Frame 142/522, Score 4.081, Time 0.736
Frame 143/522, Score 4.180, Time 0.739
Frame 144/522, Score 4.719, Time 0.751
Frame 145/522, Score 4.299, Time 0.735
Frame 146/522, Score 4.056, Time 0.723
Frame 147/522, Score 2.834, Time 0.682
Frame 148/522, Score 3.848, Time 0.692
Frame 149/522, Score 4.000, Time 0.714
Frame 150/522, Score 3.856, Time 1.874
Frame 151/522, Score 4.714, Time 0.840
Frame 152/522, Score 4.973, Time 0.727
Frame 153/522, Score 5.096, Time 0.709
Frame 154/522, Score 5.613, Time 0.754
Frame 155/522, Score 5.841, Time 0.728
Frame 156/522, Score 5.449, Time 0.714
Frame 157/522, Score 5.664, Time 0.686
Frame 158/522, Score 5.557, Time 0.716
Frame 159/522, Score 4.975, Time 0.696
Frame 160/522, Score 4.969, Time 1.846
Frame 161/522, Score 5.498, Time 0.764
Frame 162/522, Score 5.535, Time 0.693
Frame 163/522, Score 0.441, Time 0.792
Frame 164/522, Score 2.771, Time 0.742
Frame 165/522, Score 5.434, Time 0.730
Frame 166/522, Score 2.695, Time 0.719
Frame 167/522, Score 5.619, Time 0.717
Frame 168/522, Score 5.616, Time 0.739
Frame 169/522, Score 5.434, Time 0.725
Frame 170/522, Score 4.699, Time 1.930
Frame 171/522, Score 4.593, Time 0.776
Frame 172/522, Score 4.005, Time 0.721
Frame 173/522, Score 3.331, Time 0.743
Frame 174/522, Score 3.493, Time 0.702
Frame 175/522, Score 4.269, Time 0.743
Frame 176/522, Score 2.708, Time 0.751
Frame 177/522, Score 4.348, Time 0.696
Frame 178/522, Score 4.557, Time 0.693
Frame 179/522, Score 5.482, Time 0.695
Frame 180/522, Score 5.384, Time 1.782
Frame 181/522, Score 6.485, Time 0.777
Frame 182/522, Score 5.642, Time 0.734
Frame 183/522, Score 5.986, Time 0.701
Frame 184/522, Score 5.887, Time 0.728
Frame 185/522, Score 5.739, Time 0.690
Frame 186/522, Score 5.811, Time 0.748
Frame 187/522, Score 5.644, Time 0.721
Frame 188/522, Score 6.019, Time 0.730
Frame 189/522, Score 6.167, Time 0.777
Frame 190/522, Score 6.567, Time 1.908
Frame 191/522, Score 6.003, Time 0.730
Frame 192/522, Score 6.104, Time 0.737
Frame 193/522, Score 5.312, Time 0.730
Frame 194/522, Score 4.660, Time 0.692
Frame 195/522, Score 5.204, Time 0.707
Frame 196/522, Score 5.443, Time 0.731
Frame 197/522, Score 5.232, Time 0.765
Frame 198/522, Score 4.913, Time 0.726
Frame 199/522, Score 4.682, Time 0.736
Frame 200/522, Score 6.152, Time 1.806
Frame 201/522, Score 5.478, Time 0.735
Frame 202/522, Score 5.610, Time 0.720
Frame 203/522, Score 6.000, Time 0.712
Frame 204/522, Score 5.581, Time 0.678
Frame 205/522, Score 5.615, Time 0.690
Frame 206/522, Score 6.275, Time 0.709
Frame 207/522, Score 6.475, Time 0.708
Frame 208/522, Score 5.294, Time 0.681
Frame 209/522, Score 5.933, Time 0.694
Frame 210/522, Score 5.596, Time 1.897
Frame 211/522, Score 6.486, Time 0.722
Frame 212/522, Score 5.559, Time 0.679
Frame 213/522, Score 5.117, Time 0.788
Frame 214/522, Score 5.784, Time 0.702
Frame 215/522, Score 5.261, Time 0.707
Frame 216/522, Score 5.495, Time 0.714
Frame 217/522, Score 4.870, Time 0.774
Frame 218/522, Score 4.779, Time 0.748
Frame 219/522, Score 4.451, Time 0.724
Frame 220/522, Score 4.780, Time 1.873
Frame 221/522, Score 4.999, Time 0.745
Frame 222/522, Score 4.714, Time 0.683
Frame 223/522, Score 4.388, Time 0.753
Frame 224/522, Score 5.132, Time 0.721
Frame 225/522, Score 5.896, Time 0.717
Frame 226/522, Score 5.221, Time 0.685
Frame 227/522, Score 4.743, Time 0.714
Frame 228/522, Score 5.290, Time 0.702
Frame 229/522, Score 4.818, Time 0.709
Frame 230/522, Score 3.789, Time 1.851
Frame 231/522, Score 4.323, Time 0.748
Frame 232/522, Score 4.335, Time 0.724
Frame 233/522, Score 4.644, Time 0.732
Frame 234/522, Score 4.184, Time 0.717
Frame 235/522, Score 2.560, Time 0.717
Frame 236/522, Score 2.079, Time 0.690
Frame 237/522, Score 1.350, Time 0.722
Frame 238/522, Score 1.826, Time 0.711
Frame 239/522, Score -0.573, Time 1.502
Frame 240/522, Score 5.250, Time 1.931
Frame 241/522, Score 6.625, Time 0.740
Frame 242/522, Score 5.424, Time 0.684
Frame 243/522, Score 4.618, Time 0.708
Frame 244/522, Score 4.295, Time 0.693
Frame 245/522, Score 5.401, Time 0.723
Frame 246/522, Score 6.807, Time 0.686
Frame 247/522, Score 8.188, Time 0.690
Frame 248/522, Score 7.095, Time 0.747
Frame 249/522, Score 5.680, Time 0.680
Frame 250/522, Score 5.901, Time 1.872
Frame 251/522, Score 6.033, Time 0.736
Frame 252/522, Score 5.130, Time 0.740
Frame 253/522, Score 5.457, Time 0.692
Frame 254/522, Score 5.379, Time 0.710
Frame 255/522, Score 4.353, Time 0.703
Frame 256/522, Score 5.155, Time 0.687
Frame 257/522, Score 4.544, Time 0.701
Frame 258/522, Score 4.540, Time 0.776
Frame 259/522, Score 4.023, Time 0.716
Frame 260/522, Score 4.282, Time 1.842
Frame 261/522, Score 3.924, Time 0.722
Frame 262/522, Score 4.375, Time 0.737
Frame 263/522, Score 5.057, Time 0.707
Frame 264/522, Score 4.773, Time 0.682
Frame 265/522, Score 5.908, Time 0.695
Frame 266/522, Score 5.919, Time 0.711
Frame 267/522, Score 5.703, Time 0.701
Frame 268/522, Score 4.956, Time 0.705
Frame 269/522, Score 5.995, Time 0.715
Frame 270/522, Score 6.066, Time 1.856
Frame 271/522, Score 6.847, Time 0.746
Frame 272/522, Score 7.347, Time 0.694
Frame 273/522, Score 6.151, Time 0.710
Frame 274/522, Score 5.539, Time 0.688
Frame 275/522, Score 6.710, Time 0.698
Frame 276/522, Score 6.150, Time 0.684
Frame 277/522, Score 4.572, Time 0.727
Frame 278/522, Score 5.889, Time 0.725
Frame 279/522, Score 5.869, Time 0.689
Frame 280/522, Score 6.033, Time 1.846
Frame 281/522, Score 5.485, Time 0.714
Frame 282/522, Score 5.340, Time 0.726
Frame 283/522, Score 5.862, Time 0.704
Frame 284/522, Score 5.839, Time 0.711
Frame 285/522, Score 5.933, Time 0.683
Frame 286/522, Score 6.808, Time 0.715
Frame 287/522, Score 7.549, Time 0.731
Frame 288/522, Score 7.387, Time 0.717
Frame 289/522, Score 7.451, Time 0.717
Frame 290/522, Score 7.410, Time 1.865
Frame 291/522, Score 6.901, Time 0.738
Frame 292/522, Score 6.931, Time 0.709
Frame 293/522, Score 6.493, Time 0.711
Frame 294/522, Score 6.597, Time 0.711
Frame 295/522, Score 6.763, Time 0.712
Frame 296/522, Score 6.379, Time 0.735
Frame 297/522, Score 7.340, Time 0.724
Frame 298/522, Score 6.780, Time 0.709
Frame 299/522, Score 7.345, Time 0.713
Frame 300/522, Score 6.672, Time 1.854
Frame 301/522, Score 7.671, Time 0.714
Frame 302/522, Score 7.072, Time 0.683
Frame 303/522, Score 7.710, Time 0.682
Frame 304/522, Score 7.585, Time 0.691
Frame 305/522, Score 7.922, Time 0.723
Frame 306/522, Score 7.851, Time 0.710
Frame 307/522, Score 7.726, Time 0.685
Frame 308/522, Score 8.437, Time 0.687
Frame 309/522, Score 7.853, Time 0.703
Frame 310/522, Score 8.040, Time 1.850
Frame 311/522, Score 7.194, Time 0.749
Frame 312/522, Score 7.534, Time 0.721
Frame 313/522, Score 7.173, Time 0.756
Frame 314/522, Score 7.581, Time 0.731
Frame 315/522, Score 7.222, Time 0.696
Frame 316/522, Score 6.563, Time 0.734
Frame 317/522, Score 7.981, Time 0.731
Frame 318/522, Score 7.860, Time 0.723
Frame 319/522, Score 8.217, Time 0.726
Frame 320/522, Score 8.440, Time 1.951
Frame 321/522, Score 8.124, Time 0.844
Frame 322/522, Score 8.410, Time 0.778
Frame 323/522, Score 8.327, Time 0.724
Frame 324/522, Score 7.932, Time 0.749
Frame 325/522, Score 8.375, Time 0.736
Frame 326/522, Score 7.490, Time 0.700
Frame 327/522, Score 7.668, Time 0.700
Frame 328/522, Score 7.723, Time 0.697
Frame 329/522, Score 7.805, Time 0.727
Frame 330/522, Score 7.901, Time 1.877
Frame 331/522, Score 7.360, Time 0.725
Frame 332/522, Score 7.080, Time 0.678
Frame 333/522, Score 7.089, Time 0.727
Frame 334/522, Score 6.980, Time 0.709
Frame 335/522, Score 7.172, Time 0.727
Frame 336/522, Score 7.500, Time 0.685
Frame 337/522, Score 6.842, Time 0.717
Frame 338/522, Score 5.897, Time 0.719
Frame 339/522, Score 7.363, Time 0.729
Frame 340/522, Score 7.358, Time 1.844
Frame 341/522, Score 4.760, Time 0.794
Frame 342/522, Score 4.565, Time 0.729
Frame 343/522, Score 4.861, Time 0.705
Frame 344/522, Score 4.159, Time 0.694
Frame 345/522, Score 4.417, Time 0.711
Frame 346/522, Score 4.822, Time 0.713
Frame 347/522, Score 5.044, Time 0.736
Frame 348/522, Score 4.881, Time 0.751
Frame 349/522, Score 4.681, Time 0.723
Frame 350/522, Score 5.322, Time 2.025
Frame 351/522, Score 4.198, Time 0.728
Frame 352/522, Score 5.135, Time 0.732
Frame 353/522, Score 5.895, Time 0.742
Frame 354/522, Score 6.146, Time 0.707
Frame 355/522, Score 5.724, Time 0.705
Frame 356/522, Score 5.473, Time 0.785
Frame 357/522, Score 5.936, Time 0.759
Frame 358/522, Score 5.650, Time 0.683
Frame 359/522, Score 4.514, Time 0.693
Frame 360/522, Score 4.553, Time 1.825
Frame 361/522, Score 5.315, Time 0.766
Frame 362/522, Score 4.524, Time 0.714
Frame 363/522, Score 5.372, Time 0.696
Frame 364/522, Score 5.297, Time 0.707
Frame 365/522, Score 6.841, Time 0.716
Frame 366/522, Score 5.792, Time 0.687
Frame 367/522, Score 6.163, Time 0.706
Frame 368/522, Score 6.263, Time 0.727
Frame 369/522, Score 6.723, Time 0.708
Frame 370/522, Score 6.275, Time 1.922
Frame 371/522, Score 6.006, Time 0.748
Frame 372/522, Score 4.862, Time 0.745
Frame 373/522, Score 4.528, Time 0.699
Frame 374/522, Score 4.902, Time 0.718
Frame 375/522, Score 4.929, Time 0.691
Frame 376/522, Score 5.916, Time 0.712
Frame 377/522, Score 4.950, Time 0.725
Frame 378/522, Score 4.976, Time 0.730
Frame 379/522, Score 5.650, Time 0.710
Frame 380/522, Score 5.693, Time 1.812
Frame 381/522, Score 5.737, Time 0.708
Frame 382/522, Score 5.662, Time 0.718
Frame 383/522, Score 5.603, Time 0.731
Frame 384/522, Score 5.714, Time 0.726
Frame 385/522, Score 6.131, Time 0.709
Frame 386/522, Score 5.853, Time 0.725
Frame 387/522, Score 6.230, Time 0.721
Frame 388/522, Score 5.747, Time 0.721
Frame 389/522, Score 6.018, Time 0.701
Frame 390/522, Score 5.447, Time 1.809
Frame 391/522, Score 4.625, Time 0.730
Frame 392/522, Score 4.592, Time 0.753
Frame 393/522, Score 3.941, Time 0.750
Frame 394/522, Score 1.086, Time 0.687
Frame 395/522, Score 0.218, Time 0.701
Frame 396/522, Score 0.926, Time 0.730
Frame 397/522, Score 1.893, Time 0.745
Frame 398/522, Score 0.365, Time 0.706
Frame 399/522, Score 1.502, Time 0.687
Frame 400/522, Score -0.482, Time 1.541
Frame 401/522, Score 2.991, Time 0.787
Frame 402/522, Score 2.765, Time 0.724
Frame 403/522, Score 2.050, Time 0.684
Frame 404/522, Score 1.648, Time 0.708
Frame 405/522, Score 1.068, Time 0.756
Frame 406/522, Score 1.009, Time 0.705
Frame 407/522, Score 1.240, Time 0.722
Frame 408/522, Score 0.706, Time 0.691
Frame 409/522, Score 1.081, Time 0.725
Frame 410/522, Score -0.609, Time 1.467
Frame 411/522, Score 1.317, Time 0.727
Frame 412/522, Score 2.106, Time 0.732
Frame 413/522, Score 1.458, Time 0.690
Frame 414/522, Score 2.104, Time 0.696
Frame 415/522, Score 1.757, Time 0.695
Frame 416/522, Score 1.341, Time 0.697
Frame 417/522, Score 0.070, Time 0.712
Frame 418/522, Score 0.293, Time 0.716
Frame 419/522, Score -0.297, Time 1.482
Frame 420/522, Score 2.224, Time 1.799
Frame 421/522, Score 1.182, Time 0.739
Frame 422/522, Score -1.547, Time 1.533
Frame 423/522, Score 0.523, Time 0.736
Frame 424/522, Score 1.029, Time 0.721
Frame 425/522, Score -1.764, Time 1.435
Frame 426/522, Score 2.842, Time 0.861
Frame 427/522, Score 1.194, Time 0.809
Frame 428/522, Score 1.076, Time 0.866
Frame 429/522, Score 0.145, Time 0.835
Frame 430/522, Score -0.004, Time 1.511
Frame 431/522, Score -1.289, Time 1.538
Frame 432/522, Score -0.857, Time 1.665
Frame 433/522, Score -1.558, Time 1.611
Frame 434/522, Score -0.338, Time 1.615
Frame 435/522, Score -2.370, Time 1.612
Frame 436/522, Score -4.248, Time 1.586
Frame 437/522, Score -3.430, Time 1.618
Frame 438/522, Score -3.352, Time 1.520
Frame 439/522, Score -4.886, Time 1.522
Frame 440/522, Score -4.510, Time 1.495
Frame 441/522, Score -4.846, Time 1.702
Frame 442/522, Score -3.951, Time 1.601
Frame 443/522, Score -4.387, Time 1.493
Frame 444/522, Score -4.362, Time 1.559
Frame 445/522, Score -5.048, Time 1.453
Frame 446/522, Score -3.878, Time 1.490
Frame 447/522, Score -4.713, Time 1.488
Frame 448/522, Score -5.656, Time 1.477
Frame 449/522, Score -6.284, Time 1.439
Frame 450/522, Score -5.358, Time 1.499
Frame 451/522, Score -5.294, Time 1.449
Frame 452/522, Score -4.956, Time 1.407
Frame 453/522, Score -1.264, Time 1.445
Frame 454/522, Score -4.263, Time 1.544
Frame 455/522, Score -4.096, Time 1.557
Frame 456/522, Score -6.842, Time 1.519
Frame 457/522, Score -4.481, Time 1.502
Frame 458/522, Score -5.285, Time 1.529
Frame 459/522, Score -4.604, Time 1.521
Frame 460/522, Score -5.542, Time 1.480
Frame 461/522, Score -5.112, Time 1.463
Frame 462/522, Score -5.320, Time 1.534
Frame 463/522, Score -6.604, Time 1.465
Frame 464/522, Score -4.976, Time 1.544
Frame 465/522, Score -6.136, Time 1.558
Frame 466/522, Score -5.854, Time 1.507
Frame 467/522, Score -7.435, Time 1.420
Frame 468/522, Score -5.103, Time 1.483
Frame 469/522, Score -6.630, Time 1.572
Frame 470/522, Score -6.811, Time 1.437
Frame 471/522, Score -6.210, Time 1.501
Frame 472/522, Score -5.970, Time 1.482
Frame 473/522, Score -5.609, Time 1.524
Frame 474/522, Score -4.066, Time 1.505
Frame 475/522, Score -5.825, Time 1.520
Frame 476/522, Score -5.608, Time 1.512
Frame 477/522, Score -6.186, Time 1.548
Frame 478/522, Score -4.971, Time 1.466
Frame 479/522, Score -4.939, Time 1.501
Frame 480/522, Score -5.097, Time 1.471
Frame 481/522, Score -4.198, Time 1.458
Frame 482/522, Score -3.450, Time 1.484
Frame 483/522, Score -5.154, Time 1.514
Frame 484/522, Score -6.570, Time 1.393
Frame 485/522, Score -6.182, Time 1.467
Frame 486/522, Score -6.023, Time 1.532
Frame 487/522, Score -7.418, Time 1.441
Frame 488/522, Score -6.936, Time 1.468
Frame 489/522, Score -8.229, Time 1.529
Frame 490/522, Score -4.264, Time 1.429
Frame 491/522, Score -6.888, Time 1.454
Frame 492/522, Score -7.576, Time 1.532
Frame 493/522, Score -8.646, Time 1.539
Frame 494/522, Score -7.068, Time 1.556
Frame 495/522, Score -6.900, Time 1.511
Frame 496/522, Score -6.593, Time 1.455
Frame 497/522, Score -6.831, Time 1.588
Frame 498/522, Score -7.645, Time 1.499
Frame 499/522, Score -7.546, Time 1.540
Frame 500/522, Score -8.215, Time 1.615
Frame 501/522, Score -7.485, Time 1.464
Frame 502/522, Score -7.964, Time 1.501
Frame 503/522, Score -6.237, Time 1.544
Frame 504/522, Score -7.293, Time 1.457
Frame 505/522, Score -6.578, Time 1.590
Frame 506/522, Score -5.965, Time 1.631
Frame 507/522, Score -6.829, Time 1.513
Frame 508/522, Score -5.093, Time 1.478
Frame 509/522, Score -4.555, Time 1.495
Frame 510/522, Score -5.035, Time 1.472
Frame 511/522, Score -3.105, Time 1.503
Frame 512/522, Score -2.492, Time 1.528
Frame 513/522, Score -1.594, Time 1.465
Frame 514/522, Score -5.178, Time 1.591
Frame 515/522, Score -4.586, Time 1.549
Frame 516/522, Score -4.305, Time 1.472
Frame 517/522, Score -4.442, Time 1.551
Frame 518/522, Score -4.850, Time 1.496
Frame 519/522, Score -3.568, Time 1.440
Frame 520/522, Score -4.291, Time 1.512
Frame 521/522, Score -4.239, Time 1.511
results/20210812_JamesWithShark2_shark_0.json
